#
# There is insufficient memory for the Java Runtime Environment to continue.
# Native memory allocation (malloc) failed to allocate 32744 bytes for ChunkPool::allocate
# Possible reasons:
#   The system is out of physical RAM or swap space
#   The process is running with CompressedOops enabled, and the Java Heap may be blocking the growth of the native heap
# Possible solutions:
#   Reduce memory load on the system
#   Increase physical memory or swap space
#   Check if swap backing store is full
#   Decrease Java heap size (-Xmx/-Xms)
#   Decrease number of Java threads
#   Decrease Java thread stack sizes (-Xss)
#   Set larger code cache with -XX:ReservedCodeCacheSize=
#   JVM is running with Unscaled Compressed Oops mode in which the Java heap is
#     placed in the first 4GB address space. The Java Heap base address is the
#     maximum limit for the native heap growth. Please use -XX:HeapBaseMinAddress
#     to set the Java Heap base and to place the Java Heap above 4GB virtual address.
# This output file may be truncated or incomplete.
#
#  Out of Memory Error (arena.cpp:79), pid=23196, tid=11108
#
# JRE version: OpenJDK Runtime Environment Temurin-17.0.9+9 (17.0.9+9) (build 17.0.9+9)
# Java VM: OpenJDK 64-Bit Server VM Temurin-17.0.9+9 (17.0.9+9, mixed mode, tiered, compressed oops, compressed class ptrs, parallel gc, windows-amd64)
# No core dump will be written. Minidumps are not enabled by default on client versions of Windows
#

---------------  S U M M A R Y ------------

Command Line: --add-modules=ALL-SYSTEM --add-opens=java.base/java.util=ALL-UNNAMED --add-opens=java.base/java.lang=ALL-UNNAMED --add-opens=java.base/sun.nio.fs=ALL-UNNAMED -Declipse.application=org.eclipse.jdt.ls.core.id1 -Dosgi.bundles.defaultStartLevel=4 -Declipse.product=org.eclipse.jdt.ls.core.product -Djava.import.generatesMetadataFilesAtProjectRoot=false -DDetectVMInstallationsJob.disabled=true -Dfile.encoding=utf8 -XX:+UseParallelGC -XX:GCTimeRatio=4 -XX:AdaptiveSizePolicyWeight=90 -Dsun.zip.disableMemoryMapping=true -Xmx1G -Xms100m -Xlog:disable -javaagent:c:\Users\Caelus\.vscode\extensions\redhat.java-1.25.1-win32-x64\lombok\lombok-1.18.30.jar -XX:+HeapDumpOnOutOfMemoryError -XX:HeapDumpPath=c:\Users\Caelus\AppData\Roaming\Code\User\workspaceStorage\e4dd59b8ace720ec1d68240b8080ed6d\redhat.java -Daether.dependencyCollector.impl=bf c:\Users\Caelus\.vscode\extensions\redhat.java-1.25.1-win32-x64\server\plugins\org.eclipse.equinox.launcher_1.6.600.v20231106-1826.jar -configuration c:\Users\Caelus\AppData\Roaming\Code\User\globalStorage\redhat.java\1.25.1\config_win -data c:\Users\Caelus\AppData\Roaming\Code\User\workspaceStorage\e4dd59b8ace720ec1d68240b8080ed6d\redhat.java\jdt_ws --stdio

Host: AMD Ryzen 7 5700G with Radeon Graphics         , 16 cores, 15G,  Windows 11 , 64 bit Build 22621 (10.0.22621.2506)
Time: Sat Jan  6 22:10:36 2024 Malay Peninsula Standard Time elapsed time: 1.960076 seconds (0d 0h 0m 1s)

---------------  T H R E A D  ---------------

Current thread (0x000002044edce820):  JavaThread "C2 CompilerThread0" daemon [_thread_in_native, id=11108, stack(0x0000000541d00000,0x0000000541e00000)]


Current CompileTask:
C2:   1960 4359       4       org.eclipse.core.internal.watson.ElementTreeIterator::doIteration (114 bytes)

Stack: [0x0000000541d00000,0x0000000541e00000]
Native frames: (J=compiled Java code, j=interpreted, Vv=VM code, C=native code)
V  [jvm.dll+0x67cf49]
V  [jvm.dll+0x83478a]
V  [jvm.dll+0x83624e]
V  [jvm.dll+0x8368b3]
V  [jvm.dll+0x247f1f]
V  [jvm.dll+0xac65c]
V  [jvm.dll+0xaca8c]
V  [jvm.dll+0x60e6cf]
V  [jvm.dll+0x60f5c2]
V  [jvm.dll+0x60db14]
V  [jvm.dll+0x21a428]
V  [jvm.dll+0x2199d1]
V  [jvm.dll+0x1a57cd]
V  [jvm.dll+0x2297ae]
V  [jvm.dll+0x22797c]
V  [jvm.dll+0x7e9877]
V  [jvm.dll+0x7e3c3a]
V  [jvm.dll+0x67be35]
C  [ucrtbase.dll+0x29363]
C  [KERNEL32.DLL+0x1257d]
C  [ntdll.dll+0x5aa58]


---------------  P R O C E S S  ---------------

Threads class SMR info:
_java_thread_list=0x00000204512ba690, length=31, elements={
0x0000020435bad270, 0x0000020449a3a0c0, 0x0000020449a3aa90, 0x000002044edc1e30,
0x000002044edc29f0, 0x000002044edc5c60, 0x000002044edca630, 0x000002044edce820,
0x000002044edcf220, 0x000002044edd2020, 0x000002044eede020, 0x000002044ef63eb0,
0x000002044ef83ea0, 0x000002044ef84600, 0x000002044ef6b440, 0x000002044ef6b960,
0x0000020450d50760, 0x00000204514048e0, 0x00000204517ed440, 0x00000204519f1770,
0x0000020451aa7c40, 0x0000020451bebdc0, 0x00000204518f3ff0, 0x0000020451f9d6d0,
0x00000204520f0580, 0x00000204520ee720, 0x00000204520ee210, 0x00000204520f0fa0,
0x00000204520eec30, 0x0000020452f4b3a0, 0x00000204520f14b0
}

Java Threads: ( => current thread )
  0x0000020435bad270 JavaThread "main" [_thread_in_vm, id=18816, stack(0x0000000541400000,0x0000000541500000)]
  0x0000020449a3a0c0 JavaThread "Reference Handler" daemon [_thread_blocked, id=13528, stack(0x0000000541700000,0x0000000541800000)]
  0x0000020449a3aa90 JavaThread "Finalizer" daemon [_thread_blocked, id=11432, stack(0x0000000541800000,0x0000000541900000)]
  0x000002044edc1e30 JavaThread "Signal Dispatcher" daemon [_thread_blocked, id=23192, stack(0x0000000541900000,0x0000000541a00000)]
  0x000002044edc29f0 JavaThread "Attach Listener" daemon [_thread_blocked, id=13340, stack(0x0000000541a00000,0x0000000541b00000)]
  0x000002044edc5c60 JavaThread "Service Thread" daemon [_thread_blocked, id=28156, stack(0x0000000541b00000,0x0000000541c00000)]
  0x000002044edca630 JavaThread "Monitor Deflation Thread" daemon [_thread_blocked, id=15980, stack(0x0000000541c00000,0x0000000541d00000)]
=>0x000002044edce820 JavaThread "C2 CompilerThread0" daemon [_thread_in_native, id=11108, stack(0x0000000541d00000,0x0000000541e00000)]
  0x000002044edcf220 JavaThread "C1 CompilerThread0" daemon [_thread_blocked, id=8036, stack(0x0000000541e00000,0x0000000541f00000)]
  0x000002044edd2020 JavaThread "Sweeper thread" daemon [_thread_blocked, id=29440, stack(0x0000000541f00000,0x0000000542000000)]
  0x000002044eede020 JavaThread "Common-Cleaner" daemon [_thread_blocked, id=16260, stack(0x0000000542000000,0x0000000542100000)]
  0x000002044ef63eb0 JavaThread "C1 CompilerThread1" daemon [_thread_blocked, id=12924, stack(0x0000000542100000,0x0000000542200000)]
  0x000002044ef83ea0 JavaThread "C1 CompilerThread2" daemon [_thread_blocked, id=11424, stack(0x0000000542200000,0x0000000542300000)]
  0x000002044ef84600 JavaThread "C1 CompilerThread3" daemon [_thread_blocked, id=24620, stack(0x0000000542300000,0x0000000542400000)]
  0x000002044ef6b440 JavaThread "C2 CompilerThread1" daemon [_thread_blocked, id=25544, stack(0x0000000542400000,0x0000000542500000)]
  0x000002044ef6b960 JavaThread "C2 CompilerThread2" daemon [_thread_in_native, id=29580, stack(0x0000000542500000,0x0000000542600000)]
  0x0000020450d50760 JavaThread "Notification Thread" daemon [_thread_blocked, id=9528, stack(0x0000000542600000,0x0000000542700000)]
  0x00000204514048e0 JavaThread "C2 CompilerThread3" daemon [_thread_in_native, id=7288, stack(0x0000000542800000,0x0000000542900000)]
  0x00000204517ed440 JavaThread "Active Thread: Equinox Container: 7cf2cefe-56c3-4cb1-bdfd-3207f2c2045a" [_thread_blocked, id=15076, stack(0x0000000542e00000,0x0000000542f00000)]
  0x00000204519f1770 JavaThread "Framework Event Dispatcher: Equinox Container: 7cf2cefe-56c3-4cb1-bdfd-3207f2c2045a" daemon [_thread_blocked, id=25144, stack(0x0000000542f00000,0x0000000543000000)]
  0x0000020451aa7c40 JavaThread "Start Level: Equinox Container: 7cf2cefe-56c3-4cb1-bdfd-3207f2c2045a" daemon [_thread_blocked, id=10724, stack(0x0000000543000000,0x0000000543100000)]
  0x0000020451bebdc0 JavaThread "Bundle File Closer" daemon [_thread_blocked, id=8384, stack(0x0000000543300000,0x0000000543400000)]
  0x00000204518f3ff0 JavaThread "SCR Component Actor" daemon [_thread_blocked, id=26352, stack(0x0000000543400000,0x0000000543500000)]
  0x0000020451f9d6d0 JavaThread "SCR Component Registry" daemon [_thread_blocked, id=19344, stack(0x0000000543700000,0x0000000543800000)]
  0x00000204520f0580 JavaThread "Worker-JM" [_thread_blocked, id=6896, stack(0x0000000543900000,0x0000000543a00000)]
  0x00000204520ee720 JavaThread "Worker-0" [_thread_blocked, id=26788, stack(0x0000000543b00000,0x0000000543c00000)]
  0x00000204520ee210 JavaThread "Worker-1" [_thread_blocked, id=12916, stack(0x0000000543c00000,0x0000000543d00000)]
  0x00000204520f0fa0 JavaThread "Java indexing" daemon [_thread_blocked, id=2816, stack(0x0000000543e00000,0x0000000543f00000)]
  0x00000204520eec30 JavaThread "JNA Cleaner" daemon [_thread_blocked, id=21912, stack(0x0000000543f00000,0x0000000544000000)]
  0x0000020452f4b3a0 JavaThread "C2 CompilerThread4" daemon [_thread_in_native, id=5752, stack(0x0000000544000000,0x0000000544100000)]
  0x00000204520f14b0 JavaThread "pool-2-thread-1" [_thread_blocked, id=16060, stack(0x0000000544100000,0x0000000544200000)]

Other Threads:
  0x0000020435c33230 VMThread "VM Thread" [stack: 0x0000000541600000,0x0000000541700000] [id=14508]
  0x0000020450d3d830 WatcherThread [stack: 0x0000000542700000,0x0000000542800000] [id=5888]
  0x0000020435bc2760 GCTaskThread "GC Thread#0" [stack: 0x0000000541500000,0x0000000541600000] [id=4252]
  0x00000204514f43c0 GCTaskThread "GC Thread#1" [stack: 0x0000000542900000,0x0000000542a00000] [id=8176]
  0x00000204512623d0 GCTaskThread "GC Thread#2" [stack: 0x0000000542a00000,0x0000000542b00000] [id=10220]
  0x0000020451262690 GCTaskThread "GC Thread#3" [stack: 0x0000000542b00000,0x0000000542c00000] [id=20412]
  0x0000020451262d60 GCTaskThread "GC Thread#4" [stack: 0x0000000542c00000,0x0000000542d00000] [id=13492]
  0x0000020451539420 GCTaskThread "GC Thread#5" [stack: 0x0000000542d00000,0x0000000542e00000] [id=22640]
  0x000002045172bde0 GCTaskThread "GC Thread#6" [stack: 0x0000000543100000,0x0000000543200000] [id=14716]
  0x0000020451aa77f0 GCTaskThread "GC Thread#7" [stack: 0x0000000543200000,0x0000000543300000] [id=9824]
  0x0000020451da5980 GCTaskThread "GC Thread#8" [stack: 0x0000000543500000,0x0000000543600000] [id=5252]
  0x0000020451cf0ca0 GCTaskThread "GC Thread#9" [stack: 0x0000000543600000,0x0000000543700000] [id=9488]
  0x00000204520f5bf0 GCTaskThread "GC Thread#10" [stack: 0x0000000543800000,0x0000000543900000] [id=11724]
  0x00000204520396b0 GCTaskThread "GC Thread#11" [stack: 0x0000000543a00000,0x0000000543b00000] [id=18316]
  0x0000020451c26730 GCTaskThread "GC Thread#12" [stack: 0x0000000543d00000,0x0000000543e00000] [id=12992]

Threads with active compile tasks:
C2 CompilerThread0     1973 4359       4       org.eclipse.core.internal.watson.ElementTreeIterator::doIteration (114 bytes)
C2 CompilerThread2     1973 4360       4       org.eclipse.debug.internal.core.LaunchManager$ResourceProxyVisitor::visit (68 bytes)
C2 CompilerThread3     1973 4358   !   4       org.eclipse.core.internal.resources.Resource::lambda$0 (159 bytes)
C2 CompilerThread4     1973 4357       4       org.eclipse.core.internal.resources.Resource$$Lambda$217/0x000000010027f690::visitElement (27 bytes)

VM state: not at safepoint (normal execution)

VM Mutex/Monitor currently owned by a thread: None

Heap address: 0x00000000c0000000, size: 1024 MB, Compressed Oops mode: 32-bit

CDS archive(s) not mapped
Compressed class space mapped at: 0x0000000100000000-0x0000000140000000, reserved size: 1073741824
Narrow klass base: 0x0000000000000000, Narrow klass shift: 3, Narrow klass range: 0x140000000

GC Precious Log:
 CPUs: 16 total, 16 available
 Memory: 16171M
 Large Page Support: Disabled
 NUMA Support: Disabled
 Compressed Oops: Enabled (32-bit)
 Alignments: Space 512K, Generation 512K, Heap 2M
 Heap Min Capacity: 100M
 Heap Initial Capacity: 100M
 Heap Max Capacity: 1G
 Pre-touch: Disabled
 Parallel Workers: 13

Heap:
 PSYoungGen      total 24064K, used 5387K [0x00000000eab00000, 0x00000000ec780000, 0x0000000100000000)
  eden space 23040K, 19% used [0x00000000eab00000,0x00000000eaf4d9b0,0x00000000ec180000)
  from space 1024K, 95% used [0x00000000ec480000,0x00000000ec575520,0x00000000ec580000)
  to   space 1536K, 0% used [0x00000000ec600000,0x00000000ec600000,0x00000000ec780000)
 ParOldGen       total 68608K, used 14642K [0x00000000c0000000, 0x00000000c4300000, 0x00000000eab00000)
  object space 68608K, 21% used [0x00000000c0000000,0x00000000c0e4c860,0x00000000c4300000)
 Metaspace       used 37713K, committed 38592K, reserved 1114112K
  class space    used 3768K, committed 4160K, reserved 1048576K

Card table byte_map: [0x0000020435570000,0x0000020435780000] _byte_map_base: 0x0000020434f70000

Marking Bits: (ParMarkBitMap*) 0x00007ffbb195d0b0
 Begin Bits: [0x0000020447840000, 0x0000020448840000)
 End Bits:   [0x0000020448840000, 0x0000020449840000)

Polling page: 0x0000020435360000

Metaspace:

Usage:
  Non-class:     33.15 MB used.
      Class:      3.68 MB used.
       Both:     36.83 MB used.

Virtual space:
  Non-class space:       64.00 MB reserved,      33.62 MB ( 53%) committed,  1 nodes.
      Class space:        1.00 GB reserved,       4.06 MB ( <1%) committed,  1 nodes.
             Both:        1.06 GB reserved,      37.69 MB (  3%) committed. 

Chunk freelists:
   Non-Class:  14.33 MB
       Class:  11.98 MB
        Both:  26.31 MB

MaxMetaspaceSize: unlimited
CompressedClassSpaceSize: 1.00 GB
Initial GC threshold: 21.00 MB
Current GC threshold: 58.38 MB
CDS: off
MetaspaceReclaimPolicy: balanced
 - commit_granule_bytes: 65536.
 - commit_granule_words: 8192.
 - virtual_space_node_default_size: 8388608.
 - enlarge_chunks_in_place: 1.
 - new_chunks_are_fully_committed: 0.
 - uncommit_free_chunks: 1.
 - use_allocation_guard: 0.
 - handle_deallocations: 1.


Internal statistics:

num_allocs_failed_limit: 6.
num_arena_births: 378.
num_arena_deaths: 14.
num_vsnodes_births: 2.
num_vsnodes_deaths: 0.
num_space_committed: 603.
num_space_uncommitted: 0.
num_chunks_returned_to_freelist: 20.
num_chunks_taken_from_freelist: 1536.
num_chunk_merges: 7.
num_chunk_splits: 1017.
num_chunks_enlarged: 724.
num_inconsistent_stats: 0.

CodeHeap 'non-profiled nmethods': size=119168Kb used=2171Kb max_used=2171Kb free=116997Kb
 bounds [0x00000204403e0000, 0x0000020440650000, 0x0000020447840000]
CodeHeap 'profiled nmethods': size=119104Kb used=9473Kb max_used=9473Kb free=109631Kb
 bounds [0x0000020438840000, 0x0000020439190000, 0x000002043fc90000]
CodeHeap 'non-nmethods': size=7488Kb used=2960Kb max_used=3020Kb free=4527Kb
 bounds [0x000002043fc90000, 0x000002043ff90000, 0x00000204403e0000]
 total_blobs=5072 nmethods=4478 adapters=505
 compilation: enabled
              stopped_count=0, restarted_count=0
 full_count=0

Compilation events (20 events):
Event: 1.927 Thread 0x000002044edcf220 4453       3       java.lang.reflect.Method::isSynthetic (5 bytes)
Event: 1.927 Thread 0x000002044ef63eb0 4454       3       java.lang.reflect.Executable::isSynthetic (8 bytes)
Event: 1.927 Thread 0x000002044ef83ea0 4455       3       java.lang.reflect.Modifier::isSynthetic (14 bytes)
Event: 1.928 Thread 0x000002044ef84600 4456   !   3       sun.reflect.annotation.AnnotationParser::parseAnnotations (37 bytes)
Event: 1.928 Thread 0x000002044ef83ea0 nmethod 4455 0x0000020439173710 code [0x00000204391738a0, 0x00000204391739f8]
Event: 1.928 Thread 0x000002044ef83ea0 4457       3       org.eclipse.lsp4j.jsonrpc.services.AnnotationUtil::createMethodInfo (51 bytes)
Event: 1.928 Thread 0x000002044ef63eb0 nmethod 4454 0x0000020439173a90 code [0x0000020439173c40, 0x0000020439173ec8]
Event: 1.928 Thread 0x000002044edcf220 nmethod 4453 0x0000020439173f90 code [0x0000020439174140, 0x0000020439174378]
Event: 1.928 Thread 0x000002044ef84600 nmethod 4456 0x0000020439174490 code [0x0000020439174680, 0x00000204391749a8]
Event: 1.929 Thread 0x000002044ef83ea0 nmethod 4457 0x0000020439174b10 code [0x0000020439174e40, 0x0000020439176118]
Event: 1.929 Thread 0x000002044ef6b440 nmethod 4451 0x00000204405fb290 code [0x00000204405fb440, 0x00000204405fba78]
Event: 1.929 Thread 0x000002044ef6b440 4452       4       java.lang.ThreadLocal::set (30 bytes)
Event: 1.930 Thread 0x000002044ef83ea0 4459       3       org.eclipse.lsp4j.jsonrpc.services.AnnotationUtil::isDelegateMethod (59 bytes)
Event: 1.931 Thread 0x000002044ef83ea0 nmethod 4459 0x0000020439176690 code [0x0000020439176940, 0x00000204391775b8]
Event: 1.934 Thread 0x000002044ef6b440 nmethod 4452 0x00000204405fc090 code [0x00000204405fc260, 0x00000204405fc648]
Event: 1.949 Thread 0x000002044ef6b440 4460       4       java.util.RegularEnumSet::contains (57 bytes)
Event: 1.950 Thread 0x000002044ef6b440 nmethod 4460 0x00000204405fc990 code [0x00000204405fcb00, 0x00000204405fcc18]
Event: 1.951 Thread 0x000002044ef83ea0 4461       1       java.util.AbstractMap$SimpleEntry::getValue (5 bytes)
Event: 1.951 Thread 0x000002044ef83ea0 nmethod 4461 0x00000204405fcd10 code [0x00000204405fcea0, 0x00000204405fcf78]
Event: 1.954 Thread 0x000002044ef6b440 4462       4       java.security.CodeSource::getCertificates (98 bytes)

GC Heap History (20 events):
Event: 0.983 GC heap before
{Heap before GC invocations=4 (full 0):
 PSYoungGen      total 29696K, used 29695K [0x00000000eab00000, 0x00000000ecc00000, 0x0000000100000000)
  eden space 25600K, 100% used [0x00000000eab00000,0x00000000ec400000,0x00000000ec400000)
  from space 4096K, 99% used [0x00000000ec400000,0x00000000ec7ffce8,0x00000000ec800000)
  to   space 4096K, 0% used [0x00000000ec800000,0x00000000ec800000,0x00000000ecc00000)
 ParOldGen       total 68608K, used 5124K [0x00000000c0000000, 0x00000000c4300000, 0x00000000eab00000)
  object space 68608K, 7% used [0x00000000c0000000,0x00000000c0501000,0x00000000c4300000)
 Metaspace       used 20159K, committed 20544K, reserved 1114112K
  class space    used 2005K, committed 2176K, reserved 1048576K
}
Event: 0.986 GC heap after
{Heap after GC invocations=4 (full 0):
 PSYoungGen      total 29696K, used 4093K [0x00000000eab00000, 0x00000000ecc00000, 0x0000000100000000)
  eden space 25600K, 0% used [0x00000000eab00000,0x00000000eab00000,0x00000000ec400000)
  from space 4096K, 99% used [0x00000000ec800000,0x00000000ecbff7c8,0x00000000ecc00000)
  to   space 4096K, 0% used [0x00000000ec400000,0x00000000ec400000,0x00000000ec800000)
 ParOldGen       total 68608K, used 6311K [0x00000000c0000000, 0x00000000c4300000, 0x00000000eab00000)
  object space 68608K, 9% used [0x00000000c0000000,0x00000000c0629d80,0x00000000c4300000)
 Metaspace       used 20159K, committed 20544K, reserved 1114112K
  class space    used 2005K, committed 2176K, reserved 1048576K
}
Event: 1.021 GC heap before
{Heap before GC invocations=5 (full 0):
 PSYoungGen      total 29696K, used 9371K [0x00000000eab00000, 0x00000000ecc00000, 0x0000000100000000)
  eden space 25600K, 20% used [0x00000000eab00000,0x00000000eb027458,0x00000000ec400000)
  from space 4096K, 99% used [0x00000000ec800000,0x00000000ecbff7c8,0x00000000ecc00000)
  to   space 4096K, 0% used [0x00000000ec400000,0x00000000ec400000,0x00000000ec800000)
 ParOldGen       total 68608K, used 6311K [0x00000000c0000000, 0x00000000c4300000, 0x00000000eab00000)
  object space 68608K, 9% used [0x00000000c0000000,0x00000000c0629d80,0x00000000c4300000)
 Metaspace       used 21072K, committed 21504K, reserved 1114112K
  class space    used 2104K, committed 2304K, reserved 1048576K
}
Event: 1.022 GC heap after
{Heap after GC invocations=5 (full 0):
 PSYoungGen      total 29696K, used 4092K [0x00000000eab00000, 0x00000000ece00000, 0x0000000100000000)
  eden space 25600K, 0% used [0x00000000eab00000,0x00000000eab00000,0x00000000ec400000)
  from space 4096K, 99% used [0x00000000ec400000,0x00000000ec7ff048,0x00000000ec800000)
  to   space 5120K, 0% used [0x00000000ec900000,0x00000000ec900000,0x00000000ece00000)
 ParOldGen       total 68608K, used 6687K [0x00000000c0000000, 0x00000000c4300000, 0x00000000eab00000)
  object space 68608K, 9% used [0x00000000c0000000,0x00000000c0687f90,0x00000000c4300000)
 Metaspace       used 21072K, committed 21504K, reserved 1114112K
  class space    used 2104K, committed 2304K, reserved 1048576K
}
Event: 1.022 GC heap before
{Heap before GC invocations=6 (full 1):
 PSYoungGen      total 29696K, used 4092K [0x00000000eab00000, 0x00000000ece00000, 0x0000000100000000)
  eden space 25600K, 0% used [0x00000000eab00000,0x00000000eab00000,0x00000000ec400000)
  from space 4096K, 99% used [0x00000000ec400000,0x00000000ec7ff048,0x00000000ec800000)
  to   space 5120K, 0% used [0x00000000ec900000,0x00000000ec900000,0x00000000ece00000)
 ParOldGen       total 68608K, used 6687K [0x00000000c0000000, 0x00000000c4300000, 0x00000000eab00000)
  object space 68608K, 9% used [0x00000000c0000000,0x00000000c0687f90,0x00000000c4300000)
 Metaspace       used 21072K, committed 21504K, reserved 1114112K
  class space    used 2104K, committed 2304K, reserved 1048576K
}
Event: 1.034 GC heap after
{Heap after GC invocations=6 (full 1):
 PSYoungGen      total 29696K, used 0K [0x00000000eab00000, 0x00000000ece00000, 0x0000000100000000)
  eden space 25600K, 0% used [0x00000000eab00000,0x00000000eab00000,0x00000000ec400000)
  from space 4096K, 0% used [0x00000000ec400000,0x00000000ec400000,0x00000000ec800000)
  to   space 5120K, 0% used [0x00000000ec900000,0x00000000ec900000,0x00000000ece00000)
 ParOldGen       total 68608K, used 10503K [0x00000000c0000000, 0x00000000c4300000, 0x00000000eab00000)
  object space 68608K, 15% used [0x00000000c0000000,0x00000000c0a41dc0,0x00000000c4300000)
 Metaspace       used 21072K, committed 21504K, reserved 1114112K
  class space    used 2104K, committed 2304K, reserved 1048576K
}
Event: 1.271 GC heap before
{Heap before GC invocations=7 (full 1):
 PSYoungGen      total 29696K, used 25600K [0x00000000eab00000, 0x00000000ece00000, 0x0000000100000000)
  eden space 25600K, 100% used [0x00000000eab00000,0x00000000ec400000,0x00000000ec400000)
  from space 4096K, 0% used [0x00000000ec400000,0x00000000ec400000,0x00000000ec800000)
  to   space 5120K, 0% used [0x00000000ec900000,0x00000000ec900000,0x00000000ece00000)
 ParOldGen       total 68608K, used 10503K [0x00000000c0000000, 0x00000000c4300000, 0x00000000eab00000)
  object space 68608K, 15% used [0x00000000c0000000,0x00000000c0a41dc0,0x00000000c4300000)
 Metaspace       used 24106K, committed 24576K, reserved 1114112K
  class space    used 2422K, committed 2624K, reserved 1048576K
}
Event: 1.272 GC heap after
{Heap after GC invocations=7 (full 1):
 PSYoungGen      total 27648K, used 2554K [0x00000000eab00000, 0x00000000ecb80000, 0x0000000100000000)
  eden space 25088K, 0% used [0x00000000eab00000,0x00000000eab00000,0x00000000ec380000)
  from space 2560K, 99% used [0x00000000ec900000,0x00000000ecb7e8a8,0x00000000ecb80000)
  to   space 3584K, 0% used [0x00000000ec480000,0x00000000ec480000,0x00000000ec800000)
 ParOldGen       total 68608K, used 10511K [0x00000000c0000000, 0x00000000c4300000, 0x00000000eab00000)
  object space 68608K, 15% used [0x00000000c0000000,0x00000000c0a43dc0,0x00000000c4300000)
 Metaspace       used 24106K, committed 24576K, reserved 1114112K
  class space    used 2422K, committed 2624K, reserved 1048576K
}
Event: 1.404 GC heap before
{Heap before GC invocations=8 (full 1):
 PSYoungGen      total 27648K, used 27642K [0x00000000eab00000, 0x00000000ecb80000, 0x0000000100000000)
  eden space 25088K, 100% used [0x00000000eab00000,0x00000000ec380000,0x00000000ec380000)
  from space 2560K, 99% used [0x00000000ec900000,0x00000000ecb7e8a8,0x00000000ecb80000)
  to   space 3584K, 0% used [0x00000000ec480000,0x00000000ec480000,0x00000000ec800000)
 ParOldGen       total 68608K, used 10511K [0x00000000c0000000, 0x00000000c4300000, 0x00000000eab00000)
  object space 68608K, 15% used [0x00000000c0000000,0x00000000c0a43dc0,0x00000000c4300000)
 Metaspace       used 27149K, committed 27776K, reserved 1114112K
  class space    used 2748K, committed 3008K, reserved 1048576K
}
Event: 1.405 GC heap after
{Heap after GC invocations=8 (full 1):
 PSYoungGen      total 28160K, used 3566K [0x00000000eab00000, 0x00000000ecc00000, 0x0000000100000000)
  eden space 24576K, 0% used [0x00000000eab00000,0x00000000eab00000,0x00000000ec300000)
  from space 3584K, 99% used [0x00000000ec480000,0x00000000ec7fb860,0x00000000ec800000)
  to   space 4096K, 0% used [0x00000000ec800000,0x00000000ec800000,0x00000000ecc00000)
 ParOldGen       total 68608K, used 11191K [0x00000000c0000000, 0x00000000c4300000, 0x00000000eab00000)
  object space 68608K, 16% used [0x00000000c0000000,0x00000000c0aeddc0,0x00000000c4300000)
 Metaspace       used 27149K, committed 27776K, reserved 1114112K
  class space    used 2748K, committed 3008K, reserved 1048576K
}
Event: 1.485 GC heap before
{Heap before GC invocations=9 (full 1):
 PSYoungGen      total 28160K, used 28142K [0x00000000eab00000, 0x00000000ecc00000, 0x0000000100000000)
  eden space 24576K, 100% used [0x00000000eab00000,0x00000000ec300000,0x00000000ec300000)
  from space 3584K, 99% used [0x00000000ec480000,0x00000000ec7fb860,0x00000000ec800000)
  to   space 4096K, 0% used [0x00000000ec800000,0x00000000ec800000,0x00000000ecc00000)
 ParOldGen       total 68608K, used 11191K [0x00000000c0000000, 0x00000000c4300000, 0x00000000eab00000)
  object space 68608K, 16% used [0x00000000c0000000,0x00000000c0aeddc0,0x00000000c4300000)
 Metaspace       used 30104K, committed 30720K, reserved 1114112K
  class space    used 2953K, committed 3200K, reserved 1048576K
}
Event: 1.486 GC heap after
{Heap after GC invocations=9 (full 1):
 PSYoungGen      total 28160K, used 3935K [0x00000000eab00000, 0x00000000ecc00000, 0x0000000100000000)
  eden space 24064K, 0% used [0x00000000eab00000,0x00000000eab00000,0x00000000ec280000)
  from space 4096K, 96% used [0x00000000ec800000,0x00000000ecbd7ea8,0x00000000ecc00000)
  to   space 4096K, 0% used [0x00000000ec400000,0x00000000ec400000,0x00000000ec800000)
 ParOldGen       total 68608K, used 11191K [0x00000000c0000000, 0x00000000c4300000, 0x00000000eab00000)
  object space 68608K, 16% used [0x00000000c0000000,0x00000000c0aeddc0,0x00000000c4300000)
 Metaspace       used 30104K, committed 30720K, reserved 1114112K
  class space    used 2953K, committed 3200K, reserved 1048576K
}
Event: 1.557 GC heap before
{Heap before GC invocations=10 (full 1):
 PSYoungGen      total 28160K, used 27999K [0x00000000eab00000, 0x00000000ecc00000, 0x0000000100000000)
  eden space 24064K, 100% used [0x00000000eab00000,0x00000000ec280000,0x00000000ec280000)
  from space 4096K, 96% used [0x00000000ec800000,0x00000000ecbd7ea8,0x00000000ecc00000)
  to   space 4096K, 0% used [0x00000000ec400000,0x00000000ec400000,0x00000000ec800000)
 ParOldGen       total 68608K, used 11191K [0x00000000c0000000, 0x00000000c4300000, 0x00000000eab00000)
  object space 68608K, 16% used [0x00000000c0000000,0x00000000c0aeddc0,0x00000000c4300000)
 Metaspace       used 32435K, committed 33024K, reserved 1114112K
  class space    used 3141K, committed 3392K, reserved 1048576K
}
Event: 1.558 GC heap after
{Heap after GC invocations=10 (full 1):
 PSYoungGen      total 26624K, used 2614K [0x00000000eab00000, 0x00000000ec900000, 0x0000000100000000)
  eden space 23552K, 0% used [0x00000000eab00000,0x00000000eab00000,0x00000000ec200000)
  from space 3072K, 85% used [0x00000000ec400000,0x00000000ec68da18,0x00000000ec700000)
  to   space 2048K, 0% used [0x00000000ec700000,0x00000000ec700000,0x00000000ec900000)
 ParOldGen       total 68608K, used 12870K [0x00000000c0000000, 0x00000000c4300000, 0x00000000eab00000)
  object space 68608K, 18% used [0x00000000c0000000,0x00000000c0c91a88,0x00000000c4300000)
 Metaspace       used 32435K, committed 33024K, reserved 1114112K
  class space    used 3141K, committed 3392K, reserved 1048576K
}
Event: 1.774 GC heap before
{Heap before GC invocations=11 (full 1):
 PSYoungGen      total 26624K, used 18867K [0x00000000eab00000, 0x00000000ec900000, 0x0000000100000000)
  eden space 23552K, 69% used [0x00000000eab00000,0x00000000ebadf568,0x00000000ec200000)
  from space 3072K, 85% used [0x00000000ec400000,0x00000000ec68da18,0x00000000ec700000)
  to   space 2048K, 0% used [0x00000000ec700000,0x00000000ec700000,0x00000000ec900000)
 ParOldGen       total 68608K, used 12870K [0x00000000c0000000, 0x00000000c4300000, 0x00000000eab00000)
  object space 68608K, 18% used [0x00000000c0000000,0x00000000c0c91a88,0x00000000c4300000)
 Metaspace       used 35215K, committed 35840K, reserved 1114112K
  class space    used 3446K, committed 3712K, reserved 1048576K
}
Event: 1.775 GC heap after
{Heap after GC invocations=11 (full 1):
 PSYoungGen      total 25088K, used 1504K [0x00000000eab00000, 0x00000000ec880000, 0x0000000100000000)
  eden space 23552K, 0% used [0x00000000eab00000,0x00000000eab00000,0x00000000ec200000)
  from space 1536K, 97% used [0x00000000ec700000,0x00000000ec878050,0x00000000ec880000)
  to   space 2048K, 0% used [0x00000000ec480000,0x00000000ec480000,0x00000000ec680000)
 ParOldGen       total 68608K, used 14936K [0x00000000c0000000, 0x00000000c4300000, 0x00000000eab00000)
  object space 68608K, 21% used [0x00000000c0000000,0x00000000c0e96208,0x00000000c4300000)
 Metaspace       used 35215K, committed 35840K, reserved 1114112K
  class space    used 3446K, committed 3712K, reserved 1048576K
}
Event: 1.775 GC heap before
{Heap before GC invocations=12 (full 2):
 PSYoungGen      total 25088K, used 1504K [0x00000000eab00000, 0x00000000ec880000, 0x0000000100000000)
  eden space 23552K, 0% used [0x00000000eab00000,0x00000000eab00000,0x00000000ec200000)
  from space 1536K, 97% used [0x00000000ec700000,0x00000000ec878050,0x00000000ec880000)
  to   space 2048K, 0% used [0x00000000ec480000,0x00000000ec480000,0x00000000ec680000)
 ParOldGen       total 68608K, used 14936K [0x00000000c0000000, 0x00000000c4300000, 0x00000000eab00000)
  object space 68608K, 21% used [0x00000000c0000000,0x00000000c0e96208,0x00000000c4300000)
 Metaspace       used 35215K, committed 35840K, reserved 1114112K
  class space    used 3446K, committed 3712K, reserved 1048576K
}
Event: 1.794 GC heap after
{Heap after GC invocations=12 (full 2):
 PSYoungGen      total 25088K, used 0K [0x00000000eab00000, 0x00000000ec880000, 0x0000000100000000)
  eden space 23552K, 0% used [0x00000000eab00000,0x00000000eab00000,0x00000000ec200000)
  from space 1536K, 0% used [0x00000000ec700000,0x00000000ec700000,0x00000000ec880000)
  to   space 2048K, 0% used [0x00000000ec480000,0x00000000ec480000,0x00000000ec680000)
 ParOldGen       total 68608K, used 14634K [0x00000000c0000000, 0x00000000c4300000, 0x00000000eab00000)
  object space 68608K, 21% used [0x00000000c0000000,0x00000000c0e4a860,0x00000000c4300000)
 Metaspace       used 35202K, committed 35840K, reserved 1114112K
  class space    used 3443K, committed 3712K, reserved 1048576K
}
Event: 1.935 GC heap before
{Heap before GC invocations=13 (full 2):
 PSYoungGen      total 25088K, used 23552K [0x00000000eab00000, 0x00000000ec880000, 0x0000000100000000)
  eden space 23552K, 100% used [0x00000000eab00000,0x00000000ec200000,0x00000000ec200000)
  from space 1536K, 0% used [0x00000000ec700000,0x00000000ec700000,0x00000000ec880000)
  to   space 2048K, 0% used [0x00000000ec480000,0x00000000ec480000,0x00000000ec680000)
 ParOldGen       total 68608K, used 14634K [0x00000000c0000000, 0x00000000c4300000, 0x00000000eab00000)
  object space 68608K, 21% used [0x00000000c0000000,0x00000000c0e4a860,0x00000000c4300000)
 Metaspace       used 37119K, committed 37952K, reserved 1114112K
  class space    used 3691K, committed 4096K, reserved 1048576K
}
Event: 1.935 GC heap after
{Heap after GC invocations=13 (full 2):
 PSYoungGen      total 24064K, used 981K [0x00000000eab00000, 0x00000000ec780000, 0x0000000100000000)
  eden space 23040K, 0% used [0x00000000eab00000,0x00000000eab00000,0x00000000ec180000)
  from space 1024K, 95% used [0x00000000ec480000,0x00000000ec575520,0x00000000ec580000)
  to   space 1536K, 0% used [0x00000000ec600000,0x00000000ec600000,0x00000000ec780000)
 ParOldGen       total 68608K, used 14642K [0x00000000c0000000, 0x00000000c4300000, 0x00000000eab00000)
  object space 68608K, 21% used [0x00000000c0000000,0x00000000c0e4c860,0x00000000c4300000)
 Metaspace       used 37119K, committed 37952K, reserved 1114112K
  class space    used 3691K, committed 4096K, reserved 1048576K
}

Dll operation events (10 events):
Event: 0.004 Loaded shared library c:\Users\Caelus\.vscode\extensions\redhat.java-1.25.1-win32-x64\jre\17.0.9-win32-x86_64\bin\java.dll
Event: 0.066 Loaded shared library c:\Users\Caelus\.vscode\extensions\redhat.java-1.25.1-win32-x64\jre\17.0.9-win32-x86_64\bin\zip.dll
Event: 0.068 Loaded shared library C:\Users\Caelus\.vscode\extensions\redhat.java-1.25.1-win32-x64\jre\17.0.9-win32-x86_64\bin\instrument.dll
Event: 0.074 Loaded shared library C:\Users\Caelus\.vscode\extensions\redhat.java-1.25.1-win32-x64\jre\17.0.9-win32-x86_64\bin\net.dll
Event: 0.075 Loaded shared library C:\Users\Caelus\.vscode\extensions\redhat.java-1.25.1-win32-x64\jre\17.0.9-win32-x86_64\bin\nio.dll
Event: 0.079 Loaded shared library C:\Users\Caelus\.vscode\extensions\redhat.java-1.25.1-win32-x64\jre\17.0.9-win32-x86_64\bin\zip.dll
Event: 0.086 Loaded shared library C:\Users\Caelus\.vscode\extensions\redhat.java-1.25.1-win32-x64\jre\17.0.9-win32-x86_64\bin\jimage.dll
Event: 0.113 Loaded shared library c:\Users\Caelus\.vscode\extensions\redhat.java-1.25.1-win32-x64\jre\17.0.9-win32-x86_64\bin\verify.dll
Event: 0.578 Loaded shared library C:\Users\Caelus\AppData\Roaming\Code\User\globalStorage\redhat.java\1.25.1\config_win\org.eclipse.equinox.launcher\org.eclipse.equinox.launcher.win32.win32.x86_64_1.2.800.v20231003-1442\eclipse_11802.dll
Event: 1.755 Loaded shared library C:\Users\Caelus\AppData\Local\Temp\jna-2010851075\jna2241341337070357476.dll

Deoptimization events (20 events):
Event: 1.651 Thread 0x0000020451aa7c40 DEOPT PACKING pc=0x00000204404f5c68 sp=0x00000005430fe070
Event: 1.651 Thread 0x0000020451aa7c40 DEOPT UNPACKING pc=0x000002043fce66a3 sp=0x00000005430fe028 mode 2
Event: 1.656 Thread 0x0000020451aa7c40 Uncommon trap: trap_request=0xffffff45 fr.pc=0x00000204405b5460 relative=0x0000000000000680
Event: 1.656 Thread 0x0000020451aa7c40 Uncommon trap: reason=unstable_if action=reinterpret pc=0x00000204405b5460 method=java.util.Properties.load0(Ljava/util/Properties$LineReader;)V @ 186 c2
Event: 1.656 Thread 0x0000020451aa7c40 DEOPT PACKING pc=0x00000204405b5460 sp=0x00000005430fd350
Event: 1.656 Thread 0x0000020451aa7c40 DEOPT UNPACKING pc=0x000002043fce66a3 sp=0x00000005430fd2e8 mode 2
Event: 1.713 Thread 0x0000020451aa7c40 Uncommon trap: trap_request=0xffffff45 fr.pc=0x0000020440419774 relative=0x0000000000000674
Event: 1.713 Thread 0x0000020451aa7c40 Uncommon trap: reason=unstable_if action=reinterpret pc=0x0000020440419774 method=java.lang.String.replace(Ljava/lang/CharSequence;Ljava/lang/CharSequence;)Ljava/lang/String; @ 42 c2
Event: 1.713 Thread 0x0000020451aa7c40 DEOPT PACKING pc=0x0000020440419774 sp=0x00000005430fb550
Event: 1.713 Thread 0x0000020451aa7c40 DEOPT UNPACKING pc=0x000002043fce66a3 sp=0x00000005430fb4e0 mode 2
Event: 1.767 Thread 0x0000020451aa7c40 Uncommon trap: trap_request=0xffffff45 fr.pc=0x0000020440505464 relative=0x0000000000000a84
Event: 1.767 Thread 0x0000020451aa7c40 Uncommon trap: reason=unstable_if action=reinterpret pc=0x0000020440505464 method=jdk.internal.org.objectweb.asm.SymbolTable.put(Ljdk/internal/org/objectweb/asm/SymbolTable$Entry;)Ljdk/internal/org/objectweb/asm/SymbolTable$Entry; @ 13 c2
Event: 1.767 Thread 0x0000020451aa7c40 DEOPT PACKING pc=0x0000020440505464 sp=0x00000005430fb930
Event: 1.767 Thread 0x0000020451aa7c40 DEOPT UNPACKING pc=0x000002043fce66a3 sp=0x00000005430fb878 mode 2
Event: 1.809 Thread 0x00000204519f1770 DEOPT PACKING pc=0x0000020438aa5c29 sp=0x0000000542ffecb0
Event: 1.809 Thread 0x00000204519f1770 DEOPT UNPACKING pc=0x000002043fce6e43 sp=0x0000000542ffe108 mode 3
Event: 1.827 Thread 0x0000020435bad270 Uncommon trap: trap_request=0xffffff45 fr.pc=0x00000204405a1474 relative=0x0000000000001414
Event: 1.827 Thread 0x0000020435bad270 Uncommon trap: reason=unstable_if action=reinterpret pc=0x00000204405a1474 method=java.util.Properties.loadConvert([CIILjava/lang/StringBuilder;)Ljava/lang/String; @ 477 c2
Event: 1.827 Thread 0x0000020435bad270 DEOPT PACKING pc=0x00000204405a1474 sp=0x00000005414f9500
Event: 1.827 Thread 0x0000020435bad270 DEOPT UNPACKING pc=0x000002043fce66a3 sp=0x00000005414f94c8 mode 2

Classes unloaded (7 events):
Event: 1.777 Thread 0x0000020435c33230 Unloading class 0x000000010024c000 'java/lang/invoke/LambdaForm$MH+0x000000010024c000'
Event: 1.777 Thread 0x0000020435c33230 Unloading class 0x000000010024bc00 'java/lang/invoke/LambdaForm$MH+0x000000010024bc00'
Event: 1.777 Thread 0x0000020435c33230 Unloading class 0x000000010024b800 'java/lang/invoke/LambdaForm$MH+0x000000010024b800'
Event: 1.777 Thread 0x0000020435c33230 Unloading class 0x000000010024b400 'java/lang/invoke/LambdaForm$MH+0x000000010024b400'
Event: 1.777 Thread 0x0000020435c33230 Unloading class 0x000000010024b000 'java/lang/invoke/LambdaForm$BMH+0x000000010024b000'
Event: 1.777 Thread 0x0000020435c33230 Unloading class 0x000000010024ac00 'java/lang/invoke/LambdaForm$DMH+0x000000010024ac00'
Event: 1.777 Thread 0x0000020435c33230 Unloading class 0x0000000100248000 'java/lang/invoke/LambdaForm$DMH+0x0000000100248000'

Classes redefined (0 events):
No events

Internal exceptions (20 events):
Event: 1.367 Thread 0x0000020451aa7c40 Exception <a 'java/lang/NoSuchMethodError'{0x00000000ebc5c0b8}: 'void java.lang.invoke.DirectMethodHandle$Holder.invokeSpecial(java.lang.Object, java.lang.Object, java.lang.Object, int)'> (0x00000000ebc5c0b8) 
thrown [s\src\hotspot\share\interpreter\linkResolver.cpp, line 759]
Event: 1.439 Thread 0x0000020451aa7c40 Exception <a 'java/io/FileNotFoundException'{0x00000000eb785450}> (0x00000000eb785450) 
thrown [s\src\hotspot\share\prims\jni.cpp, line 516]
Event: 1.439 Thread 0x0000020451aa7c40 Exception <a 'java/io/FileNotFoundException'{0x00000000eb786278}> (0x00000000eb786278) 
thrown [s\src\hotspot\share\prims\jni.cpp, line 516]
Event: 1.439 Thread 0x0000020451aa7c40 Exception <a 'java/io/FileNotFoundException'{0x00000000eb7870a8}> (0x00000000eb7870a8) 
thrown [s\src\hotspot\share\prims\jni.cpp, line 516]
Event: 1.543 Thread 0x0000020451aa7c40 Exception <a 'java/io/FileNotFoundException'{0x00000000ec0c5e78}> (0x00000000ec0c5e78) 
thrown [s\src\hotspot\share\prims\jni.cpp, line 516]
Event: 1.561 Thread 0x0000020451aa7c40 Exception <a 'java/lang/ClassNotFoundException'{0x00000000eab633a8}: com/sun/org/apache/xerces/internal/impl/msg/spi/DOMMessagesProvider> (0x00000000eab633a8) 
thrown [s\src\hotspot\share\classfile\systemDictionary.cpp, line 256]
Event: 1.562 Thread 0x0000020451aa7c40 Exception <a 'java/lang/ClassNotFoundException'{0x00000000eab754a8}: com/sun/org/apache/xerces/internal/impl/msg/spi/XMLSerializerMessagesProvider> (0x00000000eab754a8) 
thrown [s\src\hotspot\share\classfile\systemDictionary.cpp, line 256]
Event: 1.562 Thread 0x0000020451aa7c40 Exception <a 'java/lang/ClassNotFoundException'{0x00000000eab82780}: com/sun/org/apache/xerces/internal/impl/msg/spi/XMLMessagesProvider> (0x00000000eab82780) 
thrown [s\src\hotspot\share\classfile\systemDictionary.cpp, line 256]
Event: 1.576 Thread 0x0000020451aa7c40 Exception <a 'java/lang/NoSuchMethodError'{0x00000000eacbc9b0}: 'void java.lang.invoke.DirectMethodHandle$Holder.invokeVirtual(java.lang.Object, java.lang.Object)'> (0x00000000eacbc9b0) 
thrown [s\src\hotspot\share\interpreter\linkResolver.cpp, line 759]
Event: 1.592 Thread 0x0000020451aa7c40 Exception <a 'java/lang/NoSuchMethodError'{0x00000000eaf38da8}: 'java.lang.Object java.lang.invoke.DirectMethodHandle$Holder.invokeStaticInit(java.lang.Object, int, int, int, int)'> (0x00000000eaf38da8) 
thrown [s\src\hotspot\share\interpreter\linkResolver.cpp, line 759]
Event: 1.621 Thread 0x0000020451aa7c40 Exception <a 'java/lang/NoSuchMethodError'{0x00000000eb0714b8}: 'java.lang.Object java.lang.invoke.DirectMethodHandle$Holder.invokeStaticInit(java.lang.Object, java.lang.Object, int, int, int, int)'> (0x00000000eb0714b8) 
thrown [s\src\hotspot\share\interpreter\linkResolver.cpp, line 759]
Event: 1.654 Thread 0x0000020451aa7c40 Exception <a 'java/lang/ClassNotFoundException'{0x00000000eb4078f0}: com/sun/org/apache/xml/internal/serializer/spi/XMLEntitiesProvider> (0x00000000eb4078f0) 
thrown [s\src\hotspot\share\classfile\systemDictionary.cpp, line 256]
Event: 1.697 Thread 0x0000020451aa7c40 Exception <a 'java/io/FileNotFoundException'{0x00000000eb7a9ad0}> (0x00000000eb7a9ad0) 
thrown [s\src\hotspot\share\prims\jni.cpp, line 516]
Event: 1.770 Thread 0x0000020451aa7c40 Exception <a 'java/lang/UnsatisfiedLinkError'{0x00000000ebaa5958}: The specified procedure could not be found.
> (0x00000000ebaa5958) 
thrown [s\src\hotspot\share\prims\jni.cpp, line 535]
Event: 1.773 Thread 0x0000020451aa7c40 Exception <a 'java/io/FileNotFoundException'{0x00000000ebacb0b0}> (0x00000000ebacb0b0) 
thrown [s\src\hotspot\share\prims\jni.cpp, line 516]
Event: 1.802 Thread 0x0000020451aa7c40 Exception <a 'java/lang/UnsatisfiedLinkError'{0x00000000eac3d060}: The specified procedure could not be found.
> (0x00000000eac3d060) 
thrown [s\src\hotspot\share\prims\jni.cpp, line 535]
Event: 1.852 Thread 0x0000020435bad270 Exception <a 'java/lang/NoSuchMethodError'{0x00000000eb9ba018}: 'java.lang.Object java.lang.invoke.DirectMethodHandle$Holder.invokeStatic(java.lang.Object, java.lang.Object, long, java.lang.Object)'> (0x00000000eb9ba018) 
thrown [s\src\hotspot\share\interpreter\linkResolver.cpp, line 759]
Event: 1.852 Thread 0x0000020435bad270 Exception <a 'java/lang/NoSuchMethodError'{0x00000000eb9bde28}: 'java.lang.Object java.lang.invoke.DirectMethodHandle$Holder.invokeStaticInit(java.lang.Object, java.lang.Object, long, java.lang.Object)'> (0x00000000eb9bde28) 
thrown [s\src\hotspot\share\interpreter\linkResolver.cpp, line 759]
Event: 1.852 Thread 0x0000020435bad270 Exception <a 'java/lang/NoSuchMethodError'{0x00000000eb9c4750}: 'java.lang.Object java.lang.invoke.DirectMethodHandle$Holder.newInvokeSpecial(java.lang.Object, java.lang.Object, long)'> (0x00000000eb9c4750) 
thrown [s\src\hotspot\share\interpreter\linkResolver.cpp, line 759]
Event: 1.886 Thread 0x0000020435bad270 Exception <a 'java/lang/NoSuchMethodError'{0x00000000ebb8f618}: 'void java.lang.invoke.DirectMethodHandle$Holder.invokeStatic(java.lang.Object, java.lang.Object, java.lang.Object, java.lang.Object)'> (0x00000000ebb8f618) 
thrown [s\src\hotspot\share\interpreter\linkResolver.cpp, line 759]

VM Operations (20 events):
Event: 1.557 Executing VM operation: ParallelGCFailedAllocation
Event: 1.558 Executing VM operation: ParallelGCFailedAllocation done
Event: 1.586 Executing VM operation: HandshakeAllThreads
Event: 1.586 Executing VM operation: HandshakeAllThreads done
Event: 1.617 Executing VM operation: HandshakeAllThreads
Event: 1.617 Executing VM operation: HandshakeAllThreads done
Event: 1.639 Executing VM operation: HandshakeAllThreads
Event: 1.639 Executing VM operation: HandshakeAllThreads done
Event: 1.653 Executing VM operation: HandshakeAllThreads
Event: 1.653 Executing VM operation: HandshakeAllThreads done
Event: 1.655 Executing VM operation: HandshakeAllThreads
Event: 1.655 Executing VM operation: HandshakeAllThreads done
Event: 1.670 Executing VM operation: HandshakeAllThreads
Event: 1.670 Executing VM operation: HandshakeAllThreads done
Event: 1.762 Executing VM operation: HandshakeAllThreads
Event: 1.763 Executing VM operation: HandshakeAllThreads done
Event: 1.774 Executing VM operation: CollectForMetadataAllocation
Event: 1.794 Executing VM operation: CollectForMetadataAllocation done
Event: 1.935 Executing VM operation: ParallelGCFailedAllocation
Event: 1.935 Executing VM operation: ParallelGCFailedAllocation done

Events (20 events):
Event: 1.882 loading class sun/reflect/generics/reflectiveObjects/LazyReflectiveObjectGenerator done
Event: 1.882 loading class sun/reflect/generics/reflectiveObjects/TypeVariableImpl done
Event: 1.887 loading class java/lang/Deprecated
Event: 1.887 loading class java/lang/Deprecated done
Event: 1.888 loading class jdk/internal/vm/annotation/IntrinsicCandidate
Event: 1.888 loading class jdk/internal/vm/annotation/IntrinsicCandidate done
Event: 1.899 loading class sun/reflect/generics/tree/BottomSignature
Event: 1.899 loading class sun/reflect/generics/tree/BottomSignature done
Event: 1.899 loading class sun/reflect/generics/tree/Wildcard
Event: 1.899 loading class sun/reflect/generics/tree/Wildcard done
Event: 1.899 loading class sun/reflect/generics/reflectiveObjects/WildcardTypeImpl
Event: 1.899 loading class java/lang/reflect/WildcardType
Event: 1.899 loading class java/lang/reflect/WildcardType done
Event: 1.899 loading class sun/reflect/generics/reflectiveObjects/WildcardTypeImpl done
Event: 1.920 loading class sun/reflect/generics/tree/BooleanSignature
Event: 1.920 loading class sun/reflect/generics/tree/BooleanSignature done
Event: 1.920 loading class sun/reflect/generics/tree/ArrayTypeSignature
Event: 1.920 loading class sun/reflect/generics/tree/ArrayTypeSignature done
Event: 1.947 loading class java/math/BigDecimal
Event: 1.948 loading class java/math/BigDecimal done


Dynamic libraries:
0x00007ff6cf3a0000 - 0x00007ff6cf3ae000 	c:\Users\Caelus\.vscode\extensions\redhat.java-1.25.1-win32-x64\jre\17.0.9-win32-x86_64\bin\java.exe
0x00007ffc112f0000 - 0x00007ffc11507000 	C:\WINDOWS\SYSTEM32\ntdll.dll
0x00007ffc0fc80000 - 0x00007ffc0fd44000 	C:\WINDOWS\System32\KERNEL32.DLL
0x00007ffc0e6e0000 - 0x00007ffc0ea86000 	C:\WINDOWS\System32\KERNELBASE.dll
0x00007ffc0eb30000 - 0x00007ffc0ec41000 	C:\WINDOWS\System32\ucrtbase.dll
0x00007ffbf1aa0000 - 0x00007ffbf1abb000 	c:\Users\Caelus\.vscode\extensions\redhat.java-1.25.1-win32-x64\jre\17.0.9-win32-x86_64\bin\VCRUNTIME140.dll
0x00007ffbf2090000 - 0x00007ffbf20a7000 	c:\Users\Caelus\.vscode\extensions\redhat.java-1.25.1-win32-x64\jre\17.0.9-win32-x86_64\bin\jli.dll
0x00007ffc11080000 - 0x00007ffc1122e000 	C:\WINDOWS\System32\USER32.dll
0x00007ffbffec0000 - 0x00007ffc00153000 	C:\WINDOWS\WinSxS\amd64_microsoft.windows.common-controls_6595b64144ccf1df_6.0.22621.2506_none_270c5ae97388e100\COMCTL32.dll
0x00007ffc0ed10000 - 0x00007ffc0ed36000 	C:\WINDOWS\System32\win32u.dll
0x00007ffc0f2f0000 - 0x00007ffc0f397000 	C:\WINDOWS\System32\msvcrt.dll
0x00007ffc0f040000 - 0x00007ffc0f069000 	C:\WINDOWS\System32\GDI32.dll
0x00007ffc0eeb0000 - 0x00007ffc0efc8000 	C:\WINDOWS\System32\gdi32full.dll
0x00007ffc0ea90000 - 0x00007ffc0eb2a000 	C:\WINDOWS\System32\msvcp_win.dll
0x00007ffc0f3a0000 - 0x00007ffc0f3d1000 	C:\WINDOWS\System32\IMM32.DLL
0x00007ffbfb580000 - 0x00007ffbfb58c000 	c:\Users\Caelus\.vscode\extensions\redhat.java-1.25.1-win32-x64\jre\17.0.9-win32-x86_64\bin\vcruntime140_1.dll
0x00007ffbcbd50000 - 0x00007ffbcbddd000 	c:\Users\Caelus\.vscode\extensions\redhat.java-1.25.1-win32-x64\jre\17.0.9-win32-x86_64\bin\msvcp140.dll
0x00007ffbb0dc0000 - 0x00007ffbb1a21000 	c:\Users\Caelus\.vscode\extensions\redhat.java-1.25.1-win32-x64\jre\17.0.9-win32-x86_64\bin\server\jvm.dll
0x00007ffc0f0e0000 - 0x00007ffc0f191000 	C:\WINDOWS\System32\ADVAPI32.dll
0x00007ffc0fd50000 - 0x00007ffc0fdf5000 	C:\WINDOWS\System32\sechost.dll
0x00007ffc0fe00000 - 0x00007ffc0ff17000 	C:\WINDOWS\System32\RPCRT4.dll
0x00007ffbe6590000 - 0x00007ffbe6599000 	C:\WINDOWS\SYSTEM32\WSOCK32.dll
0x00007ffc0d4b0000 - 0x00007ffc0d4fd000 	C:\WINDOWS\SYSTEM32\POWRPROF.dll
0x00007ffc05c60000 - 0x00007ffc05c94000 	C:\WINDOWS\SYSTEM32\WINMM.dll
0x00007ffc0f800000 - 0x00007ffc0f871000 	C:\WINDOWS\System32\WS2_32.dll
0x00007ffc03b10000 - 0x00007ffc03b1a000 	C:\WINDOWS\SYSTEM32\VERSION.dll
0x00007ffc0d490000 - 0x00007ffc0d4a3000 	C:\WINDOWS\SYSTEM32\UMPDC.dll
0x00007ffc0d750000 - 0x00007ffc0d768000 	C:\WINDOWS\SYSTEM32\kernel.appcore.dll
0x00007ffbf21a0000 - 0x00007ffbf21aa000 	c:\Users\Caelus\.vscode\extensions\redhat.java-1.25.1-win32-x64\jre\17.0.9-win32-x86_64\bin\jimage.dll
0x00007ffc0be80000 - 0x00007ffc0c0b3000 	C:\WINDOWS\SYSTEM32\DBGHELP.DLL
0x00007ffc0f880000 - 0x00007ffc0fc09000 	C:\WINDOWS\System32\combase.dll
0x00007ffc109b0000 - 0x00007ffc10a87000 	C:\WINDOWS\System32\OLEAUT32.dll
0x00007ffc026b0000 - 0x00007ffc026e2000 	C:\WINDOWS\SYSTEM32\dbgcore.DLL
0x00007ffc0e660000 - 0x00007ffc0e6da000 	C:\WINDOWS\System32\bcryptPrimitives.dll
0x00007ffbf2040000 - 0x00007ffbf204e000 	c:\Users\Caelus\.vscode\extensions\redhat.java-1.25.1-win32-x64\jre\17.0.9-win32-x86_64\bin\instrument.dll
0x00007ffbeed70000 - 0x00007ffbeed95000 	c:\Users\Caelus\.vscode\extensions\redhat.java-1.25.1-win32-x64\jre\17.0.9-win32-x86_64\bin\java.dll
0x00007ffbf1a80000 - 0x00007ffbf1a98000 	c:\Users\Caelus\.vscode\extensions\redhat.java-1.25.1-win32-x64\jre\17.0.9-win32-x86_64\bin\zip.dll
0x00007ffc0ff30000 - 0x00007ffc1078a000 	C:\WINDOWS\System32\SHELL32.dll
0x00007ffc0c590000 - 0x00007ffc0ce86000 	C:\WINDOWS\SYSTEM32\windows.storage.dll
0x00007ffc0c450000 - 0x00007ffc0c58e000 	C:\WINDOWS\SYSTEM32\wintypes.dll
0x00007ffc0f700000 - 0x00007ffc0f7f3000 	C:\WINDOWS\System32\SHCORE.dll
0x00007ffc0fc10000 - 0x00007ffc0fc6e000 	C:\WINDOWS\System32\shlwapi.dll
0x00007ffc0e590000 - 0x00007ffc0e5b6000 	C:\WINDOWS\SYSTEM32\profapi.dll
0x00007ffbeacd0000 - 0x00007ffbeace9000 	C:\Users\Caelus\.vscode\extensions\redhat.java-1.25.1-win32-x64\jre\17.0.9-win32-x86_64\bin\net.dll
0x00007ffc07a60000 - 0x00007ffc07b97000 	C:\WINDOWS\SYSTEM32\WINHTTP.dll
0x00007ffc0dbd0000 - 0x00007ffc0dc39000 	C:\WINDOWS\system32\mswsock.dll
0x00007ffbeac80000 - 0x00007ffbeac96000 	C:\Users\Caelus\.vscode\extensions\redhat.java-1.25.1-win32-x64\jre\17.0.9-win32-x86_64\bin\nio.dll
0x00007ffbf1f70000 - 0x00007ffbf1f80000 	c:\Users\Caelus\.vscode\extensions\redhat.java-1.25.1-win32-x64\jre\17.0.9-win32-x86_64\bin\verify.dll
0x00007ffbd9fb0000 - 0x00007ffbd9fee000 	C:\Users\Caelus\AppData\Roaming\Code\User\globalStorage\redhat.java\1.25.1\config_win\org.eclipse.equinox.launcher\org.eclipse.equinox.launcher.win32.win32.x86_64_1.2.800.v20231003-1442\eclipse_11802.dll
0x00007ffc0f510000 - 0x00007ffc0f6b0000 	C:\WINDOWS\System32\ole32.dll
0x00007ffc0de30000 - 0x00007ffc0de4b000 	C:\WINDOWS\SYSTEM32\CRYPTSP.dll
0x00007ffc0d6b0000 - 0x00007ffc0d6e5000 	C:\WINDOWS\system32\rsaenh.dll
0x00007ffc0dcc0000 - 0x00007ffc0dcec000 	C:\WINDOWS\SYSTEM32\USERENV.dll
0x00007ffc0dff0000 - 0x00007ffc0e018000 	C:\WINDOWS\SYSTEM32\bcrypt.dll
0x00007ffc0de20000 - 0x00007ffc0de2c000 	C:\WINDOWS\SYSTEM32\CRYPTBASE.dll
0x00007ffc0d160000 - 0x00007ffc0d18d000 	C:\WINDOWS\SYSTEM32\IPHLPAPI.DLL
0x00007ffc10bd0000 - 0x00007ffc10bd9000 	C:\WINDOWS\System32\NSI.dll
0x00007ffc079a0000 - 0x00007ffc079b9000 	C:\WINDOWS\SYSTEM32\dhcpcsvc6.DLL
0x00007ffc07980000 - 0x00007ffc0799f000 	C:\WINDOWS\SYSTEM32\dhcpcsvc.DLL
0x00007ffc0d1d0000 - 0x00007ffc0d2c9000 	C:\WINDOWS\SYSTEM32\DNSAPI.dll
0x00007ffbf1a30000 - 0x00007ffbf1a75000 	C:\Users\Caelus\AppData\Local\Temp\jna-2010851075\jna2241341337070357476.dll
0x00007ffc0ff20000 - 0x00007ffc0ff28000 	C:\WINDOWS\System32\PSAPI.DLL

dbghelp: loaded successfully - version: 4.0.5 - missing functions: none
symbol engine: initialized successfully - sym options: 0x614 - pdb path: .;c:\Users\Caelus\.vscode\extensions\redhat.java-1.25.1-win32-x64\jre\17.0.9-win32-x86_64\bin;C:\WINDOWS\SYSTEM32;C:\WINDOWS\WinSxS\amd64_microsoft.windows.common-controls_6595b64144ccf1df_6.0.22621.2506_none_270c5ae97388e100;c:\Users\Caelus\.vscode\extensions\redhat.java-1.25.1-win32-x64\jre\17.0.9-win32-x86_64\bin\server;C:\Users\Caelus\AppData\Roaming\Code\User\globalStorage\redhat.java\1.25.1\config_win\org.eclipse.equinox.launcher\org.eclipse.equinox.launcher.win32.win32.x86_64_1.2.800.v20231003-1442;C:\Users\Caelus\AppData\Local\Temp\jna-2010851075

VM Arguments:
jvm_args: --add-modules=ALL-SYSTEM --add-opens=java.base/java.util=ALL-UNNAMED --add-opens=java.base/java.lang=ALL-UNNAMED --add-opens=java.base/sun.nio.fs=ALL-UNNAMED -Declipse.application=org.eclipse.jdt.ls.core.id1 -Dosgi.bundles.defaultStartLevel=4 -Declipse.product=org.eclipse.jdt.ls.core.product -Djava.import.generatesMetadataFilesAtProjectRoot=false -DDetectVMInstallationsJob.disabled=true -Dfile.encoding=utf8 -XX:+UseParallelGC -XX:GCTimeRatio=4 -XX:AdaptiveSizePolicyWeight=90 -Dsun.zip.disableMemoryMapping=true -Xmx1G -Xms100m -Xlog:disable -javaagent:c:\Users\Caelus\.vscode\extensions\redhat.java-1.25.1-win32-x64\lombok\lombok-1.18.30.jar -XX:+HeapDumpOnOutOfMemoryError -XX:HeapDumpPath=c:\Users\Caelus\AppData\Roaming\Code\User\workspaceStorage\e4dd59b8ace720ec1d68240b8080ed6d\redhat.java -Daether.dependencyCollector.impl=bf 
java_command: c:\Users\Caelus\.vscode\extensions\redhat.java-1.25.1-win32-x64\server\plugins\org.eclipse.equinox.launcher_1.6.600.v20231106-1826.jar -configuration c:\Users\Caelus\AppData\Roaming\Code\User\globalStorage\redhat.java\1.25.1\config_win -data c:\Users\Caelus\AppData\Roaming\Code\User\workspaceStorage\e4dd59b8ace720ec1d68240b8080ed6d\redhat.java\jdt_ws --stdio
java_class_path (initial): c:\Users\Caelus\.vscode\extensions\redhat.java-1.25.1-win32-x64\server\plugins\org.eclipse.equinox.launcher_1.6.600.v20231106-1826.jar
Launcher Type: SUN_STANDARD

[Global flags]
    uintx AdaptiveSizePolicyWeight                 = 90                                        {product} {command line}
     intx CICompilerCount                          = 12                                        {product} {ergonomic}
    uintx GCTimeRatio                              = 4                                         {product} {command line}
     bool HeapDumpOnOutOfMemoryError               = true                                   {manageable} {command line}
    ccstr HeapDumpPath                             = c:\Users\Caelus\AppData\Roaming\Code\User\workspaceStorage\e4dd59b8ace720ec1d68240b8080ed6d\redhat.java         {manageable} {command line}
   size_t InitialHeapSize                          = 104857600                                 {product} {command line}
   size_t MaxHeapSize                              = 1073741824                                {product} {command line}
   size_t MaxNewSize                               = 357564416                                 {product} {ergonomic}
   size_t MinHeapDeltaBytes                        = 524288                                    {product} {ergonomic}
   size_t MinHeapSize                              = 104857600                                 {product} {command line}
   size_t NewSize                                  = 34603008                                  {product} {ergonomic}
    uintx NonNMethodCodeHeapSize                   = 7602480                                {pd product} {ergonomic}
    uintx NonProfiledCodeHeapSize                  = 122027880                              {pd product} {ergonomic}
   size_t OldSize                                  = 70254592                                  {product} {ergonomic}
    uintx ProfiledCodeHeapSize                     = 122027880                              {pd product} {ergonomic}
    uintx ReservedCodeCacheSize                    = 251658240                              {pd product} {ergonomic}
     bool SegmentedCodeCache                       = true                                      {product} {ergonomic}
   size_t SoftMaxHeapSize                          = 1073741824                             {manageable} {ergonomic}
     bool UseCompressedClassPointers               = true                           {product lp64_product} {ergonomic}
     bool UseCompressedOops                        = true                           {product lp64_product} {ergonomic}
     bool UseLargePagesIndividualAllocation        = false                                  {pd product} {ergonomic}
     bool UseParallelGC                            = true                                      {product} {command line}

Logging:
Log output configuration:
 #0: stdout all=off uptime,level,tags
 #1: stderr all=off uptime,level,tags

Environment Variables:
JAVA_HOME=C:\Program Files\Java\jdk-17
PATH=C:\Program Files\Common Files\Oracle\Java\javapath;C:\Program Files\Eclipse Adoptium\jdk-11.0.20.101-hotspot\bin;C:\Python312\Scripts\;C:\Python312\;C:\WINDOWS\system32;C:\WINDOWS;C:\WINDOWS\System32\Wbem;C:\WINDOWS\System32\WindowsPowerShell\v1.0\;C:\WINDOWS\System32\OpenSSH\;C:\Program Files (x86)\NVIDIA Corporation\PhysX\Common;C:\Program Files\NVIDIA Corporation\NVIDIA NvDLISR;C:\ProgramData\chocolatey\bin;C:\Program Files\Git\cmd;C:\Program Files\nodejs\;C:\Program Files\dotnet\;C:\Program Files\Java\jdk-17\bin;C:\Users\Caelus\AppData\Local\Microsoft\WindowsApps;C:\Users\Caelus\AppData\Roaming\npm;C:\Users\Caelus\AppData\Local\Programs\Microsoft VS Code\bin;C:\Users\Caelus\AppData\Local\Android\Sdk\platform-tools;
USERNAME=Caelus
OS=Windows_NT
PROCESSOR_IDENTIFIER=AMD64 Family 25 Model 80 Stepping 0, AuthenticAMD
TMP=C:\Users\Caelus\AppData\Local\Temp
TEMP=C:\Users\Caelus\AppData\Local\Temp



Periodic native trim disabled


---------------  S Y S T E M  ---------------

OS:
 Windows 11 , 64 bit Build 22621 (10.0.22621.2506)
OS uptime: 1 days 5:53 hours

CPU: total 16 (initial active 16) (16 cores per cpu, 2 threads per core) family 25 model 80 stepping 0 microcode 0x0, cx8, cmov, fxsr, ht, mmx, 3dnowpref, sse, sse2, sse3, ssse3, sse4a, sse4.1, sse4.2, popcnt, lzcnt, tsc, tscinvbit, avx, avx2, aes, erms, clmul, bmi1, bmi2, adx, sha, fma, vzeroupper, clflush, clflushopt
Processor Information for all 16 processors :
  Max Mhz: 3801, Current Mhz: 3801, Mhz Limit: 3801

Memory: 4k page, system-wide physical 16171M (5975M free)
TotalPageFile size 65323M (AvailPageFile size 5M)
current process WorkingSet (physical memory assigned to process): 197M, peak: 199M
current process commit charge ("private bytes"): 311M, peak: 313M

vm_info: OpenJDK 64-Bit Server VM (17.0.9+9) for windows-amd64 JRE (17.0.9+9), built on Oct 26 2023 14:01:42 by "admin" with MS VC++ 16.10 / 16.11 (VS2019)

END.
