#
# There is insufficient memory for the Java Runtime Environment to continue.
# Native memory allocation (malloc) failed to allocate 1048576 bytes for AllocateHeap
# Possible reasons:
#   The system is out of physical RAM or swap space
#   The process is running with CompressedOops enabled, and the Java Heap may be blocking the growth of the native heap
# Possible solutions:
#   Reduce memory load on the system
#   Increase physical memory or swap space
#   Check if swap backing store is full
#   Decrease Java heap size (-Xmx/-Xms)
#   Decrease number of Java threads
#   Decrease Java thread stack sizes (-Xss)
#   Set larger code cache with -XX:ReservedCodeCacheSize=
#   JVM is running with Unscaled Compressed Oops mode in which the Java heap is
#     placed in the first 4GB address space. The Java Heap base address is the
#     maximum limit for the native heap growth. Please use -XX:HeapBaseMinAddress
#     to set the Java Heap base and to place the Java Heap above 4GB virtual address.
# This output file may be truncated or incomplete.
#
#  Out of Memory Error (allocation.cpp:44), pid=5596, tid=28196
#
# JRE version:  (17.0.9+11) (build )
# Java VM: Java HotSpot(TM) 64-Bit Server VM (17.0.9+11-LTS-201, mixed mode, sharing, tiered, compressed oops, compressed class ptrs, g1 gc, windows-amd64)
# No core dump will be written. Minidumps are not enabled by default on client versions of Windows
#

---------------  S U M M A R Y ------------

Command Line: -Dfile.encoding=utf8 c:\Users\Caelus\.vscode\extensions\vscjava.vscode-gradle-3.13.5\lib\gradle-language-server.jar

Host: AMD Ryzen 7 5700G with Radeon Graphics         , 16 cores, 15G,  Windows 11 , 64 bit Build 22621 (10.0.22621.2506)
Time: Sat Jan  6 22:10:32 2024 Malay Peninsula Standard Time elapsed time: 0.010471 seconds (0d 0h 0m 0s)

---------------  T H R E A D  ---------------

Current thread (0x000002430bb7a770):  JavaThread "Unknown thread" [_thread_in_vm, id=28196, stack(0x00000061e6800000,0x00000061e6900000)]

Stack: [0x00000061e6800000,0x00000061e6900000]
Native frames: (J=compiled Java code, j=interpreted, Vv=VM code, C=native code)
V  [jvm.dll+0x678a4a]
V  [jvm.dll+0x7d9cfd]
V  [jvm.dll+0x7db60e]
V  [jvm.dll+0x7dbc73]
V  [jvm.dll+0x245e1f]
V  [jvm.dll+0xa5173]
V  [jvm.dll+0x2d63c7]
V  [jvm.dll+0x7ab67c]
V  [jvm.dll+0x368041]
V  [jvm.dll+0x78a749]
V  [jvm.dll+0x3ebd4f]
V  [jvm.dll+0x3ed7d1]
C  [jli.dll+0x5297]
C  [ucrtbase.dll+0x29363]
C  [KERNEL32.DLL+0x1257d]
C  [ntdll.dll+0x5aa58]


---------------  P R O C E S S  ---------------

Threads class SMR info:
_java_thread_list=0x00007ffbb24e89d8, length=0, elements={
}

Java Threads: ( => current thread )

Other Threads:

=>0x000002430bb7a770 (exited) JavaThread "Unknown thread" [_thread_in_vm, id=28196, stack(0x00000061e6800000,0x00000061e6900000)]

Threads with active compile tasks:

VM state: not at safepoint (not fully initialized)

VM Mutex/Monitor currently owned by a thread: None

Heap address: 0x0000000000000000, size: 0 MB, Compressed Oops mode: 32-bit

CDS archive(s) mapped at: [0x0000000000000000-0x0000000000000000-0x0000000000000000), size 0, SharedBaseAddress: 0x0000000800000000, ArchiveRelocationMode: 1.
Narrow klass base: 0x0000000000000000, Narrow klass shift: 0, Narrow klass range: 0x0

GC Precious Log:
<Empty>

GC Heap History (0 events):
No events

Deoptimization events (0 events):
No events

Classes unloaded (0 events):
No events

Classes redefined (0 events):
No events

Internal exceptions (0 events):
No events

VM Operations (0 events):
No events

Events (1 events):
Event: 0.008 Loaded shared library C:\Program Files\Java\jdk-17\bin\java.dll


Dynamic libraries:
0x00007ff62e920000 - 0x00007ff62e930000 	C:\Program Files\Java\jdk-17\bin\java.exe
0x00007ffc112f0000 - 0x00007ffc11507000 	C:\WINDOWS\SYSTEM32\ntdll.dll
0x00007ffc0fc80000 - 0x00007ffc0fd44000 	C:\WINDOWS\System32\KERNEL32.DLL
0x00007ffc0e6e0000 - 0x00007ffc0ea86000 	C:\WINDOWS\System32\KERNELBASE.dll
0x00007ffc0eb30000 - 0x00007ffc0ec41000 	C:\WINDOWS\System32\ucrtbase.dll
0x00007ffbfb7d0000 - 0x00007ffbfb7e9000 	C:\Program Files\Java\jdk-17\bin\jli.dll
0x00007ffc0f0e0000 - 0x00007ffc0f191000 	C:\WINDOWS\System32\ADVAPI32.dll
0x00007ffc07820000 - 0x00007ffc0783b000 	C:\Program Files\Java\jdk-17\bin\VCRUNTIME140.dll
0x00007ffc0f2f0000 - 0x00007ffc0f397000 	C:\WINDOWS\System32\msvcrt.dll
0x00007ffc0fd50000 - 0x00007ffc0fdf5000 	C:\WINDOWS\System32\sechost.dll
0x00007ffc0fe00000 - 0x00007ffc0ff17000 	C:\WINDOWS\System32\RPCRT4.dll
0x00007ffc11080000 - 0x00007ffc1122e000 	C:\WINDOWS\System32\USER32.dll
0x00007ffc0ed10000 - 0x00007ffc0ed36000 	C:\WINDOWS\System32\win32u.dll
0x00007ffc0f040000 - 0x00007ffc0f069000 	C:\WINDOWS\System32\GDI32.dll
0x00007ffbffec0000 - 0x00007ffc00153000 	C:\WINDOWS\WinSxS\amd64_microsoft.windows.common-controls_6595b64144ccf1df_6.0.22621.2506_none_270c5ae97388e100\COMCTL32.dll
0x00007ffc0eeb0000 - 0x00007ffc0efc8000 	C:\WINDOWS\System32\gdi32full.dll
0x00007ffc0ea90000 - 0x00007ffc0eb2a000 	C:\WINDOWS\System32\msvcp_win.dll
0x00007ffc03b10000 - 0x00007ffc03b1a000 	C:\WINDOWS\SYSTEM32\VERSION.dll
0x00007ffc0f3a0000 - 0x00007ffc0f3d1000 	C:\WINDOWS\System32\IMM32.DLL
0x00007ffc097a0000 - 0x00007ffc097ac000 	C:\Program Files\Java\jdk-17\bin\vcruntime140_1.dll
0x00007ffbcecc0000 - 0x00007ffbced4e000 	C:\Program Files\Java\jdk-17\bin\msvcp140.dll
0x00007ffbb1a30000 - 0x00007ffbb2611000 	C:\Program Files\Java\jdk-17\bin\server\jvm.dll
0x00007ffc0ff20000 - 0x00007ffc0ff28000 	C:\WINDOWS\System32\PSAPI.DLL
0x00007ffbe6590000 - 0x00007ffbe6599000 	C:\WINDOWS\SYSTEM32\WSOCK32.dll
0x00007ffc0f800000 - 0x00007ffc0f871000 	C:\WINDOWS\System32\WS2_32.dll
0x00007ffc05c60000 - 0x00007ffc05c94000 	C:\WINDOWS\SYSTEM32\WINMM.dll
0x00007ffc0d750000 - 0x00007ffc0d768000 	C:\WINDOWS\SYSTEM32\kernel.appcore.dll
0x00007ffbfb590000 - 0x00007ffbfb59a000 	C:\Program Files\Java\jdk-17\bin\jimage.dll
0x00007ffc0be80000 - 0x00007ffc0c0b3000 	C:\WINDOWS\SYSTEM32\DBGHELP.DLL
0x00007ffc0f880000 - 0x00007ffc0fc09000 	C:\WINDOWS\System32\combase.dll
0x00007ffc109b0000 - 0x00007ffc10a87000 	C:\WINDOWS\System32\OLEAUT32.dll
0x00007ffc026b0000 - 0x00007ffc026e2000 	C:\WINDOWS\SYSTEM32\dbgcore.DLL
0x00007ffc0e660000 - 0x00007ffc0e6da000 	C:\WINDOWS\System32\bcryptPrimitives.dll
0x00007ffbe7c90000 - 0x00007ffbe7cb5000 	C:\Program Files\Java\jdk-17\bin\java.dll

dbghelp: loaded successfully - version: 4.0.5 - missing functions: none
symbol engine: initialized successfully - sym options: 0x614 - pdb path: .;C:\Program Files\Java\jdk-17\bin;C:\WINDOWS\SYSTEM32;C:\WINDOWS\WinSxS\amd64_microsoft.windows.common-controls_6595b64144ccf1df_6.0.22621.2506_none_270c5ae97388e100;C:\Program Files\Java\jdk-17\bin\server

VM Arguments:
jvm_args: -Dfile.encoding=utf8 
java_command: c:\Users\Caelus\.vscode\extensions\vscjava.vscode-gradle-3.13.5\lib\gradle-language-server.jar
java_class_path (initial): c:\Users\Caelus\.vscode\extensions\vscjava.vscode-gradle-3.13.5\lib\gradle-language-server.jar
Launcher Type: SUN_STANDARD

[Global flags]
     intx CICompilerCount                          = 12                                        {product} {ergonomic}
     uint ConcGCThreads                            = 3                                         {product} {ergonomic}
     uint G1ConcRefinementThreads                  = 13                                        {product} {ergonomic}
   size_t G1HeapRegionSize                         = 2097152                                   {product} {ergonomic}
    uintx GCDrainStackTargetSize                   = 64                                        {product} {ergonomic}
   size_t InitialHeapSize                          = 266338304                                 {product} {ergonomic}
   size_t MarkStackSize                            = 4194304                                   {product} {ergonomic}
   size_t MaxHeapSize                              = 4240441344                                {product} {ergonomic}
   size_t MinHeapDeltaBytes                        = 2097152                                   {product} {ergonomic}
   size_t MinHeapSize                              = 8388608                                   {product} {ergonomic}
    uintx NonNMethodCodeHeapSize                   = 7602480                                {pd product} {ergonomic}
    uintx NonProfiledCodeHeapSize                  = 122027880                              {pd product} {ergonomic}
    uintx ProfiledCodeHeapSize                     = 122027880                              {pd product} {ergonomic}
    uintx ReservedCodeCacheSize                    = 251658240                              {pd product} {ergonomic}
     bool SegmentedCodeCache                       = true                                      {product} {ergonomic}
   size_t SoftMaxHeapSize                          = 4240441344                             {manageable} {ergonomic}
     bool UseCompressedClassPointers               = true                           {product lp64_product} {ergonomic}
     bool UseCompressedOops                        = true                           {product lp64_product} {ergonomic}
     bool UseG1GC                                  = true                                      {product} {ergonomic}
     bool UseLargePagesIndividualAllocation        = false                                  {pd product} {ergonomic}

Logging:
Log output configuration:
 #0: stdout all=warning uptime,level,tags
 #1: stderr all=off uptime,level,tags

Environment Variables:
JAVA_HOME=C:\Program Files\Java\jdk-17
PATH=C:\Program Files\Common Files\Oracle\Java\javapath;C:\Program Files\Eclipse Adoptium\jdk-11.0.20.101-hotspot\bin;C:\Python312\Scripts\;C:\Python312\;C:\WINDOWS\system32;C:\WINDOWS;C:\WINDOWS\System32\Wbem;C:\WINDOWS\System32\WindowsPowerShell\v1.0\;C:\WINDOWS\System32\OpenSSH\;C:\Program Files (x86)\NVIDIA Corporation\PhysX\Common;C:\Program Files\NVIDIA Corporation\NVIDIA NvDLISR;C:\ProgramData\chocolatey\bin;C:\Program Files\Git\cmd;C:\Program Files\nodejs\;C:\Program Files\dotnet\;C:\Program Files\Java\jdk-17\bin;C:\Users\Caelus\AppData\Local\Microsoft\WindowsApps;C:\Users\Caelus\AppData\Roaming\npm;C:\Users\Caelus\AppData\Local\Programs\Microsoft VS Code\bin;C:\Users\Caelus\AppData\Local\Android\Sdk\platform-tools;
USERNAME=Caelus
OS=Windows_NT
PROCESSOR_IDENTIFIER=AMD64 Family 25 Model 80 Stepping 0, AuthenticAMD



---------------  S Y S T E M  ---------------

OS:
 Windows 11 , 64 bit Build 22621 (10.0.22621.2506)
OS uptime: 1 days 5:53 hours

CPU: total 16 (initial active 16) (16 cores per cpu, 2 threads per core) family 25 model 80 stepping 0 microcode 0x0, cx8, cmov, fxsr, ht, mmx, 3dnowpref, sse, sse2, sse3, ssse3, sse4a, sse4.1, sse4.2, popcnt, lzcnt, tsc, tscinvbit, avx, avx2, aes, erms, clmul, bmi1, bmi2, adx, sha, fma, vzeroupper, clflush, clflushopt

Memory: 4k page, system-wide physical 16171M (5960M free)
TotalPageFile size 65323M (AvailPageFile size 5M)
current process WorkingSet (physical memory assigned to process): 10M, peak: 10M
current process commit charge ("private bytes"): 15M, peak: 16M

vm_info: Java HotSpot(TM) 64-Bit Server VM (17.0.9+11-LTS-201) for windows-amd64 JRE (17.0.9+11-LTS-201), built on Oct 10 2023 23:16:06 by "mach5one" with MS VC++ 17.1 (VS2022)

END.
