#
# There is insufficient memory for the Java Runtime Environment to continue.
# Native memory allocation (malloc) failed to allocate 820736 bytes for Chunk::new
# Possible reasons:
#   The system is out of physical RAM or swap space
#   The process is running with CompressedOops enabled, and the Java Heap may be blocking the growth of the native heap
# Possible solutions:
#   Reduce memory load on the system
#   Increase physical memory or swap space
#   Check if swap backing store is full
#   Decrease Java heap size (-Xmx/-Xms)
#   Decrease number of Java threads
#   Decrease Java thread stack sizes (-Xss)
#   Set larger code cache with -XX:ReservedCodeCacheSize=
#   JVM is running with Unscaled Compressed Oops mode in which the Java heap is
#     placed in the first 4GB address space. The Java Heap base address is the
#     maximum limit for the native heap growth. Please use -XX:HeapBaseMinAddress
#     to set the Java Heap base and to place the Java Heap above 4GB virtual address.
# This output file may be truncated or incomplete.
#
#  Out of Memory Error (arena.cpp:191), pid=18268, tid=3596
#
# JRE version: OpenJDK Runtime Environment Temurin-17.0.9+9 (17.0.9+9) (build 17.0.9+9)
# Java VM: OpenJDK 64-Bit Server VM Temurin-17.0.9+9 (17.0.9+9, mixed mode, tiered, compressed oops, compressed class ptrs, parallel gc, windows-amd64)
# No core dump will be written. Minidumps are not enabled by default on client versions of Windows
#

---------------  S U M M A R Y ------------

Command Line: --add-modules=ALL-SYSTEM --add-opens=java.base/java.util=ALL-UNNAMED --add-opens=java.base/java.lang=ALL-UNNAMED --add-opens=java.base/sun.nio.fs=ALL-UNNAMED -Declipse.application=org.eclipse.jdt.ls.core.id1 -Dosgi.bundles.defaultStartLevel=4 -Declipse.product=org.eclipse.jdt.ls.core.product -Djava.import.generatesMetadataFilesAtProjectRoot=false -DDetectVMInstallationsJob.disabled=true -Dfile.encoding=utf8 -XX:+UseParallelGC -XX:GCTimeRatio=4 -XX:AdaptiveSizePolicyWeight=90 -Dsun.zip.disableMemoryMapping=true -Xmx1G -Xms100m -Xlog:disable -javaagent:c:\Users\Caelus\.vscode\extensions\redhat.java-1.25.1-win32-x64\lombok\lombok-1.18.30.jar -XX:+HeapDumpOnOutOfMemoryError -XX:HeapDumpPath=c:\Users\Caelus\AppData\Roaming\Code\User\workspaceStorage\e4dd59b8ace720ec1d68240b8080ed6d\redhat.java -Daether.dependencyCollector.impl=bf c:\Users\Caelus\.vscode\extensions\redhat.java-1.25.1-win32-x64\server\plugins\org.eclipse.equinox.launcher_1.6.600.v20231106-1826.jar -configuration c:\Users\Caelus\AppData\Roaming\Code\User\globalStorage\redhat.java\1.25.1\config_win -data c:\Users\Caelus\AppData\Roaming\Code\User\workspaceStorage\e4dd59b8ace720ec1d68240b8080ed6d\redhat.java\jdt_ws --stdio

Host: AMD Ryzen 7 5700G with Radeon Graphics         , 16 cores, 15G,  Windows 11 , 64 bit Build 22621 (10.0.22621.2506)
Time: Tue Jan  9 16:16:38 2024 Malay Peninsula Standard Time elapsed time: 4.047577 seconds (0d 0h 0m 4s)

---------------  T H R E A D  ---------------

Current thread (0x0000029143a9efa0):  JavaThread "C2 CompilerThread0" daemon [_thread_in_native, id=3596, stack(0x000000dd1c400000,0x000000dd1c500000)]


Current CompileTask:
C2:   4047 4356       4       jdk.internal.org.objectweb.asm.Frame::execute (2318 bytes)

Stack: [0x000000dd1c400000,0x000000dd1c500000]
Native frames: (J=compiled Java code, j=interpreted, Vv=VM code, C=native code)
V  [jvm.dll+0x67cf49]
V  [jvm.dll+0x83478a]
V  [jvm.dll+0x83624e]
V  [jvm.dll+0x8368b3]
V  [jvm.dll+0x247f1f]
V  [jvm.dll+0xac43c]
V  [jvm.dll+0xaca8c]
V  [jvm.dll+0x2af45f]
V  [jvm.dll+0x5853f7]
V  [jvm.dll+0x222f62]
V  [jvm.dll+0x22334f]
V  [jvm.dll+0x21c476]
V  [jvm.dll+0x2198c1]
V  [jvm.dll+0x1a57cd]
V  [jvm.dll+0x2297ae]
V  [jvm.dll+0x22797c]
V  [jvm.dll+0x7e9877]
V  [jvm.dll+0x7e3c3a]
V  [jvm.dll+0x67be35]
C  [ucrtbase.dll+0x29363]
C  [KERNEL32.DLL+0x1257d]
C  [ntdll.dll+0x5aa58]


---------------  P R O C E S S  ---------------

Threads class SMR info:
_java_thread_list=0x000002914766f4a0, length=32, elements={
0x0000029128b2aa80, 0x000002913e90e020, 0x000002913e90f410, 0x000002913e91e310,
0x0000029143a9a000, 0x0000029143a9a8d0, 0x0000029143a9bb40, 0x0000029143a9efa0,
0x0000029143aac300, 0x0000029143adef70, 0x0000029143bb8870, 0x0000029128b8c960,
0x0000029143c5f2e0, 0x0000029145c097a0, 0x00000291466794a0, 0x00000291465e5400,
0x000002914653fb70, 0x00000291465d9080, 0x0000029146d6e910, 0x0000029146bab770,
0x0000029146a01f50, 0x0000029146a02460, 0x0000029146a02e80, 0x0000029146b36a10,
0x00000291475aea10, 0x00000291471d3020, 0x0000029146a02970, 0x0000029146a03db0,
0x00000291484835e0, 0x00000291484820a0, 0x0000029148480b60, 0x0000029146a01530
}

Java Threads: ( => current thread )
  0x0000029128b2aa80 JavaThread "main" [_thread_in_vm, id=1100, stack(0x000000dd1b900000,0x000000dd1ba00000)]
  0x000002913e90e020 JavaThread "Reference Handler" daemon [_thread_blocked, id=27600, stack(0x000000dd1bd00000,0x000000dd1be00000)]
  0x000002913e90f410 JavaThread "Finalizer" daemon [_thread_blocked, id=3660, stack(0x000000dd1be00000,0x000000dd1bf00000)]
  0x000002913e91e310 JavaThread "Signal Dispatcher" daemon [_thread_blocked, id=12192, stack(0x000000dd1c000000,0x000000dd1c100000)]
  0x0000029143a9a000 JavaThread "Attach Listener" daemon [_thread_blocked, id=14908, stack(0x000000dd1c100000,0x000000dd1c200000)]
  0x0000029143a9a8d0 JavaThread "Service Thread" daemon [_thread_blocked, id=24360, stack(0x000000dd1c200000,0x000000dd1c300000)]
  0x0000029143a9bb40 JavaThread "Monitor Deflation Thread" daemon [_thread_blocked, id=9880, stack(0x000000dd1c300000,0x000000dd1c400000)]
=>0x0000029143a9efa0 JavaThread "C2 CompilerThread0" daemon [_thread_in_native, id=3596, stack(0x000000dd1c400000,0x000000dd1c500000)]
  0x0000029143aac300 JavaThread "C1 CompilerThread0" daemon [_thread_blocked, id=28404, stack(0x000000dd1c500000,0x000000dd1c600000)]
  0x0000029143adef70 JavaThread "Sweeper thread" daemon [_thread_blocked, id=22268, stack(0x000000dd1c600000,0x000000dd1c700000)]
  0x0000029143bb8870 JavaThread "Common-Cleaner" daemon [_thread_blocked, id=2044, stack(0x000000dd1c700000,0x000000dd1c800000)]
  0x0000029128b8c960 JavaThread "C1 CompilerThread1" daemon [_thread_in_native, id=29360, stack(0x000000dd1c800000,0x000000dd1c900000)]
  0x0000029143c5f2e0 JavaThread "C1 CompilerThread2" daemon [_thread_blocked, id=27276, stack(0x000000dd1c900000,0x000000dd1ca00000)]
  0x0000029145c097a0 JavaThread "Notification Thread" daemon [_thread_blocked, id=2412, stack(0x000000dd1cc00000,0x000000dd1cd00000)]
  0x00000291466794a0 JavaThread "Active Thread: Equinox Container: f1bebe37-1637-4f03-9935-9ab9a351f75a" [_thread_blocked, id=23892, stack(0x000000dd1d300000,0x000000dd1d400000)]
  0x00000291465e5400 JavaThread "Framework Event Dispatcher: Equinox Container: f1bebe37-1637-4f03-9935-9ab9a351f75a" daemon [_thread_blocked, id=10548, stack(0x000000dd1d400000,0x000000dd1d500000)]
  0x000002914653fb70 JavaThread "Start Level: Equinox Container: f1bebe37-1637-4f03-9935-9ab9a351f75a" daemon [_thread_blocked, id=3184, stack(0x000000dd1d500000,0x000000dd1d600000)]
  0x00000291465d9080 JavaThread "Bundle File Closer" daemon [_thread_blocked, id=8052, stack(0x000000dd1d800000,0x000000dd1d900000)]
  0x0000029146d6e910 JavaThread "SCR Component Actor" daemon [_thread_blocked, id=2764, stack(0x000000dd1d900000,0x000000dd1da00000)]
  0x0000029146bab770 JavaThread "SCR Component Registry" daemon [_thread_blocked, id=10332, stack(0x000000dd1dc00000,0x000000dd1dd00000)]
  0x0000029146a01f50 JavaThread "Worker-JM" [_thread_blocked, id=16024, stack(0x000000dd1dd00000,0x000000dd1de00000)]
  0x0000029146a02460 JavaThread "Worker-0" [_thread_blocked, id=25584, stack(0x000000dd1ca00000,0x000000dd1cb00000)]
  0x0000029146a02e80 JavaThread "Worker-1" [_thread_blocked, id=18620, stack(0x000000dd1cb00000,0x000000dd1cc00000)]
  0x0000029146b36a10 JavaThread "C1 CompilerThread3" daemon [_thread_blocked, id=2096, stack(0x000000dd1e200000,0x000000dd1e300000)]
  0x00000291475aea10 JavaThread "C2 CompilerThread1" daemon [_thread_blocked, id=18964, stack(0x000000dd1e100000,0x000000dd1e200000)]
  0x00000291471d3020 JavaThread "C2 CompilerThread2" daemon [_thread_in_native, id=9268, stack(0x000000dd1e300000,0x000000dd1e400000)]
  0x0000029146a02970 JavaThread "Java indexing" daemon [_thread_blocked, id=28100, stack(0x000000dd1e400000,0x000000dd1e500000)]
  0x0000029146a03db0 JavaThread "JNA Cleaner" daemon [_thread_blocked, id=27104, stack(0x000000dd1e500000,0x000000dd1e600000)]
  0x00000291484835e0 JavaThread "C2 CompilerThread3" daemon [_thread_in_native, id=1684, stack(0x000000dd1e600000,0x000000dd1e700000)]
  0x00000291484820a0 JavaThread "C2 CompilerThread4" daemon [_thread_in_native, id=28128, stack(0x000000dd1e700000,0x000000dd1e800000)]
  0x0000029148480b60 JavaThread "C2 CompilerThread5" daemon [_thread_in_native, id=16676, stack(0x000000dd1e800000,0x000000dd1e900000)]
  0x0000029146a01530 JavaThread "pool-2-thread-1" [_thread_blocked, id=2588, stack(0x000000dd1e900000,0x000000dd1ea00000)]

Other Threads:
  0x0000029128bd8d20 VMThread "VM Thread" [stack: 0x000000dd1bc00000,0x000000dd1bd00000] [id=21276]
  0x0000029145c09c80 WatcherThread [stack: 0x000000dd1cd00000,0x000000dd1ce00000] [id=24240]
  0x0000029128b3fe80 GCTaskThread "GC Thread#0" [stack: 0x000000dd1bb00000,0x000000dd1bc00000] [id=5740]
  0x00000291462b2370 GCTaskThread "GC Thread#1" [stack: 0x000000dd1ce00000,0x000000dd1cf00000] [id=15424]
  0x00000291462b2a40 GCTaskThread "GC Thread#2" [stack: 0x000000dd1cf00000,0x000000dd1d000000] [id=14524]
  0x00000291462b2d00 GCTaskThread "GC Thread#3" [stack: 0x000000dd1d000000,0x000000dd1d100000] [id=6920]
  0x00000291462b2fc0 GCTaskThread "GC Thread#4" [stack: 0x000000dd1d100000,0x000000dd1d200000] [id=3292]
  0x0000029145e12f10 GCTaskThread "GC Thread#5" [stack: 0x000000dd1d200000,0x000000dd1d300000] [id=15312]
  0x00000291467eb020 GCTaskThread "GC Thread#6" [stack: 0x000000dd1d600000,0x000000dd1d700000] [id=3080]
  0x00000291467eb2e0 GCTaskThread "GC Thread#7" [stack: 0x000000dd1d700000,0x000000dd1d800000] [id=4328]
  0x00000291467ea7e0 GCTaskThread "GC Thread#8" [stack: 0x000000dd1da00000,0x000000dd1db00000] [id=18292]
  0x00000291467eb5a0 GCTaskThread "GC Thread#9" [stack: 0x000000dd1db00000,0x000000dd1dc00000] [id=3448]
  0x00000291467ead60 GCTaskThread "GC Thread#10" [stack: 0x000000dd1de00000,0x000000dd1df00000] [id=19296]
  0x00000291467e9fa0 GCTaskThread "GC Thread#11" [stack: 0x000000dd1df00000,0x000000dd1e000000] [id=13776]
  0x00000291467ea260 GCTaskThread "GC Thread#12" [stack: 0x000000dd1e000000,0x000000dd1e100000] [id=5568]

Threads with active compile tasks:
C2 CompilerThread0     4061 4356       4       jdk.internal.org.objectweb.asm.Frame::execute (2318 bytes)
C2 CompilerThread2     4061 4335       4       org.eclipse.core.internal.resources.Resource$$Lambda$222/0x00000001003ae000::visitElement (27 bytes)
C2 CompilerThread3     4062 4336   !   4       org.eclipse.core.internal.resources.Resource::lambda$0 (159 bytes)
C2 CompilerThread4     4062 4338       4       org.eclipse.debug.internal.core.LaunchManager$ResourceProxyVisitor::visit (68 bytes)
C2 CompilerThread5     4062 4337       4       org.eclipse.core.internal.watson.ElementTreeIterator::doIteration (114 bytes)

VM state: not at safepoint (normal execution)

VM Mutex/Monitor currently owned by a thread: None

Heap address: 0x00000000c0000000, size: 1024 MB, Compressed Oops mode: 32-bit

CDS archive(s) not mapped
Compressed class space mapped at: 0x0000000100000000-0x0000000140000000, reserved size: 1073741824
Narrow klass base: 0x0000000000000000, Narrow klass shift: 3, Narrow klass range: 0x140000000

GC Precious Log:
 CPUs: 16 total, 16 available
 Memory: 16171M
 Large Page Support: Disabled
 NUMA Support: Disabled
 Compressed Oops: Enabled (32-bit)
 Alignments: Space 512K, Generation 512K, Heap 2M
 Heap Min Capacity: 100M
 Heap Initial Capacity: 100M
 Heap Max Capacity: 1G
 Pre-touch: Disabled
 Parallel Workers: 13

Heap:
 PSYoungGen      total 24576K, used 6820K [0x00000000eab00000, 0x00000000ec780000, 0x0000000100000000)
  eden space 23040K, 24% used [0x00000000eab00000,0x00000000eb072e60,0x00000000ec180000)
  from space 1536K, 80% used [0x00000000ec480000,0x00000000ec5b6508,0x00000000ec600000)
  to   space 1536K, 0% used [0x00000000ec600000,0x00000000ec600000,0x00000000ec780000)
 ParOldGen       total 68608K, used 14638K [0x00000000c0000000, 0x00000000c4300000, 0x00000000eab00000)
  object space 68608K, 21% used [0x00000000c0000000,0x00000000c0e4bba0,0x00000000c4300000)
 Metaspace       used 38006K, committed 38720K, reserved 1114112K
  class space    used 3794K, committed 4096K, reserved 1048576K

Card table byte_map: [0x000002913c1b0000,0x000002913c3c0000] _byte_map_base: 0x000002913bbb0000

Marking Bits: (ParMarkBitMap*) 0x00007ffa8615d0b0
 Begin Bits: [0x000002913c520000, 0x000002913d520000)
 End Bits:   [0x000002913d520000, 0x000002913e520000)

Polling page: 0x0000029128be0000

Metaspace:

Usage:
  Non-class:     33.41 MB used.
      Class:      3.71 MB used.
       Both:     37.12 MB used.

Virtual space:
  Non-class space:       64.00 MB reserved,      33.81 MB ( 53%) committed,  1 nodes.
      Class space:        1.00 GB reserved,       4.00 MB ( <1%) committed,  1 nodes.
             Both:        1.06 GB reserved,      37.81 MB (  3%) committed. 

Chunk freelists:
   Non-Class:  13.33 MB
       Class:  11.83 MB
        Both:  25.16 MB

MaxMetaspaceSize: unlimited
CompressedClassSpaceSize: 1.00 GB
Initial GC threshold: 21.00 MB
Current GC threshold: 58.38 MB
CDS: off
MetaspaceReclaimPolicy: balanced
 - commit_granule_bytes: 65536.
 - commit_granule_words: 8192.
 - virtual_space_node_default_size: 8388608.
 - enlarge_chunks_in_place: 1.
 - new_chunks_are_fully_committed: 0.
 - uncommit_free_chunks: 1.
 - use_allocation_guard: 0.
 - handle_deallocations: 1.


Internal statistics:

num_allocs_failed_limit: 6.
num_arena_births: 378.
num_arena_deaths: 14.
num_vsnodes_births: 2.
num_vsnodes_deaths: 0.
num_space_committed: 605.
num_space_uncommitted: 0.
num_chunks_returned_to_freelist: 20.
num_chunks_taken_from_freelist: 1549.
num_chunk_merges: 10.
num_chunk_splits: 1027.
num_chunks_enlarged: 721.
num_inconsistent_stats: 0.

CodeHeap 'non-profiled nmethods': size=119168Kb used=2121Kb max_used=2121Kb free=117046Kb
 bounds [0x0000029134b70000, 0x0000029134de0000, 0x000002913bfd0000]
CodeHeap 'profiled nmethods': size=119104Kb used=9459Kb max_used=9459Kb free=109644Kb
 bounds [0x000002912cfd0000, 0x000002912d910000, 0x0000029134420000]
CodeHeap 'non-nmethods': size=7488Kb used=2962Kb max_used=3021Kb free=4525Kb
 bounds [0x0000029134420000, 0x0000029134720000, 0x0000029134b70000]
 total_blobs=5053 nmethods=4458 adapters=506
 compilation: enabled
              stopped_count=0, restarted_count=0
 full_count=0

Compilation events (20 events):
Event: 4.004 Thread 0x00000291475aea10 4434       4       sun.reflect.generics.parser.SignatureParser::skipIdentifier (67 bytes)
Event: 4.008 Thread 0x00000291475aea10 nmethod 4434 0x0000029134d7fc90 code [0x0000029134d7fe40, 0x0000029134d80158]
Event: 4.011 Thread 0x00000291475aea10 4435       4       java.lang.ThreadLocal::set (30 bytes)
Event: 4.015 Thread 0x0000029146b36a10 4436   !   3       sun.reflect.annotation.AnnotationParser::parseAnnotations (37 bytes)
Event: 4.015 Thread 0x0000029128b8c960 4437       3       java.lang.reflect.Method::isSynthetic (5 bytes)
Event: 4.015 Thread 0x0000029143aac300 4438       3       java.lang.reflect.Executable::isSynthetic (8 bytes)
Event: 4.015 Thread 0x0000029143c5f2e0 4439       3       java.lang.reflect.Modifier::isSynthetic (14 bytes)
Event: 4.015 Thread 0x0000029143c5f2e0 nmethod 4439 0x000002912d8fe390 code [0x000002912d8fe520, 0x000002912d8fe678]
Event: 4.015 Thread 0x0000029128b8c960 nmethod 4437 0x000002912d8fe710 code [0x000002912d8fe8c0, 0x000002912d8feaf8]
Event: 4.015 Thread 0x0000029146b36a10 nmethod 4436 0x000002912d8fec10 code [0x000002912d8fee00, 0x000002912d8ff128]
Event: 4.015 Thread 0x0000029143aac300 nmethod 4438 0x000002912d8ff290 code [0x000002912d8ff440, 0x000002912d8ff6c8]
Event: 4.015 Thread 0x0000029146b36a10 4440       3       org.eclipse.lsp4j.jsonrpc.services.AnnotationUtil::createMethodInfo (51 bytes)
Event: 4.016 Thread 0x00000291475aea10 nmethod 4435 0x0000029134d80910 code [0x0000029134d80ae0, 0x0000029134d80ec8]
Event: 4.016 Thread 0x0000029146b36a10 nmethod 4440 0x000002912d8ff790 code [0x000002912d8ffac0, 0x000002912d900d98]
Event: 4.017 Thread 0x0000029143aac300 4442       3       org.eclipse.lsp4j.jsonrpc.services.AnnotationUtil::isDelegateMethod (59 bytes)
Event: 4.018 Thread 0x0000029143aac300 nmethod 4442 0x000002912d901310 code [0x000002912d9015c0, 0x000002912d902238]
Event: 4.032 Thread 0x00000291475aea10 4443       4       java.security.CodeSource::getCertificates (98 bytes)
Event: 4.037 Thread 0x00000291475aea10 nmethod 4443 0x0000029134d81210 code [0x0000029134d813e0, 0x0000029134d818f8]
Event: 4.038 Thread 0x00000291475aea10 4444       4       java.util.RegularEnumSet::contains (57 bytes)
Event: 4.039 Thread 0x00000291475aea10 nmethod 4444 0x0000029134d81c90 code [0x0000029134d81e00, 0x0000029134d81f18]

GC Heap History (20 events):
Event: 1.811 GC heap before
{Heap before GC invocations=4 (full 0):
 PSYoungGen      total 29696K, used 29671K [0x00000000eab00000, 0x00000000ecc00000, 0x0000000100000000)
  eden space 25600K, 99% used [0x00000000eab00000,0x00000000ec3ffed0,0x00000000ec400000)
  from space 4096K, 99% used [0x00000000ec400000,0x00000000ec7f9f88,0x00000000ec800000)
  to   space 4096K, 0% used [0x00000000ec800000,0x00000000ec800000,0x00000000ecc00000)
 ParOldGen       total 68608K, used 5227K [0x00000000c0000000, 0x00000000c4300000, 0x00000000eab00000)
  object space 68608K, 7% used [0x00000000c0000000,0x00000000c051ad28,0x00000000c4300000)
 Metaspace       used 20338K, committed 20736K, reserved 1114112K
  class space    used 2030K, committed 2176K, reserved 1048576K
}
Event: 1.814 GC heap after
{Heap after GC invocations=4 (full 0):
 PSYoungGen      total 29696K, used 4072K [0x00000000eab00000, 0x00000000ecc00000, 0x0000000100000000)
  eden space 25600K, 0% used [0x00000000eab00000,0x00000000eab00000,0x00000000ec400000)
  from space 4096K, 99% used [0x00000000ec800000,0x00000000ecbfa0d0,0x00000000ecc00000)
  to   space 4096K, 0% used [0x00000000ec400000,0x00000000ec400000,0x00000000ec800000)
 ParOldGen       total 68608K, used 6391K [0x00000000c0000000, 0x00000000c4300000, 0x00000000eab00000)
  object space 68608K, 9% used [0x00000000c0000000,0x00000000c063dfe8,0x00000000c4300000)
 Metaspace       used 20338K, committed 20736K, reserved 1114112K
  class space    used 2030K, committed 2176K, reserved 1048576K
}
Event: 1.873 GC heap before
{Heap before GC invocations=5 (full 0):
 PSYoungGen      total 29696K, used 8272K [0x00000000eab00000, 0x00000000ecc00000, 0x0000000100000000)
  eden space 25600K, 16% used [0x00000000eab00000,0x00000000eaf19fa8,0x00000000ec400000)
  from space 4096K, 99% used [0x00000000ec800000,0x00000000ecbfa0d0,0x00000000ecc00000)
  to   space 4096K, 0% used [0x00000000ec400000,0x00000000ec400000,0x00000000ec800000)
 ParOldGen       total 68608K, used 6391K [0x00000000c0000000, 0x00000000c4300000, 0x00000000eab00000)
  object space 68608K, 9% used [0x00000000c0000000,0x00000000c063dfe8,0x00000000c4300000)
 Metaspace       used 21015K, committed 21504K, reserved 1114112K
  class space    used 2095K, committed 2304K, reserved 1048576K
}
Event: 1.875 GC heap after
{Heap after GC invocations=5 (full 0):
 PSYoungGen      total 29696K, used 4089K [0x00000000eab00000, 0x00000000ece00000, 0x0000000100000000)
  eden space 25600K, 0% used [0x00000000eab00000,0x00000000eab00000,0x00000000ec400000)
  from space 4096K, 99% used [0x00000000ec400000,0x00000000ec7fe448,0x00000000ec800000)
  to   space 5120K, 0% used [0x00000000ec900000,0x00000000ec900000,0x00000000ece00000)
 ParOldGen       total 68608K, used 6783K [0x00000000c0000000, 0x00000000c4300000, 0x00000000eab00000)
  object space 68608K, 9% used [0x00000000c0000000,0x00000000c069fe88,0x00000000c4300000)
 Metaspace       used 21015K, committed 21504K, reserved 1114112K
  class space    used 2095K, committed 2304K, reserved 1048576K
}
Event: 1.875 GC heap before
{Heap before GC invocations=6 (full 1):
 PSYoungGen      total 29696K, used 4089K [0x00000000eab00000, 0x00000000ece00000, 0x0000000100000000)
  eden space 25600K, 0% used [0x00000000eab00000,0x00000000eab00000,0x00000000ec400000)
  from space 4096K, 99% used [0x00000000ec400000,0x00000000ec7fe448,0x00000000ec800000)
  to   space 5120K, 0% used [0x00000000ec900000,0x00000000ec900000,0x00000000ece00000)
 ParOldGen       total 68608K, used 6783K [0x00000000c0000000, 0x00000000c4300000, 0x00000000eab00000)
  object space 68608K, 9% used [0x00000000c0000000,0x00000000c069fe88,0x00000000c4300000)
 Metaspace       used 21015K, committed 21504K, reserved 1114112K
  class space    used 2095K, committed 2304K, reserved 1048576K
}
Event: 1.896 GC heap after
{Heap after GC invocations=6 (full 1):
 PSYoungGen      total 29696K, used 0K [0x00000000eab00000, 0x00000000ece00000, 0x0000000100000000)
  eden space 25600K, 0% used [0x00000000eab00000,0x00000000eab00000,0x00000000ec400000)
  from space 4096K, 0% used [0x00000000ec400000,0x00000000ec400000,0x00000000ec800000)
  to   space 5120K, 0% used [0x00000000ec900000,0x00000000ec900000,0x00000000ece00000)
 ParOldGen       total 68608K, used 10480K [0x00000000c0000000, 0x00000000c4300000, 0x00000000eab00000)
  object space 68608K, 15% used [0x00000000c0000000,0x00000000c0a3c078,0x00000000c4300000)
 Metaspace       used 21015K, committed 21504K, reserved 1114112K
  class space    used 2095K, committed 2304K, reserved 1048576K
}
Event: 2.897 GC heap before
{Heap before GC invocations=7 (full 1):
 PSYoungGen      total 29696K, used 25600K [0x00000000eab00000, 0x00000000ece00000, 0x0000000100000000)
  eden space 25600K, 100% used [0x00000000eab00000,0x00000000ec400000,0x00000000ec400000)
  from space 4096K, 0% used [0x00000000ec400000,0x00000000ec400000,0x00000000ec800000)
  to   space 5120K, 0% used [0x00000000ec900000,0x00000000ec900000,0x00000000ece00000)
 ParOldGen       total 68608K, used 10480K [0x00000000c0000000, 0x00000000c4300000, 0x00000000eab00000)
  object space 68608K, 15% used [0x00000000c0000000,0x00000000c0a3c078,0x00000000c4300000)
 Metaspace       used 24110K, committed 24640K, reserved 1114112K
  class space    used 2420K, committed 2624K, reserved 1048576K
}
Event: 2.899 GC heap after
{Heap after GC invocations=7 (full 1):
 PSYoungGen      total 27648K, used 2544K [0x00000000eab00000, 0x00000000ecb80000, 0x0000000100000000)
  eden space 25088K, 0% used [0x00000000eab00000,0x00000000eab00000,0x00000000ec380000)
  from space 2560K, 99% used [0x00000000ec900000,0x00000000ecb7c0a8,0x00000000ecb80000)
  to   space 3584K, 0% used [0x00000000ec480000,0x00000000ec480000,0x00000000ec800000)
 ParOldGen       total 68608K, used 10488K [0x00000000c0000000, 0x00000000c4300000, 0x00000000eab00000)
  object space 68608K, 15% used [0x00000000c0000000,0x00000000c0a3e078,0x00000000c4300000)
 Metaspace       used 24110K, committed 24640K, reserved 1114112K
  class space    used 2420K, committed 2624K, reserved 1048576K
}
Event: 3.129 GC heap before
{Heap before GC invocations=8 (full 1):
 PSYoungGen      total 27648K, used 27632K [0x00000000eab00000, 0x00000000ecb80000, 0x0000000100000000)
  eden space 25088K, 100% used [0x00000000eab00000,0x00000000ec380000,0x00000000ec380000)
  from space 2560K, 99% used [0x00000000ec900000,0x00000000ecb7c0a8,0x00000000ecb80000)
  to   space 3584K, 0% used [0x00000000ec480000,0x00000000ec480000,0x00000000ec800000)
 ParOldGen       total 68608K, used 10488K [0x00000000c0000000, 0x00000000c4300000, 0x00000000eab00000)
  object space 68608K, 15% used [0x00000000c0000000,0x00000000c0a3e078,0x00000000c4300000)
 Metaspace       used 27097K, committed 27712K, reserved 1114112K
  class space    used 2743K, committed 3008K, reserved 1048576K
}
Event: 3.130 GC heap after
{Heap after GC invocations=8 (full 1):
 PSYoungGen      total 28160K, used 3553K [0x00000000eab00000, 0x00000000ecd00000, 0x0000000100000000)
  eden space 24576K, 0% used [0x00000000eab00000,0x00000000eab00000,0x00000000ec300000)
  from space 3584K, 99% used [0x00000000ec480000,0x00000000ec7f85b0,0x00000000ec800000)
  to   space 5120K, 0% used [0x00000000ec800000,0x00000000ec800000,0x00000000ecd00000)
 ParOldGen       total 68608K, used 11470K [0x00000000c0000000, 0x00000000c4300000, 0x00000000eab00000)
  object space 68608K, 16% used [0x00000000c0000000,0x00000000c0b33bc8,0x00000000c4300000)
 Metaspace       used 27097K, committed 27712K, reserved 1114112K
  class space    used 2743K, committed 3008K, reserved 1048576K
}
Event: 3.329 GC heap before
{Heap before GC invocations=9 (full 1):
 PSYoungGen      total 28160K, used 28129K [0x00000000eab00000, 0x00000000ecd00000, 0x0000000100000000)
  eden space 24576K, 100% used [0x00000000eab00000,0x00000000ec300000,0x00000000ec300000)
  from space 3584K, 99% used [0x00000000ec480000,0x00000000ec7f85b0,0x00000000ec800000)
  to   space 5120K, 0% used [0x00000000ec800000,0x00000000ec800000,0x00000000ecd00000)
 ParOldGen       total 68608K, used 11470K [0x00000000c0000000, 0x00000000c4300000, 0x00000000eab00000)
  object space 68608K, 16% used [0x00000000c0000000,0x00000000c0b33bc8,0x00000000c4300000)
 Metaspace       used 30013K, committed 30592K, reserved 1114112K
  class space    used 2934K, committed 3136K, reserved 1048576K
}
Event: 3.331 GC heap after
{Heap after GC invocations=9 (full 1):
 PSYoungGen      total 28160K, used 3697K [0x00000000eab00000, 0x00000000ecc00000, 0x0000000100000000)
  eden space 24064K, 0% used [0x00000000eab00000,0x00000000eab00000,0x00000000ec280000)
  from space 4096K, 90% used [0x00000000ec800000,0x00000000ecb9c508,0x00000000ecc00000)
  to   space 4096K, 0% used [0x00000000ec400000,0x00000000ec400000,0x00000000ec800000)
 ParOldGen       total 68608K, used 11478K [0x00000000c0000000, 0x00000000c4300000, 0x00000000eab00000)
  object space 68608K, 16% used [0x00000000c0000000,0x00000000c0b35bc8,0x00000000c4300000)
 Metaspace       used 30013K, committed 30592K, reserved 1114112K
  class space    used 2934K, committed 3136K, reserved 1048576K
}
Event: 3.482 GC heap before
{Heap before GC invocations=10 (full 1):
 PSYoungGen      total 28160K, used 27761K [0x00000000eab00000, 0x00000000ecc00000, 0x0000000100000000)
  eden space 24064K, 100% used [0x00000000eab00000,0x00000000ec280000,0x00000000ec280000)
  from space 4096K, 90% used [0x00000000ec800000,0x00000000ecb9c508,0x00000000ecc00000)
  to   space 4096K, 0% used [0x00000000ec400000,0x00000000ec400000,0x00000000ec800000)
 ParOldGen       total 68608K, used 11478K [0x00000000c0000000, 0x00000000c4300000, 0x00000000eab00000)
  object space 68608K, 16% used [0x00000000c0000000,0x00000000c0b35bc8,0x00000000c4300000)
 Metaspace       used 32186K, committed 32832K, reserved 1114112K
  class space    used 3106K, committed 3392K, reserved 1048576K
}
Event: 3.484 GC heap after
{Heap after GC invocations=10 (full 1):
 PSYoungGen      total 26624K, used 2619K [0x00000000eab00000, 0x00000000ec880000, 0x0000000100000000)
  eden space 23552K, 0% used [0x00000000eab00000,0x00000000eab00000,0x00000000ec200000)
  from space 3072K, 85% used [0x00000000ec400000,0x00000000ec68ec00,0x00000000ec700000)
  to   space 1536K, 0% used [0x00000000ec700000,0x00000000ec700000,0x00000000ec880000)
 ParOldGen       total 68608K, used 12962K [0x00000000c0000000, 0x00000000c4300000, 0x00000000eab00000)
  object space 68608K, 18% used [0x00000000c0000000,0x00000000c0ca88a0,0x00000000c4300000)
 Metaspace       used 32186K, committed 32832K, reserved 1114112K
  class space    used 3106K, committed 3392K, reserved 1048576K
}
Event: 3.779 GC heap before
{Heap before GC invocations=11 (full 1):
 PSYoungGen      total 26624K, used 19254K [0x00000000eab00000, 0x00000000ec880000, 0x0000000100000000)
  eden space 23552K, 70% used [0x00000000eab00000,0x00000000ebb3ed50,0x00000000ec200000)
  from space 3072K, 85% used [0x00000000ec400000,0x00000000ec68ec00,0x00000000ec700000)
  to   space 1536K, 0% used [0x00000000ec700000,0x00000000ec700000,0x00000000ec880000)
 ParOldGen       total 68608K, used 12962K [0x00000000c0000000, 0x00000000c4300000, 0x00000000eab00000)
  object space 68608K, 18% used [0x00000000c0000000,0x00000000c0ca88a0,0x00000000c4300000)
 Metaspace       used 35217K, committed 35840K, reserved 1114112K
  class space    used 3443K, committed 3712K, reserved 1048576K
}
Event: 3.781 GC heap after
{Heap after GC invocations=11 (full 1):
 PSYoungGen      total 25088K, used 1427K [0x00000000eab00000, 0x00000000ec880000, 0x0000000100000000)
  eden space 23552K, 0% used [0x00000000eab00000,0x00000000eab00000,0x00000000ec200000)
  from space 1536K, 92% used [0x00000000ec700000,0x00000000ec864df0,0x00000000ec880000)
  to   space 2048K, 0% used [0x00000000ec480000,0x00000000ec480000,0x00000000ec680000)
 ParOldGen       total 68608K, used 15088K [0x00000000c0000000, 0x00000000c4300000, 0x00000000eab00000)
  object space 68608K, 21% used [0x00000000c0000000,0x00000000c0ebc0b8,0x00000000c4300000)
 Metaspace       used 35217K, committed 35840K, reserved 1114112K
  class space    used 3443K, committed 3712K, reserved 1048576K
}
Event: 3.781 GC heap before
{Heap before GC invocations=12 (full 2):
 PSYoungGen      total 25088K, used 1427K [0x00000000eab00000, 0x00000000ec880000, 0x0000000100000000)
  eden space 23552K, 0% used [0x00000000eab00000,0x00000000eab00000,0x00000000ec200000)
  from space 1536K, 92% used [0x00000000ec700000,0x00000000ec864df0,0x00000000ec880000)
  to   space 2048K, 0% used [0x00000000ec480000,0x00000000ec480000,0x00000000ec680000)
 ParOldGen       total 68608K, used 15088K [0x00000000c0000000, 0x00000000c4300000, 0x00000000eab00000)
  object space 68608K, 21% used [0x00000000c0000000,0x00000000c0ebc0b8,0x00000000c4300000)
 Metaspace       used 35217K, committed 35840K, reserved 1114112K
  class space    used 3443K, committed 3712K, reserved 1048576K
}
Event: 3.801 GC heap after
{Heap after GC invocations=12 (full 2):
 PSYoungGen      total 25088K, used 0K [0x00000000eab00000, 0x00000000ec880000, 0x0000000100000000)
  eden space 23552K, 0% used [0x00000000eab00000,0x00000000eab00000,0x00000000ec200000)
  from space 1536K, 0% used [0x00000000ec700000,0x00000000ec700000,0x00000000ec880000)
  to   space 2048K, 0% used [0x00000000ec480000,0x00000000ec480000,0x00000000ec680000)
 ParOldGen       total 68608K, used 14630K [0x00000000c0000000, 0x00000000c4300000, 0x00000000eab00000)
  object space 68608K, 21% used [0x00000000c0000000,0x00000000c0e49ba0,0x00000000c4300000)
 Metaspace       used 35203K, committed 35840K, reserved 1114112K
  class space    used 3439K, committed 3712K, reserved 1048576K
}
Event: 4.010 GC heap before
{Heap before GC invocations=13 (full 2):
 PSYoungGen      total 25088K, used 23547K [0x00000000eab00000, 0x00000000ec880000, 0x0000000100000000)
  eden space 23552K, 99% used [0x00000000eab00000,0x00000000ec1fec18,0x00000000ec200000)
  from space 1536K, 0% used [0x00000000ec700000,0x00000000ec700000,0x00000000ec880000)
  to   space 2048K, 0% used [0x00000000ec480000,0x00000000ec480000,0x00000000ec680000)
 ParOldGen       total 68608K, used 14630K [0x00000000c0000000, 0x00000000c4300000, 0x00000000eab00000)
  object space 68608K, 21% used [0x00000000c0000000,0x00000000c0e49ba0,0x00000000c4300000)
 Metaspace       used 37241K, committed 38016K, reserved 1114112K
  class space    used 3696K, committed 4032K, reserved 1048576K
}
Event: 4.010 GC heap after
{Heap after GC invocations=13 (full 2):
 PSYoungGen      total 24576K, used 1241K [0x00000000eab00000, 0x00000000ec780000, 0x0000000100000000)
  eden space 23040K, 0% used [0x00000000eab00000,0x00000000eab00000,0x00000000ec180000)
  from space 1536K, 80% used [0x00000000ec480000,0x00000000ec5b6508,0x00000000ec600000)
  to   space 1536K, 0% used [0x00000000ec600000,0x00000000ec600000,0x00000000ec780000)
 ParOldGen       total 68608K, used 14638K [0x00000000c0000000, 0x00000000c4300000, 0x00000000eab00000)
  object space 68608K, 21% used [0x00000000c0000000,0x00000000c0e4bba0,0x00000000c4300000)
 Metaspace       used 37241K, committed 38016K, reserved 1114112K
  class space    used 3696K, committed 4032K, reserved 1048576K
}

Dll operation events (10 events):
Event: 0.031 Loaded shared library c:\Users\Caelus\.vscode\extensions\redhat.java-1.25.1-win32-x64\jre\17.0.9-win32-x86_64\bin\java.dll
Event: 0.171 Loaded shared library c:\Users\Caelus\.vscode\extensions\redhat.java-1.25.1-win32-x64\jre\17.0.9-win32-x86_64\bin\zip.dll
Event: 0.173 Loaded shared library C:\Users\Caelus\.vscode\extensions\redhat.java-1.25.1-win32-x64\jre\17.0.9-win32-x86_64\bin\instrument.dll
Event: 0.184 Loaded shared library C:\Users\Caelus\.vscode\extensions\redhat.java-1.25.1-win32-x64\jre\17.0.9-win32-x86_64\bin\net.dll
Event: 0.185 Loaded shared library C:\Users\Caelus\.vscode\extensions\redhat.java-1.25.1-win32-x64\jre\17.0.9-win32-x86_64\bin\nio.dll
Event: 0.192 Loaded shared library C:\Users\Caelus\.vscode\extensions\redhat.java-1.25.1-win32-x64\jre\17.0.9-win32-x86_64\bin\zip.dll
Event: 0.207 Loaded shared library C:\Users\Caelus\.vscode\extensions\redhat.java-1.25.1-win32-x64\jre\17.0.9-win32-x86_64\bin\jimage.dll
Event: 0.256 Loaded shared library c:\Users\Caelus\.vscode\extensions\redhat.java-1.25.1-win32-x64\jre\17.0.9-win32-x86_64\bin\verify.dll
Event: 0.925 Loaded shared library C:\Users\Caelus\AppData\Roaming\Code\User\globalStorage\redhat.java\1.25.1\config_win\org.eclipse.equinox.launcher\org.eclipse.equinox.launcher.win32.win32.x86_64_1.2.800.v20231003-1442\eclipse_11802.dll
Event: 3.755 Loaded shared library C:\Users\Caelus\AppData\Local\Temp\jna-2010851075\jna9426805888565211297.dll

Deoptimization events (20 events):
Event: 3.770 Thread 0x000002914653fb70 DEOPT PACKING pc=0x0000029134c902e0 sp=0x000000dd1d5fbc40
Event: 3.770 Thread 0x000002914653fb70 DEOPT UNPACKING pc=0x00000291344766a3 sp=0x000000dd1d5fbb88 mode 2
Event: 3.827 Thread 0x00000291465e5400 DEOPT PACKING pc=0x000002912d235a29 sp=0x000000dd1d4ff430
Event: 3.827 Thread 0x00000291465e5400 DEOPT UNPACKING pc=0x0000029134476e43 sp=0x000000dd1d4fe888 mode 3
Event: 3.843 Thread 0x0000029128b2aa80 Uncommon trap: trap_request=0xffffffbe fr.pc=0x0000029134d3e8e0 relative=0x0000000000000bc0
Event: 3.843 Thread 0x0000029128b2aa80 Uncommon trap: reason=profile_predicate action=maybe_recompile pc=0x0000029134d3e8e0 method=java.util.TreeMap.put(Ljava/lang/Object;Ljava/lang/Object;Z)Ljava/lang/Object; @ 27 c2
Event: 3.843 Thread 0x0000029128b2aa80 DEOPT PACKING pc=0x0000029134d3e8e0 sp=0x000000dd1b9fdb20
Event: 3.843 Thread 0x0000029128b2aa80 DEOPT UNPACKING pc=0x00000291344766a3 sp=0x000000dd1b9fdac0 mode 2
Event: 3.843 Thread 0x0000029128b2aa80 Uncommon trap: trap_request=0xffffffbe fr.pc=0x0000029134d3e8e0 relative=0x0000000000000bc0
Event: 3.843 Thread 0x0000029128b2aa80 Uncommon trap: reason=profile_predicate action=maybe_recompile pc=0x0000029134d3e8e0 method=java.util.TreeMap.put(Ljava/lang/Object;Ljava/lang/Object;Z)Ljava/lang/Object; @ 27 c2
Event: 3.843 Thread 0x0000029128b2aa80 DEOPT PACKING pc=0x0000029134d3e8e0 sp=0x000000dd1b9fdb20
Event: 3.843 Thread 0x0000029128b2aa80 DEOPT UNPACKING pc=0x00000291344766a3 sp=0x000000dd1b9fdac0 mode 2
Event: 3.843 Thread 0x0000029128b2aa80 Uncommon trap: trap_request=0xffffffbe fr.pc=0x0000029134d3e8e0 relative=0x0000000000000bc0
Event: 3.843 Thread 0x0000029128b2aa80 Uncommon trap: reason=profile_predicate action=maybe_recompile pc=0x0000029134d3e8e0 method=java.util.TreeMap.put(Ljava/lang/Object;Ljava/lang/Object;Z)Ljava/lang/Object; @ 27 c2
Event: 3.843 Thread 0x0000029128b2aa80 DEOPT PACKING pc=0x0000029134d3e8e0 sp=0x000000dd1b9fdb20
Event: 3.843 Thread 0x0000029128b2aa80 DEOPT UNPACKING pc=0x00000291344766a3 sp=0x000000dd1b9fdac0 mode 2
Event: 3.870 Thread 0x0000029128b2aa80 Uncommon trap: trap_request=0xffffff45 fr.pc=0x0000029134d21e38 relative=0x0000000000001458
Event: 3.870 Thread 0x0000029128b2aa80 Uncommon trap: reason=unstable_if action=reinterpret pc=0x0000029134d21e38 method=java.util.Properties.loadConvert([CIILjava/lang/StringBuilder;)Ljava/lang/String; @ 477 c2
Event: 3.871 Thread 0x0000029128b2aa80 DEOPT PACKING pc=0x0000029134d21e38 sp=0x000000dd1b9f9070
Event: 3.871 Thread 0x0000029128b2aa80 DEOPT UNPACKING pc=0x00000291344766a3 sp=0x000000dd1b9f9028 mode 2

Classes unloaded (7 events):
Event: 3.783 Thread 0x0000029128bd8d20 Unloading class 0x0000000100254000 'java/lang/invoke/LambdaForm$MH+0x0000000100254000'
Event: 3.783 Thread 0x0000029128bd8d20 Unloading class 0x0000000100253c00 'java/lang/invoke/LambdaForm$MH+0x0000000100253c00'
Event: 3.783 Thread 0x0000029128bd8d20 Unloading class 0x0000000100253800 'java/lang/invoke/LambdaForm$MH+0x0000000100253800'
Event: 3.783 Thread 0x0000029128bd8d20 Unloading class 0x0000000100253400 'java/lang/invoke/LambdaForm$MH+0x0000000100253400'
Event: 3.783 Thread 0x0000029128bd8d20 Unloading class 0x0000000100253000 'java/lang/invoke/LambdaForm$BMH+0x0000000100253000'
Event: 3.783 Thread 0x0000029128bd8d20 Unloading class 0x0000000100252c00 'java/lang/invoke/LambdaForm$DMH+0x0000000100252c00'
Event: 3.783 Thread 0x0000029128bd8d20 Unloading class 0x0000000100250000 'java/lang/invoke/LambdaForm$DMH+0x0000000100250000'

Classes redefined (0 events):
No events

Internal exceptions (20 events):
Event: 3.192 Thread 0x000002914653fb70 Exception <a 'java/io/FileNotFoundException'{0x00000000eb8b9ee0}> (0x00000000eb8b9ee0) 
thrown [s\src\hotspot\share\prims\jni.cpp, line 516]
Event: 3.192 Thread 0x000002914653fb70 Exception <a 'java/io/FileNotFoundException'{0x00000000eb8bad08}> (0x00000000eb8bad08) 
thrown [s\src\hotspot\share\prims\jni.cpp, line 516]
Event: 3.192 Thread 0x000002914653fb70 Exception <a 'java/io/FileNotFoundException'{0x00000000eb8bbb38}> (0x00000000eb8bbb38) 
thrown [s\src\hotspot\share\prims\jni.cpp, line 516]
Event: 3.474 Thread 0x000002914653fb70 Exception <a 'java/io/FileNotFoundException'{0x00000000ec1ed8b8}> (0x00000000ec1ed8b8) 
thrown [s\src\hotspot\share\prims\jni.cpp, line 516]
Event: 3.518 Thread 0x000002914653fb70 Exception <a 'java/lang/ClassNotFoundException'{0x00000000eac8b710}: com/sun/org/apache/xerces/internal/impl/msg/spi/DOMMessagesProvider> (0x00000000eac8b710) 
thrown [s\src\hotspot\share\classfile\systemDictionary.cpp, line 256]
Event: 3.519 Thread 0x000002914653fb70 Exception <a 'java/lang/ClassNotFoundException'{0x00000000eac9ce48}: com/sun/org/apache/xerces/internal/impl/msg/spi/XMLSerializerMessagesProvider> (0x00000000eac9ce48) 
thrown [s\src\hotspot\share\classfile\systemDictionary.cpp, line 256]
Event: 3.520 Thread 0x000002914653fb70 Exception <a 'java/lang/ClassNotFoundException'{0x00000000eacaa120}: com/sun/org/apache/xerces/internal/impl/msg/spi/XMLMessagesProvider> (0x00000000eacaa120) 
thrown [s\src\hotspot\share\classfile\systemDictionary.cpp, line 256]
Event: 3.551 Thread 0x000002914653fb70 Exception <a 'java/lang/NoSuchMethodError'{0x00000000eade5ec0}: 'void java.lang.invoke.DirectMethodHandle$Holder.invokeVirtual(java.lang.Object, java.lang.Object)'> (0x00000000eade5ec0) 
thrown [s\src\hotspot\share\interpreter\linkResolver.cpp, line 759]
Event: 3.576 Thread 0x000002914653fb70 Exception <a 'java/lang/NoSuchMethodError'{0x00000000eaf7f000}: 'java.lang.Object java.lang.invoke.DirectMethodHandle$Holder.invokeStaticInit(java.lang.Object, int, int, int, int)'> (0x00000000eaf7f000) 
thrown [s\src\hotspot\share\interpreter\linkResolver.cpp, line 759]
Event: 3.616 Thread 0x000002914653fb70 Exception <a 'java/lang/NoSuchMethodError'{0x00000000eb0b9098}: 'java.lang.Object java.lang.invoke.DirectMethodHandle$Holder.invokeStaticInit(java.lang.Object, java.lang.Object, int, int, int, int)'> (0x00000000eb0b9098) 
thrown [s\src\hotspot\share\interpreter\linkResolver.cpp, line 759]
Event: 3.652 Thread 0x000002914653fb70 Exception <a 'java/lang/ClassNotFoundException'{0x00000000eb4556d8}: com/sun/org/apache/xml/internal/serializer/spi/XMLEntitiesProvider> (0x00000000eb4556d8) 
thrown [s\src\hotspot\share\classfile\systemDictionary.cpp, line 256]
Event: 3.706 Thread 0x000002914653fb70 Exception <a 'java/io/FileNotFoundException'{0x00000000eb7f0240}> (0x00000000eb7f0240) 
thrown [s\src\hotspot\share\prims\jni.cpp, line 516]
Event: 3.774 Thread 0x000002914653fb70 Exception <a 'java/lang/UnsatisfiedLinkError'{0x00000000ebaeaa10}: The specified procedure could not be found.
> (0x00000000ebaeaa10) 
thrown [s\src\hotspot\share\prims\jni.cpp, line 535]
Event: 3.778 Thread 0x000002914653fb70 Exception <a 'java/io/FileNotFoundException'{0x00000000ebb10168}> (0x00000000ebb10168) 
thrown [s\src\hotspot\share\prims\jni.cpp, line 516]
Event: 3.817 Thread 0x000002914653fb70 Exception <a 'java/lang/UnsatisfiedLinkError'{0x00000000eac39248}: The specified procedure could not be found.
> (0x00000000eac39248) 
thrown [s\src\hotspot\share\prims\jni.cpp, line 535]
Event: 3.832 Thread 0x0000029128b2aa80 Exception <a 'sun/nio/fs/WindowsException'{0x00000000ead18450}> (0x00000000ead18450) 
thrown [s\src\hotspot\share\prims\jni.cpp, line 516]
Event: 3.908 Thread 0x0000029128b2aa80 Exception <a 'java/lang/NoSuchMethodError'{0x00000000ebabad30}: 'java.lang.Object java.lang.invoke.DirectMethodHandle$Holder.invokeStatic(java.lang.Object, java.lang.Object, long, java.lang.Object)'> (0x00000000ebabad30) 
thrown [s\src\hotspot\share\interpreter\linkResolver.cpp, line 759]
Event: 3.908 Thread 0x0000029128b2aa80 Exception <a 'java/lang/NoSuchMethodError'{0x00000000ebabea88}: 'java.lang.Object java.lang.invoke.DirectMethodHandle$Holder.invokeStaticInit(java.lang.Object, java.lang.Object, long, java.lang.Object)'> (0x00000000ebabea88) 
thrown [s\src\hotspot\share\interpreter\linkResolver.cpp, line 759]
Event: 3.909 Thread 0x0000029128b2aa80 Exception <a 'java/lang/NoSuchMethodError'{0x00000000ebac52f8}: 'java.lang.Object java.lang.invoke.DirectMethodHandle$Holder.newInvokeSpecial(java.lang.Object, java.lang.Object, long)'> (0x00000000ebac52f8) 
thrown [s\src\hotspot\share\interpreter\linkResolver.cpp, line 759]
Event: 3.953 Thread 0x0000029128b2aa80 Exception <a 'java/lang/NoSuchMethodError'{0x00000000ebc924e0}: 'void java.lang.invoke.DirectMethodHandle$Holder.invokeStatic(java.lang.Object, java.lang.Object, java.lang.Object, java.lang.Object)'> (0x00000000ebc924e0) 
thrown [s\src\hotspot\share\interpreter\linkResolver.cpp, line 759]

VM Operations (20 events):
Event: 3.482 Executing VM operation: ParallelGCFailedAllocation
Event: 3.484 Executing VM operation: ParallelGCFailedAllocation done
Event: 3.565 Executing VM operation: HandshakeAllThreads
Event: 3.565 Executing VM operation: HandshakeAllThreads done
Event: 3.610 Executing VM operation: HandshakeAllThreads
Event: 3.610 Executing VM operation: HandshakeAllThreads done
Event: 3.636 Executing VM operation: HandshakeAllThreads
Event: 3.636 Executing VM operation: HandshakeAllThreads done
Event: 3.652 Executing VM operation: HandshakeAllThreads
Event: 3.652 Executing VM operation: HandshakeAllThreads done
Event: 3.654 Executing VM operation: HandshakeAllThreads
Event: 3.654 Executing VM operation: HandshakeAllThreads done
Event: 3.672 Executing VM operation: HandshakeAllThreads
Event: 3.672 Executing VM operation: HandshakeAllThreads done
Event: 3.764 Executing VM operation: HandshakeAllThreads
Event: 3.764 Executing VM operation: HandshakeAllThreads done
Event: 3.779 Executing VM operation: CollectForMetadataAllocation
Event: 3.801 Executing VM operation: CollectForMetadataAllocation done
Event: 4.010 Executing VM operation: ParallelGCFailedAllocation
Event: 4.011 Executing VM operation: ParallelGCFailedAllocation done

Events (20 events):
Event: 3.956 loading class jdk/internal/vm/annotation/IntrinsicCandidate done
Event: 3.974 loading class sun/reflect/generics/tree/BottomSignature
Event: 3.975 loading class sun/reflect/generics/tree/BottomSignature done
Event: 3.975 loading class sun/reflect/generics/tree/Wildcard
Event: 3.975 loading class sun/reflect/generics/tree/Wildcard done
Event: 3.976 loading class sun/reflect/generics/reflectiveObjects/WildcardTypeImpl
Event: 3.976 loading class java/lang/reflect/WildcardType
Event: 3.976 loading class java/lang/reflect/WildcardType done
Event: 3.976 loading class sun/reflect/generics/reflectiveObjects/WildcardTypeImpl done
Event: 4.003 loading class sun/reflect/generics/tree/BooleanSignature
Event: 4.003 loading class sun/reflect/generics/tree/BooleanSignature done
Event: 4.003 loading class sun/reflect/generics/tree/ArrayTypeSignature
Event: 4.003 loading class sun/reflect/generics/tree/ArrayTypeSignature done
Event: 4.027 loading class java/math/BigDecimal
Event: 4.027 loading class java/math/BigDecimal done
Event: 4.040 loading class java/util/concurrent/atomic/AtomicIntegerArray
Event: 4.041 loading class java/util/concurrent/atomic/AtomicIntegerArray done
Event: 4.042 loading class java/util/Currency
Event: 4.043 loading class java/util/Currency done
Event: 4.046 loading class java/util/concurrent/atomic/AtomicLongArray


Dynamic libraries:
0x00007ff7008e0000 - 0x00007ff7008ee000 	c:\Users\Caelus\.vscode\extensions\redhat.java-1.25.1-win32-x64\jre\17.0.9-win32-x86_64\bin\java.exe
0x00007ffaea730000 - 0x00007ffaea947000 	C:\WINDOWS\SYSTEM32\ntdll.dll
0x00007ffae9330000 - 0x00007ffae93f4000 	C:\WINDOWS\System32\KERNEL32.DLL
0x00007ffae7e40000 - 0x00007ffae81e6000 	C:\WINDOWS\System32\KERNELBASE.dll
0x00007ffae7aa0000 - 0x00007ffae7bb1000 	C:\WINDOWS\System32\ucrtbase.dll
0x00007ffa862c0000 - 0x00007ffa862d7000 	c:\Users\Caelus\.vscode\extensions\redhat.java-1.25.1-win32-x64\jre\17.0.9-win32-x86_64\bin\jli.dll
0x00007ffae8480000 - 0x00007ffae862e000 	C:\WINDOWS\System32\USER32.dll
0x00007ffae7c30000 - 0x00007ffae7c56000 	C:\WINDOWS\System32\win32u.dll
0x00007ffae8cb0000 - 0x00007ffae8cd9000 	C:\WINDOWS\System32\GDI32.dll
0x00007ffae7d20000 - 0x00007ffae7e38000 	C:\WINDOWS\System32\gdi32full.dll
0x00007ffae8270000 - 0x00007ffae830a000 	C:\WINDOWS\System32\msvcp_win.dll
0x00007ffa8d7d0000 - 0x00007ffa8d7eb000 	c:\Users\Caelus\.vscode\extensions\redhat.java-1.25.1-win32-x64\jre\17.0.9-win32-x86_64\bin\VCRUNTIME140.dll
0x00007ffad8cf0000 - 0x00007ffad8f83000 	C:\WINDOWS\WinSxS\amd64_microsoft.windows.common-controls_6595b64144ccf1df_6.0.22621.2506_none_270c5ae97388e100\COMCTL32.dll
0x00007ffaea570000 - 0x00007ffaea617000 	C:\WINDOWS\System32\msvcrt.dll
0x00007ffae9160000 - 0x00007ffae9191000 	C:\WINDOWS\System32\IMM32.DLL
0x00007ffac7020000 - 0x00007ffac702c000 	c:\Users\Caelus\.vscode\extensions\redhat.java-1.25.1-win32-x64\jre\17.0.9-win32-x86_64\bin\vcruntime140_1.dll
0x00007ffa86230000 - 0x00007ffa862bd000 	c:\Users\Caelus\.vscode\extensions\redhat.java-1.25.1-win32-x64\jre\17.0.9-win32-x86_64\bin\msvcp140.dll
0x00007ffa855c0000 - 0x00007ffa86221000 	c:\Users\Caelus\.vscode\extensions\redhat.java-1.25.1-win32-x64\jre\17.0.9-win32-x86_64\bin\server\jvm.dll
0x00007ffaea4b0000 - 0x00007ffaea561000 	C:\WINDOWS\System32\ADVAPI32.dll
0x00007ffae9280000 - 0x00007ffae9325000 	C:\WINDOWS\System32\sechost.dll
0x00007ffae98a0000 - 0x00007ffae99b7000 	C:\WINDOWS\System32\RPCRT4.dll
0x00007ffae68f0000 - 0x00007ffae693d000 	C:\WINDOWS\SYSTEM32\POWRPROF.dll
0x00007ffab5480000 - 0x00007ffab5489000 	C:\WINDOWS\SYSTEM32\WSOCK32.dll
0x00007ffae8c30000 - 0x00007ffae8ca1000 	C:\WINDOWS\System32\WS2_32.dll
0x00007ffade8f0000 - 0x00007ffade924000 	C:\WINDOWS\SYSTEM32\WINMM.dll
0x00007ffade840000 - 0x00007ffade84a000 	C:\WINDOWS\SYSTEM32\VERSION.dll
0x00007ffae68d0000 - 0x00007ffae68e3000 	C:\WINDOWS\SYSTEM32\UMPDC.dll
0x00007ffae6b90000 - 0x00007ffae6ba8000 	C:\WINDOWS\SYSTEM32\kernel.appcore.dll
0x00007ffac6d40000 - 0x00007ffac6d4a000 	c:\Users\Caelus\.vscode\extensions\redhat.java-1.25.1-win32-x64\jre\17.0.9-win32-x86_64\bin\jimage.dll
0x00007ffae4e50000 - 0x00007ffae5083000 	C:\WINDOWS\SYSTEM32\DBGHELP.DLL
0x00007ffae8650000 - 0x00007ffae89d9000 	C:\WINDOWS\System32\combase.dll
0x00007ffae91a0000 - 0x00007ffae9277000 	C:\WINDOWS\System32\OLEAUT32.dll
0x00007ffadb3f0000 - 0x00007ffadb422000 	C:\WINDOWS\SYSTEM32\dbgcore.DLL
0x00007ffae81f0000 - 0x00007ffae826a000 	C:\WINDOWS\System32\bcryptPrimitives.dll
0x00007ffac6280000 - 0x00007ffac628e000 	c:\Users\Caelus\.vscode\extensions\redhat.java-1.25.1-win32-x64\jre\17.0.9-win32-x86_64\bin\instrument.dll
0x00007ffa85590000 - 0x00007ffa855b5000 	c:\Users\Caelus\.vscode\extensions\redhat.java-1.25.1-win32-x64\jre\17.0.9-win32-x86_64\bin\java.dll
0x00007ffa85570000 - 0x00007ffa85588000 	c:\Users\Caelus\.vscode\extensions\redhat.java-1.25.1-win32-x64\jre\17.0.9-win32-x86_64\bin\zip.dll
0x00007ffae99c0000 - 0x00007ffaea21a000 	C:\WINDOWS\System32\SHELL32.dll
0x00007ffae59d0000 - 0x00007ffae62c6000 	C:\WINDOWS\SYSTEM32\windows.storage.dll
0x00007ffae5890000 - 0x00007ffae59ce000 	C:\WINDOWS\SYSTEM32\wintypes.dll
0x00007ffaea3b0000 - 0x00007ffaea4a3000 	C:\WINDOWS\System32\SHCORE.dll
0x00007ffaea620000 - 0x00007ffaea67e000 	C:\WINDOWS\System32\shlwapi.dll
0x00007ffae79d0000 - 0x00007ffae79f6000 	C:\WINDOWS\SYSTEM32\profapi.dll
0x00007ffa7f010000 - 0x00007ffa7f029000 	C:\Users\Caelus\.vscode\extensions\redhat.java-1.25.1-win32-x64\jre\17.0.9-win32-x86_64\bin\net.dll
0x00007ffae1410000 - 0x00007ffae1547000 	C:\WINDOWS\SYSTEM32\WINHTTP.dll
0x00007ffae7010000 - 0x00007ffae7079000 	C:\WINDOWS\system32\mswsock.dll
0x00007ffa85530000 - 0x00007ffa85546000 	C:\Users\Caelus\.vscode\extensions\redhat.java-1.25.1-win32-x64\jre\17.0.9-win32-x86_64\bin\nio.dll
0x00007ffac5880000 - 0x00007ffac5890000 	c:\Users\Caelus\.vscode\extensions\redhat.java-1.25.1-win32-x64\jre\17.0.9-win32-x86_64\bin\verify.dll
0x00007ffa7ec90000 - 0x00007ffa7ecce000 	C:\Users\Caelus\AppData\Roaming\Code\User\globalStorage\redhat.java\1.25.1\config_win\org.eclipse.equinox.launcher\org.eclipse.equinox.launcher.win32.win32.x86_64_1.2.800.v20231003-1442\eclipse_11802.dll
0x00007ffae8a80000 - 0x00007ffae8c20000 	C:\WINDOWS\System32\ole32.dll
0x00007ffae7270000 - 0x00007ffae728b000 	C:\WINDOWS\SYSTEM32\CRYPTSP.dll
0x00007ffae6af0000 - 0x00007ffae6b25000 	C:\WINDOWS\system32\rsaenh.dll
0x00007ffae7100000 - 0x00007ffae712c000 	C:\WINDOWS\SYSTEM32\USERENV.dll
0x00007ffae7430000 - 0x00007ffae7458000 	C:\WINDOWS\SYSTEM32\bcrypt.dll
0x00007ffae7260000 - 0x00007ffae726c000 	C:\WINDOWS\SYSTEM32\CRYPTBASE.dll
0x00007ffae65a0000 - 0x00007ffae65cd000 	C:\WINDOWS\SYSTEM32\IPHLPAPI.DLL
0x00007ffae9410000 - 0x00007ffae9419000 	C:\WINDOWS\System32\NSI.dll
0x00007ffae1800000 - 0x00007ffae1819000 	C:\WINDOWS\SYSTEM32\dhcpcsvc6.DLL
0x00007ffae0de0000 - 0x00007ffae0dff000 	C:\WINDOWS\SYSTEM32\dhcpcsvc.DLL
0x00007ffae6610000 - 0x00007ffae6709000 	C:\WINDOWS\SYSTEM32\DNSAPI.dll
0x00007ffa8dc80000 - 0x00007ffa8dcc5000 	C:\Users\Caelus\AppData\Local\Temp\jna-2010851075\jna9426805888565211297.dll
0x00007ffae8ef0000 - 0x00007ffae8ef8000 	C:\WINDOWS\System32\PSAPI.DLL

dbghelp: loaded successfully - version: 4.0.5 - missing functions: none
symbol engine: initialized successfully - sym options: 0x614 - pdb path: .;c:\Users\Caelus\.vscode\extensions\redhat.java-1.25.1-win32-x64\jre\17.0.9-win32-x86_64\bin;C:\WINDOWS\SYSTEM32;C:\WINDOWS\WinSxS\amd64_microsoft.windows.common-controls_6595b64144ccf1df_6.0.22621.2506_none_270c5ae97388e100;c:\Users\Caelus\.vscode\extensions\redhat.java-1.25.1-win32-x64\jre\17.0.9-win32-x86_64\bin\server;C:\Users\Caelus\AppData\Roaming\Code\User\globalStorage\redhat.java\1.25.1\config_win\org.eclipse.equinox.launcher\org.eclipse.equinox.launcher.win32.win32.x86_64_1.2.800.v20231003-1442;C:\Users\Caelus\AppData\Local\Temp\jna-2010851075

VM Arguments:
jvm_args: --add-modules=ALL-SYSTEM --add-opens=java.base/java.util=ALL-UNNAMED --add-opens=java.base/java.lang=ALL-UNNAMED --add-opens=java.base/sun.nio.fs=ALL-UNNAMED -Declipse.application=org.eclipse.jdt.ls.core.id1 -Dosgi.bundles.defaultStartLevel=4 -Declipse.product=org.eclipse.jdt.ls.core.product -Djava.import.generatesMetadataFilesAtProjectRoot=false -DDetectVMInstallationsJob.disabled=true -Dfile.encoding=utf8 -XX:+UseParallelGC -XX:GCTimeRatio=4 -XX:AdaptiveSizePolicyWeight=90 -Dsun.zip.disableMemoryMapping=true -Xmx1G -Xms100m -Xlog:disable -javaagent:c:\Users\Caelus\.vscode\extensions\redhat.java-1.25.1-win32-x64\lombok\lombok-1.18.30.jar -XX:+HeapDumpOnOutOfMemoryError -XX:HeapDumpPath=c:\Users\Caelus\AppData\Roaming\Code\User\workspaceStorage\e4dd59b8ace720ec1d68240b8080ed6d\redhat.java -Daether.dependencyCollector.impl=bf 
java_command: c:\Users\Caelus\.vscode\extensions\redhat.java-1.25.1-win32-x64\server\plugins\org.eclipse.equinox.launcher_1.6.600.v20231106-1826.jar -configuration c:\Users\Caelus\AppData\Roaming\Code\User\globalStorage\redhat.java\1.25.1\config_win -data c:\Users\Caelus\AppData\Roaming\Code\User\workspaceStorage\e4dd59b8ace720ec1d68240b8080ed6d\redhat.java\jdt_ws --stdio
java_class_path (initial): c:\Users\Caelus\.vscode\extensions\redhat.java-1.25.1-win32-x64\server\plugins\org.eclipse.equinox.launcher_1.6.600.v20231106-1826.jar
Launcher Type: SUN_STANDARD

[Global flags]
    uintx AdaptiveSizePolicyWeight                 = 90                                        {product} {command line}
     intx CICompilerCount                          = 12                                        {product} {ergonomic}
    uintx GCTimeRatio                              = 4                                         {product} {command line}
     bool HeapDumpOnOutOfMemoryError               = true                                   {manageable} {command line}
    ccstr HeapDumpPath                             = c:\Users\Caelus\AppData\Roaming\Code\User\workspaceStorage\e4dd59b8ace720ec1d68240b8080ed6d\redhat.java         {manageable} {command line}
   size_t InitialHeapSize                          = 104857600                                 {product} {command line}
   size_t MaxHeapSize                              = 1073741824                                {product} {command line}
   size_t MaxNewSize                               = 357564416                                 {product} {ergonomic}
   size_t MinHeapDeltaBytes                        = 524288                                    {product} {ergonomic}
   size_t MinHeapSize                              = 104857600                                 {product} {command line}
   size_t NewSize                                  = 34603008                                  {product} {ergonomic}
    uintx NonNMethodCodeHeapSize                   = 7602480                                {pd product} {ergonomic}
    uintx NonProfiledCodeHeapSize                  = 122027880                              {pd product} {ergonomic}
   size_t OldSize                                  = 70254592                                  {product} {ergonomic}
    uintx ProfiledCodeHeapSize                     = 122027880                              {pd product} {ergonomic}
    uintx ReservedCodeCacheSize                    = 251658240                              {pd product} {ergonomic}
     bool SegmentedCodeCache                       = true                                      {product} {ergonomic}
   size_t SoftMaxHeapSize                          = 1073741824                             {manageable} {ergonomic}
     bool UseCompressedClassPointers               = true                           {product lp64_product} {ergonomic}
     bool UseCompressedOops                        = true                           {product lp64_product} {ergonomic}
     bool UseLargePagesIndividualAllocation        = false                                  {pd product} {ergonomic}
     bool UseParallelGC                            = true                                      {product} {command line}

Logging:
Log output configuration:
 #0: stdout all=off uptime,level,tags
 #1: stderr all=off uptime,level,tags

Environment Variables:
JAVA_HOME=C:\Program Files\Java\jdk-17
PATH=C:\Program Files\Common Files\Oracle\Java\javapath;C:\Program Files\Eclipse Adoptium\jdk-11.0.20.101-hotspot\bin;C:\Python312\Scripts\;C:\Python312\;C:\WINDOWS\system32;C:\WINDOWS;C:\WINDOWS\System32\Wbem;C:\WINDOWS\System32\WindowsPowerShell\v1.0\;C:\WINDOWS\System32\OpenSSH\;C:\Program Files (x86)\NVIDIA Corporation\PhysX\Common;C:\Program Files\NVIDIA Corporation\NVIDIA NvDLISR;C:\ProgramData\chocolatey\bin;C:\Program Files\Git\cmd;C:\Program Files\nodejs\;C:\Program Files\dotnet\;C:\Program Files\Java\jdk-17\bin;C:\Users\Caelus\AppData\Local\Microsoft\WindowsApps;C:\Users\Caelus\AppData\Roaming\npm;C:\Users\Caelus\AppData\Local\Programs\Microsoft VS Code\bin;C:\Users\Caelus\AppData\Local\Android\Sdk\platform-tools;
USERNAME=Caelus
OS=Windows_NT
PROCESSOR_IDENTIFIER=AMD64 Family 25 Model 80 Stepping 0, AuthenticAMD
TMP=C:\Users\Caelus\AppData\Local\Temp
TEMP=C:\Users\Caelus\AppData\Local\Temp



Periodic native trim disabled


---------------  S Y S T E M  ---------------

OS:
 Windows 11 , 64 bit Build 22621 (10.0.22621.2506)
OS uptime: 1 days 0:09 hours

CPU: total 16 (initial active 16) (16 cores per cpu, 2 threads per core) family 25 model 80 stepping 0 microcode 0x0, cx8, cmov, fxsr, ht, mmx, 3dnowpref, sse, sse2, sse3, ssse3, sse4a, sse4.1, sse4.2, popcnt, lzcnt, tsc, tscinvbit, avx, avx2, aes, erms, clmul, bmi1, bmi2, adx, sha, fma, vzeroupper, clflush, clflushopt
Processor Information for all 16 processors :
  Max Mhz: 3801, Current Mhz: 3801, Mhz Limit: 3801

Memory: 4k page, system-wide physical 16171M (6149M free)
TotalPageFile size 65323M (AvailPageFile size 5M)
current process WorkingSet (physical memory assigned to process): 203M, peak: 203M
current process commit charge ("private bytes"): 318M, peak: 319M

vm_info: OpenJDK 64-Bit Server VM (17.0.9+9) for windows-amd64 JRE (17.0.9+9), built on Oct 26 2023 14:01:42 by "admin" with MS VC++ 16.10 / 16.11 (VS2019)

END.
