#
# There is insufficient memory for the Java Runtime Environment to continue.
# Native memory allocation (malloc) failed to allocate 106976 bytes for Chunk::new
# Possible reasons:
#   The system is out of physical RAM or swap space
#   The process is running with CompressedOops enabled, and the Java Heap may be blocking the growth of the native heap
# Possible solutions:
#   Reduce memory load on the system
#   Increase physical memory or swap space
#   Check if swap backing store is full
#   Decrease Java heap size (-Xmx/-Xms)
#   Decrease number of Java threads
#   Decrease Java thread stack sizes (-Xss)
#   Set larger code cache with -XX:ReservedCodeCacheSize=
#   JVM is running with Unscaled Compressed Oops mode in which the Java heap is
#     placed in the first 4GB address space. The Java Heap base address is the
#     maximum limit for the native heap growth. Please use -XX:HeapBaseMinAddress
#     to set the Java Heap base and to place the Java Heap above 4GB virtual address.
# This output file may be truncated or incomplete.
#
#  Out of Memory Error (arena.cpp:191), pid=5896, tid=4368
#
# JRE version: OpenJDK Runtime Environment Temurin-17.0.9+9 (17.0.9+9) (build 17.0.9+9)
# Java VM: OpenJDK 64-Bit Server VM Temurin-17.0.9+9 (17.0.9+9, mixed mode, tiered, compressed oops, compressed class ptrs, parallel gc, windows-amd64)
# No core dump will be written. Minidumps are not enabled by default on client versions of Windows
#

---------------  S U M M A R Y ------------

Command Line: --add-modules=ALL-SYSTEM --add-opens=java.base/java.util=ALL-UNNAMED --add-opens=java.base/java.lang=ALL-UNNAMED --add-opens=java.base/sun.nio.fs=ALL-UNNAMED -Declipse.application=org.eclipse.jdt.ls.core.id1 -Dosgi.bundles.defaultStartLevel=4 -Declipse.product=org.eclipse.jdt.ls.core.product -Djava.import.generatesMetadataFilesAtProjectRoot=false -DDetectVMInstallationsJob.disabled=true -Dfile.encoding=utf8 -XX:+UseParallelGC -XX:GCTimeRatio=4 -XX:AdaptiveSizePolicyWeight=90 -Dsun.zip.disableMemoryMapping=true -Xmx1G -Xms100m -Xlog:disable -javaagent:c:\Users\Caelus\.vscode\extensions\redhat.java-1.25.1-win32-x64\lombok\lombok-1.18.30.jar c:\Users\Caelus\.vscode\extensions\redhat.java-1.25.1-win32-x64\server\plugins\org.eclipse.equinox.launcher_1.6.600.v20231106-1826.jar -configuration c:\Users\Caelus\AppData\Roaming\Code\User\globalStorage\redhat.java\1.25.1\config_ss_win -data c:\Users\Caelus\AppData\Roaming\Code\User\workspaceStorage\e4dd59b8ace720ec1d68240b8080ed6d\redhat.java\ss_ws --stdio

Host: AMD Ryzen 7 5700G with Radeon Graphics         , 16 cores, 15G,  Windows 11 , 64 bit Build 22621 (10.0.22621.2506)
Time: Sat Jan  6 22:10:34 2024 Malay Peninsula Standard Time elapsed time: 2.322767 seconds (0d 0h 0m 2s)

---------------  T H R E A D  ---------------

Current thread (0x000001cc0037ee00):  JavaThread "C2 CompilerThread2" daemon [_thread_in_native, id=4368, stack(0x0000000f7d300000,0x0000000f7d400000)]


Current CompileTask:
C2:   2322 3269  s    4       java.util.Hashtable::put (104 bytes)

Stack: [0x0000000f7d300000,0x0000000f7d400000]
Native frames: (J=compiled Java code, j=interpreted, Vv=VM code, C=native code)
V  [jvm.dll+0x67cf49]
V  [jvm.dll+0x83478a]
V  [jvm.dll+0x83624e]
V  [jvm.dll+0x8368b3]
V  [jvm.dll+0x247f1f]
V  [jvm.dll+0xac43c]
V  [jvm.dll+0xaca8c]
V  [jvm.dll+0x2af45f]
V  [jvm.dll+0x5853f7]
V  [jvm.dll+0x222f62]
V  [jvm.dll+0x22334f]
V  [jvm.dll+0x21c476]
V  [jvm.dll+0x2198c1]
V  [jvm.dll+0x1a57cd]
V  [jvm.dll+0x2297ae]
V  [jvm.dll+0x22797c]
V  [jvm.dll+0x7e9877]
V  [jvm.dll+0x7e3c3a]
V  [jvm.dll+0x67be35]
C  [ucrtbase.dll+0x29363]
C  [KERNEL32.DLL+0x1257d]
C  [ntdll.dll+0x5aa58]


---------------  P R O C E S S  ---------------

Threads class SMR info:
_java_thread_list=0x000001cc006df6f0, length=29, elements={
0x000001cc63549830, 0x000001cc635f5f30, 0x000001cc773d0010, 0x000001cc773daed0,
0x000001cc773dc140, 0x000001cc773dcda0, 0x000001cc773de300, 0x000001cc7c558840,
0x000001cc7c559d00, 0x000001cc7c55be20, 0x000001cc7c6c7ad0, 0x000001cc7c6e13f0,
0x000001cc7c7e10d0, 0x000001cc7e649020, 0x000001cc7c6c7fe0, 0x000001cc7c6c8f10,
0x000001cc7c6c9930, 0x000001cc7c6c84f0, 0x000001cc7c6c6690, 0x000001cc7c6c6ba0,
0x000001cc7c6c70b0, 0x000001cc7c6c75c0, 0x000001cc7c6c8a00, 0x000001cc7f4bb860,
0x000001cc0037ee00, 0x000001cc7fb808d0, 0x000001cc7fb7b2c0, 0x000001cc7fb7c1f0,
0x000001cc7fb7a8a0
}

Java Threads: ( => current thread )
  0x000001cc63549830 JavaThread "main" [_thread_blocked, id=29600, stack(0x0000000f7c400000,0x0000000f7c500000)]
  0x000001cc635f5f30 JavaThread "Reference Handler" daemon [_thread_blocked, id=2008, stack(0x0000000f7c700000,0x0000000f7c800000)]
  0x000001cc773d0010 JavaThread "Finalizer" daemon [_thread_blocked, id=10524, stack(0x0000000f7c800000,0x0000000f7c900000)]
  0x000001cc773daed0 JavaThread "Signal Dispatcher" daemon [_thread_blocked, id=5656, stack(0x0000000f7c900000,0x0000000f7ca00000)]
  0x000001cc773dc140 JavaThread "Attach Listener" daemon [_thread_blocked, id=23928, stack(0x0000000f7ca00000,0x0000000f7cb00000)]
  0x000001cc773dcda0 JavaThread "Service Thread" daemon [_thread_blocked, id=9536, stack(0x0000000f7cb00000,0x0000000f7cc00000)]
  0x000001cc773de300 JavaThread "Monitor Deflation Thread" daemon [_thread_blocked, id=25560, stack(0x0000000f7cc00000,0x0000000f7cd00000)]
  0x000001cc7c558840 JavaThread "C2 CompilerThread0" daemon [_thread_blocked, id=5304, stack(0x0000000f7cd00000,0x0000000f7ce00000)]
  0x000001cc7c559d00 JavaThread "C1 CompilerThread0" daemon [_thread_blocked, id=25364, stack(0x0000000f7ce00000,0x0000000f7cf00000)]
  0x000001cc7c55be20 JavaThread "Sweeper thread" daemon [_thread_blocked, id=24492, stack(0x0000000f7cf00000,0x0000000f7d000000)]
  0x000001cc7c6c7ad0 JavaThread "Common-Cleaner" daemon [_thread_blocked, id=18444, stack(0x0000000f7d000000,0x0000000f7d100000)]
  0x000001cc7c6e13f0 JavaThread "C1 CompilerThread1" daemon [_thread_blocked, id=14384, stack(0x0000000f7d100000,0x0000000f7d200000)]
  0x000001cc7c7e10d0 JavaThread "C1 CompilerThread2" daemon [_thread_blocked, id=25848, stack(0x0000000f7d400000,0x0000000f7d500000)]
  0x000001cc7e649020 JavaThread "C1 CompilerThread3" daemon [_thread_blocked, id=19140, stack(0x0000000f7d500000,0x0000000f7d600000)]
  0x000001cc7c6c7fe0 JavaThread "Notification Thread" daemon [_thread_blocked, id=20088, stack(0x0000000f7d600000,0x0000000f7d700000)]
  0x000001cc7c6c8f10 JavaThread "Active Thread: Equinox Container: 8e129d8d-b795-4a99-ad94-dee3703d5905" [_thread_blocked, id=9648, stack(0x0000000f7de00000,0x0000000f7df00000)]
  0x000001cc7c6c9930 JavaThread "Framework Event Dispatcher: Equinox Container: 8e129d8d-b795-4a99-ad94-dee3703d5905" daemon [_thread_blocked, id=19172, stack(0x0000000f7df00000,0x0000000f7e000000)]
  0x000001cc7c6c84f0 JavaThread "Start Level: Equinox Container: 8e129d8d-b795-4a99-ad94-dee3703d5905" daemon [_thread_blocked, id=7912, stack(0x0000000f7e000000,0x0000000f7e100000)]
  0x000001cc7c6c6690 JavaThread "SCR Component Actor" daemon [_thread_blocked, id=12440, stack(0x0000000f7e100000,0x0000000f7e200000)]
  0x000001cc7c6c6ba0 JavaThread "SCR Component Registry" daemon [_thread_blocked, id=6840, stack(0x0000000f7e400000,0x0000000f7e500000)]
  0x000001cc7c6c70b0 JavaThread "Worker-JM" [_thread_blocked, id=12164, stack(0x0000000f7d800000,0x0000000f7d900000)]
  0x000001cc7c6c75c0 JavaThread "Worker-0: Initialize Workspace" [_thread_blocked, id=19736, stack(0x0000000f7e700000,0x0000000f7e800000)]
  0x000001cc7c6c8a00 JavaThread "Unknown thread" daemon [_thread_blocked, id=20748, stack(0x0000000f7e800000,0x0000000f7e900000)]
  0x000001cc7f4bb860 JavaThread "" daemon [_thread_blocked, id=6456, stack(0x0000000f7d200000,0x0000000f7d300000)]
=>0x000001cc0037ee00 
[error occurred during error reporting (printing all threads), id 0xc0000005, EXCEPTION_ACCESS_VIOLATION (0xc0000005) at pc=0x00007ffbb0ee3e10]

VM state: at safepoint (normal execution)

VM Mutex/Monitor currently owned by a thread:  ([mutex/lock_event])
[0x000001cc63545320] Threads_lock - owner thread: 0x000001cc7c526a00
[0x000001cc63545680] Heap_lock - owner thread: 0x000001cc7c6c75c0

Heap address: 0x00000000c0000000, size: 1024 MB, Compressed Oops mode: 32-bit

CDS archive(s) not mapped
Compressed class space mapped at: 0x0000000100000000-0x0000000140000000, reserved size: 1073741824
Narrow klass base: 0x0000000000000000, Narrow klass shift: 3, Narrow klass range: 0x140000000

GC Precious Log:
 CPUs: 16 total, 16 available
 Memory: 16171M
 Large Page Support: Disabled
 NUMA Support: Disabled
 Compressed Oops: Enabled (32-bit)
 Alignments: Space 512K, Generation 512K, Heap 2M
 Heap Min Capacity: 100M
 Heap Initial Capacity: 100M
 Heap Max Capacity: 1G
 Pre-touch: Disabled
 Parallel Workers: 13

Heap:
 PSYoungGen      total 27648K, used 3078K [0x00000000eab00000, 0x00000000eca00000, 0x0000000100000000)
  eden space 24064K, 0% used [0x00000000eab00000,0x00000000eab00000,0x00000000ec280000)
  from space 3584K, 85% used [0x00000000ec680000,0x00000000ec9818f0,0x00000000eca00000)
  to   space 3584K, 0% used [0x00000000ec300000,0x00000000ec300000,0x00000000ec680000)
 ParOldGen       total 68608K, used 8415K [0x00000000c0000000, 0x00000000c4300000, 0x00000000eab00000)
  object space 68608K, 12% used [0x00000000c0000000,0x00000000c0837f38,0x00000000c4300000)
 Metaspace       used 35239K, committed 35840K, reserved 1114112K
  class space    used 3549K, committed 3840K, reserved 1048576K

Card table byte_map: [0x000001cc62f10000,0x000001cc63120000] _byte_map_base: 0x000001cc62910000

Marking Bits: (ParMarkBitMap*) 0x00007ffbb195d0b0
 Begin Bits: [0x000001cc751e0000, 0x000001cc761e0000)
 End Bits:   [0x000001cc761e0000, 0x000001cc771e0000)

Polling page: 0x000001cc62d00000

Metaspace:

Usage:
  Non-class:     30.95 MB used.
      Class:      3.47 MB used.
       Both:     34.41 MB used.

Virtual space:
  Non-class space:       64.00 MB reserved,      31.25 MB ( 49%) committed,  1 nodes.
      Class space:        1.00 GB reserved,       3.75 MB ( <1%) committed,  1 nodes.
             Both:        1.06 GB reserved,      35.00 MB (  3%) committed. 

Chunk freelists:
   Non-Class:  64.00 KB
       Class:  12.07 MB
        Both:  12.14 MB

MaxMetaspaceSize: unlimited
CompressedClassSpaceSize: 1.00 GB
Initial GC threshold: 21.00 MB
Current GC threshold: 35.00 MB
CDS: off
MetaspaceReclaimPolicy: balanced
 - commit_granule_bytes: 65536.
 - commit_granule_words: 8192.
 - virtual_space_node_default_size: 8388608.
 - enlarge_chunks_in_place: 1.
 - new_chunks_are_fully_committed: 0.
 - uncommit_free_chunks: 1.
 - use_allocation_guard: 0.
 - handle_deallocations: 1.


Internal statistics:

num_allocs_failed_limit: 6.
num_arena_births: 350.
num_arena_deaths: 14.
num_vsnodes_births: 2.
num_vsnodes_deaths: 0.
num_space_committed: 560.
num_space_uncommitted: 0.
num_chunks_returned_to_freelist: 20.
num_chunks_taken_from_freelist: 1384.
num_chunk_merges: 10.
num_chunk_splits: 909.
num_chunks_enlarged: 624.
num_inconsistent_stats: 0.

CodeHeap 'non-profiled nmethods': size=119168Kb used=1420Kb max_used=1420Kb free=117747Kb
 bounds [0x000001cc6dd80000, 0x000001cc6dff0000, 0x000001cc751e0000]
CodeHeap 'profiled nmethods': size=119104Kb used=6797Kb max_used=6797Kb free=112306Kb
 bounds [0x000001cc661e0000, 0x000001cc66890000, 0x000001cc6d630000]
CodeHeap 'non-nmethods': size=7488Kb used=2960Kb max_used=2992Kb free=4527Kb
 bounds [0x000001cc6d630000, 0x000001cc6d920000, 0x000001cc6dd80000]
 total_blobs=3865 nmethods=3273 adapters=502
 compilation: enabled
              stopped_count=0, restarted_count=0
 full_count=0

Compilation events (20 events):
Event: 2.318 Thread 0x000001cc0037ee00 nmethod 3264 0x000001cc6dee1d90 code [0x000001cc6dee1f00, 0x000001cc6dee2118]
Event: 2.318 Thread 0x000001cc0037ee00 3269  s    4       java.util.Hashtable::put (104 bytes)
Event: 2.318 Thread 0x000001cc7c559d00 nmethod 3260 0x000001cc6686b510 code [0x000001cc6686b900, 0x000001cc6686d748]
Event: 2.318 Thread 0x000001cc7c7e10d0 nmethod 3259 0x000001cc6686e010 code [0x000001cc6686e280, 0x000001cc6686ef08]
Event: 2.318 Thread 0x000001cc7f4bb860 3270       4       java.util.Hashtable::addEntry (87 bytes)
Event: 2.318 Thread 0x000001cc7c559d00 3266       3       java.lang.Boolean::toString (12 bytes)
Event: 2.318 Thread 0x000001cc7c7e10d0 3267       3       com.sun.org.apache.xerces.internal.dom.NamedNodeMapImpl::getNamedItem (29 bytes)
Event: 2.319 Thread 0x000001cc7c559d00 nmethod 3266 0x000001cc6686f290 code [0x000001cc6686f420, 0x000001cc6686f598]
Event: 2.319 Thread 0x000001cc7c559d00 3263       3       java.lang.StringBuilder::setLength (6 bytes)
Event: 2.319 Thread 0x000001cc7c7e10d0 nmethod 3267 0x000001cc6686f610 code [0x000001cc6686f7e0, 0x000001cc6686fbd8]
Event: 2.319 Thread 0x000001cc7c7e10d0 3268       1       org.eclipse.text.templates.TemplatePersistenceData::getTemplate (5 bytes)
Event: 2.319 Thread 0x000001cc7c559d00 nmethod 3263 0x000001cc6686fd10 code [0x000001cc6686fea0, 0x000001cc6686ffe8]
Event: 2.319 Thread 0x000001cc7c7e10d0 nmethod 3268 0x000001cc6dee2210 code [0x000001cc6dee23a0, 0x000001cc6dee2478]
Event: 2.319 Thread 0x000001cc7c7e10d0 3271       3       org.eclipse.core.runtime.Path::isRoot (30 bytes)
Event: 2.320 Thread 0x000001cc7c7e10d0 nmethod 3271 0x000001cc66870090 code [0x000001cc66870240, 0x000001cc66870458]
Event: 2.320 Thread 0x000001cc7c558840 nmethod 3265 0x000001cc6dee2510 code [0x000001cc6dee2680, 0x000001cc6dee2838]
Event: 2.321 Thread 0x000001cc7c6e13f0 nmethod 3257 0x000001cc66870510 code [0x000001cc66870be0, 0x000001cc66875fd8]
Event: 2.321 Thread 0x000001cc7c6e13f0 3272       3       java.lang.invoke.DirectMethodHandle$Holder::invokeStatic (17 bytes)
Event: 2.321 Thread 0x000001cc7f4bb860 nmethod 3270 0x000001cc6dee2910 code [0x000001cc6dee2ac0, 0x000001cc6dee2de8]
Event: 2.321 Thread 0x000001cc7c6e13f0 nmethod 3272 0x000001cc66877710 code [0x000001cc668778e0, 0x000001cc66877c58]

GC Heap History (16 events):
Event: 0.467 GC heap before
{Heap before GC invocations=1 (full 0):
 PSYoungGen      total 29696K, used 25600K [0x00000000eab00000, 0x00000000ecc00000, 0x0000000100000000)
  eden space 25600K, 100% used [0x00000000eab00000,0x00000000ec400000,0x00000000ec400000)
  from space 4096K, 0% used [0x00000000ec800000,0x00000000ec800000,0x00000000ecc00000)
  to   space 4096K, 0% used [0x00000000ec400000,0x00000000ec400000,0x00000000ec800000)
 ParOldGen       total 68608K, used 0K [0x00000000c0000000, 0x00000000c4300000, 0x00000000eab00000)
  object space 68608K, 0% used [0x00000000c0000000,0x00000000c0000000,0x00000000c4300000)
 Metaspace       used 10625K, committed 10752K, reserved 1114112K
  class space    used 1059K, committed 1088K, reserved 1048576K
}
Event: 0.470 GC heap after
{Heap after GC invocations=1 (full 0):
 PSYoungGen      total 29696K, used 3122K [0x00000000eab00000, 0x00000000ecc00000, 0x0000000100000000)
  eden space 25600K, 0% used [0x00000000eab00000,0x00000000eab00000,0x00000000ec400000)
  from space 4096K, 76% used [0x00000000ec400000,0x00000000ec70c848,0x00000000ec800000)
  to   space 4096K, 0% used [0x00000000ec800000,0x00000000ec800000,0x00000000ecc00000)
 ParOldGen       total 68608K, used 16K [0x00000000c0000000, 0x00000000c4300000, 0x00000000eab00000)
  object space 68608K, 0% used [0x00000000c0000000,0x00000000c0004000,0x00000000c4300000)
 Metaspace       used 10625K, committed 10752K, reserved 1114112K
  class space    used 1059K, committed 1088K, reserved 1048576K
}
Event: 0.729 GC heap before
{Heap before GC invocations=2 (full 0):
 PSYoungGen      total 29696K, used 28722K [0x00000000eab00000, 0x00000000ecc00000, 0x0000000100000000)
  eden space 25600K, 100% used [0x00000000eab00000,0x00000000ec400000,0x00000000ec400000)
  from space 4096K, 76% used [0x00000000ec400000,0x00000000ec70c848,0x00000000ec800000)
  to   space 4096K, 0% used [0x00000000ec800000,0x00000000ec800000,0x00000000ecc00000)
 ParOldGen       total 68608K, used 16K [0x00000000c0000000, 0x00000000c4300000, 0x00000000eab00000)
  object space 68608K, 0% used [0x00000000c0000000,0x00000000c0004000,0x00000000c4300000)
 Metaspace       used 14557K, committed 14720K, reserved 1114112K
  class space    used 1462K, committed 1536K, reserved 1048576K
}
Event: 0.733 GC heap after
{Heap after GC invocations=2 (full 0):
 PSYoungGen      total 29696K, used 4082K [0x00000000eab00000, 0x00000000ecc00000, 0x0000000100000000)
  eden space 25600K, 0% used [0x00000000eab00000,0x00000000eab00000,0x00000000ec400000)
  from space 4096K, 99% used [0x00000000ec800000,0x00000000ecbfc8d0,0x00000000ecc00000)
  to   space 4096K, 0% used [0x00000000ec400000,0x00000000ec400000,0x00000000ec800000)
 ParOldGen       total 68608K, used 636K [0x00000000c0000000, 0x00000000c4300000, 0x00000000eab00000)
  object space 68608K, 0% used [0x00000000c0000000,0x00000000c009f1e0,0x00000000c4300000)
 Metaspace       used 14557K, committed 14720K, reserved 1114112K
  class space    used 1462K, committed 1536K, reserved 1048576K
}
Event: 1.012 GC heap before
{Heap before GC invocations=3 (full 0):
 PSYoungGen      total 29696K, used 29682K [0x00000000eab00000, 0x00000000ecc00000, 0x0000000100000000)
  eden space 25600K, 100% used [0x00000000eab00000,0x00000000ec400000,0x00000000ec400000)
  from space 4096K, 99% used [0x00000000ec800000,0x00000000ecbfc8d0,0x00000000ecc00000)
  to   space 4096K, 0% used [0x00000000ec400000,0x00000000ec400000,0x00000000ec800000)
 ParOldGen       total 68608K, used 636K [0x00000000c0000000, 0x00000000c4300000, 0x00000000eab00000)
  object space 68608K, 0% used [0x00000000c0000000,0x00000000c009f1e0,0x00000000c4300000)
 Metaspace       used 19750K, committed 20160K, reserved 1114112K
  class space    used 2009K, committed 2176K, reserved 1048576K
}
Event: 1.014 GC heap after
{Heap after GC invocations=3 (full 0):
 PSYoungGen      total 29696K, used 4064K [0x00000000eab00000, 0x00000000ecc00000, 0x0000000100000000)
  eden space 25600K, 0% used [0x00000000eab00000,0x00000000eab00000,0x00000000ec400000)
  from space 4096K, 99% used [0x00000000ec400000,0x00000000ec7f83d0,0x00000000ec800000)
  to   space 4096K, 0% used [0x00000000ec800000,0x00000000ec800000,0x00000000ecc00000)
 ParOldGen       total 68608K, used 2426K [0x00000000c0000000, 0x00000000c4300000, 0x00000000eab00000)
  object space 68608K, 3% used [0x00000000c0000000,0x00000000c025e908,0x00000000c4300000)
 Metaspace       used 19750K, committed 20160K, reserved 1114112K
  class space    used 2009K, committed 2176K, reserved 1048576K
}
Event: 1.092 GC heap before
{Heap before GC invocations=4 (full 0):
 PSYoungGen      total 29696K, used 11933K [0x00000000eab00000, 0x00000000ecc00000, 0x0000000100000000)
  eden space 25600K, 30% used [0x00000000eab00000,0x00000000eb2af1c0,0x00000000ec400000)
  from space 4096K, 99% used [0x00000000ec400000,0x00000000ec7f83d0,0x00000000ec800000)
  to   space 4096K, 0% used [0x00000000ec800000,0x00000000ec800000,0x00000000ecc00000)
 ParOldGen       total 68608K, used 2426K [0x00000000c0000000, 0x00000000c4300000, 0x00000000eab00000)
  object space 68608K, 3% used [0x00000000c0000000,0x00000000c025e908,0x00000000c4300000)
 Metaspace       used 21044K, committed 21504K, reserved 1114112K
  class space    used 2152K, committed 2368K, reserved 1048576K
}
Event: 1.094 GC heap after
{Heap after GC invocations=4 (full 0):
 PSYoungGen      total 29696K, used 4077K [0x00000000eab00000, 0x00000000ecc00000, 0x0000000100000000)
  eden space 25600K, 0% used [0x00000000eab00000,0x00000000eab00000,0x00000000ec400000)
  from space 4096K, 99% used [0x00000000ec800000,0x00000000ecbfb7b8,0x00000000ecc00000)
  to   space 4096K, 0% used [0x00000000ec400000,0x00000000ec400000,0x00000000ec800000)
 ParOldGen       total 68608K, used 2718K [0x00000000c0000000, 0x00000000c4300000, 0x00000000eab00000)
  object space 68608K, 3% used [0x00000000c0000000,0x00000000c02a7b10,0x00000000c4300000)
 Metaspace       used 21044K, committed 21504K, reserved 1114112K
  class space    used 2152K, committed 2368K, reserved 1048576K
}
Event: 1.094 GC heap before
{Heap before GC invocations=5 (full 1):
 PSYoungGen      total 29696K, used 4077K [0x00000000eab00000, 0x00000000ecc00000, 0x0000000100000000)
  eden space 25600K, 0% used [0x00000000eab00000,0x00000000eab00000,0x00000000ec400000)
  from space 4096K, 99% used [0x00000000ec800000,0x00000000ecbfb7b8,0x00000000ecc00000)
  to   space 4096K, 0% used [0x00000000ec400000,0x00000000ec400000,0x00000000ec800000)
 ParOldGen       total 68608K, used 2718K [0x00000000c0000000, 0x00000000c4300000, 0x00000000eab00000)
  object space 68608K, 3% used [0x00000000c0000000,0x00000000c02a7b10,0x00000000c4300000)
 Metaspace       used 21044K, committed 21504K, reserved 1114112K
  class space    used 2152K, committed 2368K, reserved 1048576K
}
Event: 1.106 GC heap after
{Heap after GC invocations=5 (full 1):
 PSYoungGen      total 29696K, used 0K [0x00000000eab00000, 0x00000000ecc00000, 0x0000000100000000)
  eden space 25600K, 0% used [0x00000000eab00000,0x00000000eab00000,0x00000000ec400000)
  from space 4096K, 0% used [0x00000000ec800000,0x00000000ec800000,0x00000000ecc00000)
  to   space 4096K, 0% used [0x00000000ec400000,0x00000000ec400000,0x00000000ec800000)
 ParOldGen       total 68608K, used 6604K [0x00000000c0000000, 0x00000000c4300000, 0x00000000eab00000)
  object space 68608K, 9% used [0x00000000c0000000,0x00000000c0673198,0x00000000c4300000)
 Metaspace       used 21031K, committed 21504K, reserved 1114112K
  class space    used 2149K, committed 2368K, reserved 1048576K
}
Event: 1.230 GC heap before
{Heap before GC invocations=6 (full 1):
 PSYoungGen      total 29696K, used 25600K [0x00000000eab00000, 0x00000000ecc00000, 0x0000000100000000)
  eden space 25600K, 100% used [0x00000000eab00000,0x00000000ec400000,0x00000000ec400000)
  from space 4096K, 0% used [0x00000000ec800000,0x00000000ec800000,0x00000000ecc00000)
  to   space 4096K, 0% used [0x00000000ec400000,0x00000000ec400000,0x00000000ec800000)
 ParOldGen       total 68608K, used 6604K [0x00000000c0000000, 0x00000000c4300000, 0x00000000eab00000)
  object space 68608K, 9% used [0x00000000c0000000,0x00000000c0673198,0x00000000c4300000)
 Metaspace       used 24450K, committed 24960K, reserved 1114112K
  class space    used 2388K, committed 2624K, reserved 1048576K
}
Event: 1.231 GC heap after
{Heap after GC invocations=6 (full 1):
 PSYoungGen      total 26112K, used 779K [0x00000000eab00000, 0x00000000ec880000, 0x0000000100000000)
  eden space 25088K, 0% used [0x00000000eab00000,0x00000000eab00000,0x00000000ec380000)
  from space 1024K, 76% used [0x00000000ec400000,0x00000000ec4c2ee0,0x00000000ec500000)
  to   space 2560K, 0% used [0x00000000ec600000,0x00000000ec600000,0x00000000ec880000)
 ParOldGen       total 68608K, used 6612K [0x00000000c0000000, 0x00000000c4300000, 0x00000000eab00000)
  object space 68608K, 9% used [0x00000000c0000000,0x00000000c0675198,0x00000000c4300000)
 Metaspace       used 24450K, committed 24960K, reserved 1114112K
  class space    used 2388K, committed 2624K, reserved 1048576K
}
Event: 1.357 GC heap before
{Heap before GC invocations=7 (full 1):
 PSYoungGen      total 26112K, used 25867K [0x00000000eab00000, 0x00000000ec880000, 0x0000000100000000)
  eden space 25088K, 100% used [0x00000000eab00000,0x00000000ec380000,0x00000000ec380000)
  from space 1024K, 76% used [0x00000000ec400000,0x00000000ec4c2ee0,0x00000000ec500000)
  to   space 2560K, 0% used [0x00000000ec600000,0x00000000ec600000,0x00000000ec880000)
 ParOldGen       total 68608K, used 6612K [0x00000000c0000000, 0x00000000c4300000, 0x00000000eab00000)
  object space 68608K, 9% used [0x00000000c0000000,0x00000000c0675198,0x00000000c4300000)
 Metaspace       used 27384K, committed 27904K, reserved 1114112K
  class space    used 2633K, committed 2880K, reserved 1048576K
}
Event: 1.358 GC heap after
{Heap after GC invocations=7 (full 1):
 PSYoungGen      total 26112K, used 1303K [0x00000000eab00000, 0x00000000ec780000, 0x0000000100000000)
  eden space 24576K, 0% used [0x00000000eab00000,0x00000000eab00000,0x00000000ec300000)
  from space 1536K, 84% used [0x00000000ec600000,0x00000000ec745e28,0x00000000ec780000)
  to   space 1536K, 0% used [0x00000000ec480000,0x00000000ec480000,0x00000000ec600000)
 ParOldGen       total 68608K, used 6620K [0x00000000c0000000, 0x00000000c4300000, 0x00000000eab00000)
  object space 68608K, 9% used [0x00000000c0000000,0x00000000c0677198,0x00000000c4300000)
 Metaspace       used 27384K, committed 27904K, reserved 1114112K
  class space    used 2633K, committed 2880K, reserved 1048576K
}
Event: 2.125 GC heap before
{Heap before GC invocations=8 (full 1):
 PSYoungGen      total 26112K, used 25879K [0x00000000eab00000, 0x00000000ec780000, 0x0000000100000000)
  eden space 24576K, 100% used [0x00000000eab00000,0x00000000ec300000,0x00000000ec300000)
  from space 1536K, 84% used [0x00000000ec600000,0x00000000ec745e28,0x00000000ec780000)
  to   space 1536K, 0% used [0x00000000ec480000,0x00000000ec480000,0x00000000ec600000)
 ParOldGen       total 68608K, used 6620K [0x00000000c0000000, 0x00000000c4300000, 0x00000000eab00000)
  object space 68608K, 9% used [0x00000000c0000000,0x00000000c0677198,0x00000000c4300000)
 Metaspace       used 31998K, committed 32576K, reserved 1114112K
  class space    used 3146K, committed 3392K, reserved 1048576K
}
Event: 2.127 GC heap after
{Heap after GC invocations=8 (full 1):
 PSYoungGen      total 25600K, used 1527K [0x00000000eab00000, 0x00000000eca80000, 0x0000000100000000)
  eden space 24064K, 0% used [0x00000000eab00000,0x00000000eab00000,0x00000000ec280000)
  from space 1536K, 99% used [0x00000000ec480000,0x00000000ec5fdcc0,0x00000000ec600000)
  to   space 4096K, 0% used [0x00000000ec680000,0x00000000ec680000,0x00000000eca80000)
 ParOldGen       total 68608K, used 8407K [0x00000000c0000000, 0x00000000c4300000, 0x00000000eab00000)
  object space 68608K, 12% used [0x00000000c0000000,0x00000000c0835f38,0x00000000c4300000)
 Metaspace       used 31998K, committed 32576K, reserved 1114112K
  class space    used 3146K, committed 3392K, reserved 1048576K
}

Dll operation events (10 events):
Event: 0.006 Loaded shared library c:\Users\Caelus\.vscode\extensions\redhat.java-1.25.1-win32-x64\jre\17.0.9-win32-x86_64\bin\java.dll
Event: 0.108 Loaded shared library c:\Users\Caelus\.vscode\extensions\redhat.java-1.25.1-win32-x64\jre\17.0.9-win32-x86_64\bin\zip.dll
Event: 0.110 Loaded shared library C:\Users\Caelus\.vscode\extensions\redhat.java-1.25.1-win32-x64\jre\17.0.9-win32-x86_64\bin\instrument.dll
Event: 0.120 Loaded shared library C:\Users\Caelus\.vscode\extensions\redhat.java-1.25.1-win32-x64\jre\17.0.9-win32-x86_64\bin\net.dll
Event: 0.121 Loaded shared library C:\Users\Caelus\.vscode\extensions\redhat.java-1.25.1-win32-x64\jre\17.0.9-win32-x86_64\bin\nio.dll
Event: 0.127 Loaded shared library C:\Users\Caelus\.vscode\extensions\redhat.java-1.25.1-win32-x64\jre\17.0.9-win32-x86_64\bin\zip.dll
Event: 0.138 Loaded shared library C:\Users\Caelus\.vscode\extensions\redhat.java-1.25.1-win32-x64\jre\17.0.9-win32-x86_64\bin\jimage.dll
Event: 0.182 Loaded shared library c:\Users\Caelus\.vscode\extensions\redhat.java-1.25.1-win32-x64\jre\17.0.9-win32-x86_64\bin\verify.dll
Event: 0.689 Loaded shared library C:\Users\Caelus\AppData\Roaming\Code\User\globalStorage\redhat.java\1.25.1\config_ss_win\org.eclipse.equinox.launcher\org.eclipse.equinox.launcher.win32.win32.x86_64_1.2.800.v20231003-1442\eclipse_11802.dll
Event: 2.073 Loaded shared library C:\Users\Caelus\AppData\Local\Temp\jna-2010851075\jna9514113975913529135.dll

Deoptimization events (20 events):
Event: 2.236 Thread 0x000001cc63549830 Uncommon trap: trap_request=0xffffff45 fr.pc=0x000001cc6de40cb4 relative=0x0000000000000114
Event: 2.236 Thread 0x000001cc63549830 Uncommon trap: reason=unstable_if action=reinterpret pc=0x000001cc6de40cb4 method=jdk.internal.org.objectweb.asm.SymbolTable.put(Ljdk/internal/org/objectweb/asm/SymbolTable$Entry;)Ljdk/internal/org/objectweb/asm/SymbolTable$Entry; @ 13 c2
Event: 2.236 Thread 0x000001cc63549830 DEOPT PACKING pc=0x000001cc6de40cb4 sp=0x0000000f7c4fd6b0
Event: 2.236 Thread 0x000001cc63549830 DEOPT UNPACKING pc=0x000001cc6d6866a3 sp=0x0000000f7c4fd610 mode 2
Event: 2.247 Thread 0x000001cc63549830 Uncommon trap: trap_request=0xffffff45 fr.pc=0x000001cc6ddaddc8 relative=0x0000000000000048
Event: 2.247 Thread 0x000001cc63549830 Uncommon trap: reason=unstable_if action=reinterpret pc=0x000001cc6ddaddc8 method=java.lang.CharacterData.of(I)Ljava/lang/CharacterData; @ 4 c2
Event: 2.247 Thread 0x000001cc63549830 DEOPT PACKING pc=0x000001cc6ddaddc8 sp=0x0000000f7c4fd380
Event: 2.247 Thread 0x000001cc63549830 DEOPT UNPACKING pc=0x000001cc6d6866a3 sp=0x0000000f7c4fd318 mode 2
Event: 2.251 Thread 0x000001cc63549830 Uncommon trap: trap_request=0xffffff45 fr.pc=0x000001cc6dd9ab74 relative=0x0000000000000354
Event: 2.251 Thread 0x000001cc63549830 Uncommon trap: reason=unstable_if action=reinterpret pc=0x000001cc6dd9ab74 method=java.lang.StringLatin1.canEncode(I)Z @ 4 c2
Event: 2.251 Thread 0x000001cc63549830 DEOPT PACKING pc=0x000001cc6dd9ab74 sp=0x0000000f7c4fdbe0
Event: 2.251 Thread 0x000001cc63549830 DEOPT UNPACKING pc=0x000001cc6d6866a3 sp=0x0000000f7c4fdb08 mode 2
Event: 2.251 Thread 0x000001cc63549830 Uncommon trap: trap_request=0xffffff45 fr.pc=0x000001cc6ddc2854 relative=0x0000000000000334
Event: 2.251 Thread 0x000001cc63549830 Uncommon trap: reason=unstable_if action=reinterpret pc=0x000001cc6ddc2854 method=java.lang.AbstractStringBuilder.isLatin1()Z @ 10 c2
Event: 2.251 Thread 0x000001cc63549830 DEOPT PACKING pc=0x000001cc6ddc2854 sp=0x0000000f7c4fdc00
Event: 2.251 Thread 0x000001cc63549830 DEOPT UNPACKING pc=0x000001cc6d6866a3 sp=0x0000000f7c4fdb80 mode 2
Event: 2.301 Thread 0x000001cc7fb7a8a0 Uncommon trap: trap_request=0xffffff45 fr.pc=0x000001cc6de53dcc relative=0x00000000000001ac
Event: 2.301 Thread 0x000001cc7fb7a8a0 Uncommon trap: reason=unstable_if action=reinterpret pc=0x000001cc6de53dcc method=java.net.URI$Parser.scan(IIJJ)I @ 42 c2
Event: 2.301 Thread 0x000001cc7fb7a8a0 DEOPT PACKING pc=0x000001cc6de53dcc sp=0x0000000f7effded0
Event: 2.301 Thread 0x000001cc7fb7a8a0 DEOPT UNPACKING pc=0x000001cc6d6866a3 sp=0x0000000f7effde50 mode 2

Classes unloaded (7 events):
Event: 1.095 Thread 0x000001cc7c526a00 Unloading class 0x000000010021a000 'java/lang/invoke/LambdaForm$MH+0x000000010021a000'
Event: 1.095 Thread 0x000001cc7c526a00 Unloading class 0x0000000100219c00 'java/lang/invoke/LambdaForm$MH+0x0000000100219c00'
Event: 1.095 Thread 0x000001cc7c526a00 Unloading class 0x0000000100219800 'java/lang/invoke/LambdaForm$MH+0x0000000100219800'
Event: 1.095 Thread 0x000001cc7c526a00 Unloading class 0x0000000100219400 'java/lang/invoke/LambdaForm$MH+0x0000000100219400'
Event: 1.095 Thread 0x000001cc7c526a00 Unloading class 0x0000000100219000 'java/lang/invoke/LambdaForm$BMH+0x0000000100219000'
Event: 1.095 Thread 0x000001cc7c526a00 Unloading class 0x0000000100218c00 'java/lang/invoke/LambdaForm$DMH+0x0000000100218c00'
Event: 1.095 Thread 0x000001cc7c526a00 Unloading class 0x0000000100216000 'java/lang/invoke/LambdaForm$DMH+0x0000000100216000'

Classes redefined (0 events):
No events

Internal exceptions (20 events):
Event: 1.356 Thread 0x000001cc7c6c84f0 Exception <a 'java/lang/ClassNotFoundException'{0x00000000ec346810}: com/sun/org/apache/xerces/internal/impl/msg/spi/XMLMessagesProvider> (0x00000000ec346810) 
thrown [s\src\hotspot\share\classfile\systemDictionary.cpp, line 256]
Event: 1.362 Thread 0x000001cc7c6c84f0 Exception <a 'java/lang/NoSuchMethodError'{0x00000000eab54278}: 'void java.lang.invoke.DirectMethodHandle$Holder.invokeVirtual(java.lang.Object, java.lang.Object)'> (0x00000000eab54278) 
thrown [s\src\hotspot\share\interpreter\linkResolver.cpp, line 759]
Event: 1.869 Thread 0x000001cc7c6c84f0 Exception <a 'java/lang/NoSuchMethodError'{0x00000000ead40238}: 'java.lang.Object java.lang.invoke.DirectMethodHandle$Holder.invokeStaticInit(java.lang.Object, int, int, int, int)'> (0x00000000ead40238) 
thrown [s\src\hotspot\share\interpreter\linkResolver.cpp, line 759]
Event: 1.899 Thread 0x000001cc7c6c84f0 Exception <a 'java/lang/NoSuchMethodError'{0x00000000eae78f00}: 'java.lang.Object java.lang.invoke.DirectMethodHandle$Holder.invokeStaticInit(java.lang.Object, java.lang.Object, int, int, int, int)'> (0x00000000eae78f00) 
thrown [s\src\hotspot\share\interpreter\linkResolver.cpp, line 759]
Event: 1.912 Thread 0x000001cc7c6c84f0 Exception <a 'sun/nio/fs/WindowsException'{0x00000000eb011c90}> (0x00000000eb011c90) 
thrown [s\src\hotspot\share\prims\jni.cpp, line 516]
Event: 1.955 Thread 0x000001cc7c6c84f0 Exception <a 'java/lang/ClassNotFoundException'{0x00000000eb79b9a8}: com/sun/org/apache/xml/internal/serializer/spi/XMLEntitiesProvider> (0x00000000eb79b9a8) 
thrown [s\src\hotspot\share\classfile\systemDictionary.cpp, line 256]
Event: 2.013 Thread 0x000001cc7c6c84f0 Exception <a 'java/io/FileNotFoundException'{0x00000000ebc93088}> (0x00000000ebc93088) 
thrown [s\src\hotspot\share\prims\jni.cpp, line 516]
Event: 2.090 Thread 0x000001cc7c6c84f0 Exception <a 'java/lang/UnsatisfiedLinkError'{0x00000000ec00a490}: The specified procedure could not be found.
> (0x00000000ec00a490) 
thrown [s\src\hotspot\share\prims\jni.cpp, line 535]
Event: 2.093 Thread 0x000001cc7c6c84f0 Exception <a 'java/io/FileNotFoundException'{0x00000000ec02d400}> (0x00000000ec02d400) 
thrown [s\src\hotspot\share\prims\jni.cpp, line 516]
Event: 2.105 Thread 0x000001cc7c6c84f0 Exception <a 'java/lang/UnsatisfiedLinkError'{0x00000000ec142048}: The specified procedure could not be found.
> (0x00000000ec142048) 
thrown [s\src\hotspot\share\prims\jni.cpp, line 535]
Event: 2.128 Thread 0x000001cc63549830 Exception <a 'java/lang/NoSuchMethodError'{0x00000000eab09988}: 'java.lang.Object java.lang.invoke.DirectMethodHandle$Holder.invokeStatic(java.lang.Object, java.lang.Object, long, java.lang.Object)'> (0x00000000eab09988) 
thrown [s\src\hotspot\share\interpreter\linkResolver.cpp, line 759]
Event: 2.128 Thread 0x000001cc63549830 Exception <a 'java/lang/NoSuchMethodError'{0x00000000eab0d420}: 'java.lang.Object java.lang.invoke.DirectMethodHandle$Holder.invokeStaticInit(java.lang.Object, java.lang.Object, long, java.lang.Object)'> (0x00000000eab0d420) 
thrown [s\src\hotspot\share\interpreter\linkResolver.cpp, line 759]
Event: 2.129 Thread 0x000001cc63549830 Exception <a 'java/lang/NoSuchMethodError'{0x00000000eab13a30}: 'java.lang.Object java.lang.invoke.DirectMethodHandle$Holder.newInvokeSpecial(java.lang.Object, java.lang.Object, long)'> (0x00000000eab13a30) 
thrown [s\src\hotspot\share\interpreter\linkResolver.cpp, line 759]
Event: 2.165 Thread 0x000001cc63549830 Exception <a 'java/lang/NoSuchMethodError'{0x00000000eacc9198}: 'void java.lang.invoke.DirectMethodHandle$Holder.invokeStatic(java.lang.Object, java.lang.Object, java.lang.Object, java.lang.Object)'> (0x00000000eacc9198) 
thrown [s\src\hotspot\share\interpreter\linkResolver.cpp, line 759]
Event: 2.229 Thread 0x000001cc63549830 Exception <a 'java/lang/NoSuchMethodError'{0x00000000eb4e2690}: 'void java.lang.invoke.DirectMethodHandle$Holder.invokeSpecial(java.lang.Object, java.lang.Object, java.lang.Object, java.lang.Object, java.lang.Object, java.lang.Object)'> (0x00000000eb4e2690) 
thrown [s\src\hotspot\share\interpreter\linkResolver.cpp, line 759]
Event: 2.231 Thread 0x000001cc63549830 Exception <a 'java/lang/IncompatibleClassChangeError'{0x00000000eb4ec4b8}: Found class java.lang.Object, but interface was expected> (0x00000000eb4ec4b8) 
thrown [s\src\hotspot\share\interpreter\linkResolver.cpp, line 826]
Event: 2.303 Thread 0x000001cc7fb7a8a0 Exception <a 'java/io/FileNotFoundException'{0x00000000ebacd0b0}> (0x00000000ebacd0b0) 
thrown [s\src\hotspot\share\prims\jni.cpp, line 516]
Event: 2.319 Thread 0x000001cc7fb7a8a0 Exception <a 'sun/nio/fs/WindowsException'{0x00000000ebc7c258}> (0x00000000ebc7c258) 
thrown [s\src\hotspot\share\prims\jni.cpp, line 516]
Event: 2.321 Thread 0x000001cc7c6c8a00 Exception <a 'java/io/FileNotFoundException'{0x00000000ebca4ca0}> (0x00000000ebca4ca0) 
thrown [s\src\hotspot\share\prims\jni.cpp, line 516]
Event: 2.321 Thread 0x000001cc7c6c8a00 Exception <a 'java/io/FileNotFoundException'{0x00000000ebca5ca8}> (0x00000000ebca5ca8) 
thrown [s\src\hotspot\share\prims\jni.cpp, line 516]

VM Operations (20 events):
Event: 1.357 Executing VM operation: ParallelGCFailedAllocation
Event: 1.358 Executing VM operation: ParallelGCFailedAllocation done
Event: 1.368 Executing VM operation: HandshakeAllThreads
Event: 1.368 Executing VM operation: HandshakeAllThreads done
Event: 1.916 Executing VM operation: HandshakeAllThreads
Event: 1.916 Executing VM operation: HandshakeAllThreads done
Event: 1.943 Executing VM operation: HandshakeAllThreads
Event: 1.943 Executing VM operation: HandshakeAllThreads done
Event: 1.972 Executing VM operation: HandshakeAllThreads
Event: 1.972 Executing VM operation: HandshakeAllThreads done
Event: 2.081 Executing VM operation: HandshakeAllThreads
Event: 2.081 Executing VM operation: HandshakeAllThreads done
Event: 2.117 Executing VM operation: HandshakeAllThreads
Event: 2.117 Executing VM operation: HandshakeAllThreads done
Event: 2.125 Executing VM operation: ParallelGCFailedAllocation
Event: 2.127 Executing VM operation: ParallelGCFailedAllocation done
Event: 2.248 Executing VM operation: HandshakeAllThreads
Event: 2.248 Executing VM operation: HandshakeAllThreads done
Event: 2.298 Executing VM operation: HandshakeAllThreads
Event: 2.298 Executing VM operation: HandshakeAllThreads done

Events (20 events):
Event: 2.247 loading class java/lang/CharacterData00
Event: 2.248 loading class java/lang/CharacterData00 done
Event: 2.249 loading class java/text/DecimalFormat
Event: 2.250 loading class java/text/DecimalFormat done
Event: 2.250 loading class java/text/DigitList
Event: 2.250 loading class java/text/DigitList done
Event: 2.250 loading class java/math/RoundingMode
Event: 2.250 loading class java/math/RoundingMode done
Event: 2.252 Thread 0x000001cc7fb7c1f0 Thread added: 0x000001cc7fb7c1f0
Event: 2.252 Thread 0x000001cc7fb7a8a0 Thread added: 0x000001cc7fb7a8a0
Event: 2.266 loading class sun/reflect/generics/repository/FieldRepository
Event: 2.266 loading class sun/reflect/generics/repository/FieldRepository done
Event: 2.268 loading class jdk/internal/reflect/UnsafeQualifiedIntegerFieldAccessorImpl
Event: 2.269 loading class jdk/internal/reflect/UnsafeQualifiedIntegerFieldAccessorImpl done
Event: 2.291 loading class java/io/InvalidObjectException
Event: 2.291 loading class java/io/ObjectStreamException
Event: 2.292 loading class java/io/ObjectStreamException done
Event: 2.292 loading class java/io/InvalidObjectException done
Event: 2.312 loading class java/util/ServiceConfigurationError
Event: 2.312 loading class java/util/ServiceConfigurationError done


Dynamic libraries:
0x00007ff6cf3a0000 - 0x00007ff6cf3ae000 	c:\Users\Caelus\.vscode\extensions\redhat.java-1.25.1-win32-x64\jre\17.0.9-win32-x86_64\bin\java.exe
0x00007ffc112f0000 - 0x00007ffc11507000 	C:\WINDOWS\SYSTEM32\ntdll.dll
0x00007ffc0fc80000 - 0x00007ffc0fd44000 	C:\WINDOWS\System32\KERNEL32.DLL
0x00007ffc0e6e0000 - 0x00007ffc0ea86000 	C:\WINDOWS\System32\KERNELBASE.dll
0x00007ffc0eb30000 - 0x00007ffc0ec41000 	C:\WINDOWS\System32\ucrtbase.dll
0x00007ffbf1aa0000 - 0x00007ffbf1abb000 	c:\Users\Caelus\.vscode\extensions\redhat.java-1.25.1-win32-x64\jre\17.0.9-win32-x86_64\bin\VCRUNTIME140.dll
0x00007ffbf2090000 - 0x00007ffbf20a7000 	c:\Users\Caelus\.vscode\extensions\redhat.java-1.25.1-win32-x64\jre\17.0.9-win32-x86_64\bin\jli.dll
0x00007ffc11080000 - 0x00007ffc1122e000 	C:\WINDOWS\System32\USER32.dll
0x00007ffbffec0000 - 0x00007ffc00153000 	C:\WINDOWS\WinSxS\amd64_microsoft.windows.common-controls_6595b64144ccf1df_6.0.22621.2506_none_270c5ae97388e100\COMCTL32.dll
0x00007ffc0ed10000 - 0x00007ffc0ed36000 	C:\WINDOWS\System32\win32u.dll
0x00007ffc0f2f0000 - 0x00007ffc0f397000 	C:\WINDOWS\System32\msvcrt.dll
0x00007ffc0f040000 - 0x00007ffc0f069000 	C:\WINDOWS\System32\GDI32.dll
0x00007ffc0eeb0000 - 0x00007ffc0efc8000 	C:\WINDOWS\System32\gdi32full.dll
0x00007ffc0ea90000 - 0x00007ffc0eb2a000 	C:\WINDOWS\System32\msvcp_win.dll
0x00007ffc0f3a0000 - 0x00007ffc0f3d1000 	C:\WINDOWS\System32\IMM32.DLL
0x00007ffbfb580000 - 0x00007ffbfb58c000 	c:\Users\Caelus\.vscode\extensions\redhat.java-1.25.1-win32-x64\jre\17.0.9-win32-x86_64\bin\vcruntime140_1.dll
0x00007ffbcbd50000 - 0x00007ffbcbddd000 	c:\Users\Caelus\.vscode\extensions\redhat.java-1.25.1-win32-x64\jre\17.0.9-win32-x86_64\bin\msvcp140.dll
0x00007ffbb0dc0000 - 0x00007ffbb1a21000 	c:\Users\Caelus\.vscode\extensions\redhat.java-1.25.1-win32-x64\jre\17.0.9-win32-x86_64\bin\server\jvm.dll
0x00007ffc0f0e0000 - 0x00007ffc0f191000 	C:\WINDOWS\System32\ADVAPI32.dll
0x00007ffc0fd50000 - 0x00007ffc0fdf5000 	C:\WINDOWS\System32\sechost.dll
0x00007ffc0fe00000 - 0x00007ffc0ff17000 	C:\WINDOWS\System32\RPCRT4.dll
0x00007ffc0d4b0000 - 0x00007ffc0d4fd000 	C:\WINDOWS\SYSTEM32\POWRPROF.dll
0x00007ffbe6590000 - 0x00007ffbe6599000 	C:\WINDOWS\SYSTEM32\WSOCK32.dll
0x00007ffc05c60000 - 0x00007ffc05c94000 	C:\WINDOWS\SYSTEM32\WINMM.dll
0x00007ffc0f800000 - 0x00007ffc0f871000 	C:\WINDOWS\System32\WS2_32.dll
0x00007ffc03b10000 - 0x00007ffc03b1a000 	C:\WINDOWS\SYSTEM32\VERSION.dll
0x00007ffc0d490000 - 0x00007ffc0d4a3000 	C:\WINDOWS\SYSTEM32\UMPDC.dll
0x00007ffc0d750000 - 0x00007ffc0d768000 	C:\WINDOWS\SYSTEM32\kernel.appcore.dll
0x00007ffbf21a0000 - 0x00007ffbf21aa000 	c:\Users\Caelus\.vscode\extensions\redhat.java-1.25.1-win32-x64\jre\17.0.9-win32-x86_64\bin\jimage.dll
0x00007ffc0be80000 - 0x00007ffc0c0b3000 	C:\WINDOWS\SYSTEM32\DBGHELP.DLL
0x00007ffc0f880000 - 0x00007ffc0fc09000 	C:\WINDOWS\System32\combase.dll
0x00007ffc109b0000 - 0x00007ffc10a87000 	C:\WINDOWS\System32\OLEAUT32.dll
0x00007ffc026b0000 - 0x00007ffc026e2000 	C:\WINDOWS\SYSTEM32\dbgcore.DLL
0x00007ffc0e660000 - 0x00007ffc0e6da000 	C:\WINDOWS\System32\bcryptPrimitives.dll
0x00007ffbf2040000 - 0x00007ffbf204e000 	c:\Users\Caelus\.vscode\extensions\redhat.java-1.25.1-win32-x64\jre\17.0.9-win32-x86_64\bin\instrument.dll
0x00007ffbeed70000 - 0x00007ffbeed95000 	c:\Users\Caelus\.vscode\extensions\redhat.java-1.25.1-win32-x64\jre\17.0.9-win32-x86_64\bin\java.dll
0x00007ffbf1a80000 - 0x00007ffbf1a98000 	c:\Users\Caelus\.vscode\extensions\redhat.java-1.25.1-win32-x64\jre\17.0.9-win32-x86_64\bin\zip.dll
0x00007ffc0ff30000 - 0x00007ffc1078a000 	C:\WINDOWS\System32\SHELL32.dll
0x00007ffc0c590000 - 0x00007ffc0ce86000 	C:\WINDOWS\SYSTEM32\windows.storage.dll
0x00007ffc0c450000 - 0x00007ffc0c58e000 	C:\WINDOWS\SYSTEM32\wintypes.dll
0x00007ffc0f700000 - 0x00007ffc0f7f3000 	C:\WINDOWS\System32\SHCORE.dll
0x00007ffc0fc10000 - 0x00007ffc0fc6e000 	C:\WINDOWS\System32\shlwapi.dll
0x00007ffc0e590000 - 0x00007ffc0e5b6000 	C:\WINDOWS\SYSTEM32\profapi.dll
0x00007ffbeacd0000 - 0x00007ffbeace9000 	C:\Users\Caelus\.vscode\extensions\redhat.java-1.25.1-win32-x64\jre\17.0.9-win32-x86_64\bin\net.dll
0x00007ffc07a60000 - 0x00007ffc07b97000 	C:\WINDOWS\SYSTEM32\WINHTTP.dll
0x00007ffc0dbd0000 - 0x00007ffc0dc39000 	C:\WINDOWS\system32\mswsock.dll
0x00007ffbeac80000 - 0x00007ffbeac96000 	C:\Users\Caelus\.vscode\extensions\redhat.java-1.25.1-win32-x64\jre\17.0.9-win32-x86_64\bin\nio.dll
0x00007ffbf1f70000 - 0x00007ffbf1f80000 	c:\Users\Caelus\.vscode\extensions\redhat.java-1.25.1-win32-x64\jre\17.0.9-win32-x86_64\bin\verify.dll
0x00007ffbfe300000 - 0x00007ffbfe33e000 	C:\Users\Caelus\AppData\Roaming\Code\User\globalStorage\redhat.java\1.25.1\config_ss_win\org.eclipse.equinox.launcher\org.eclipse.equinox.launcher.win32.win32.x86_64_1.2.800.v20231003-1442\eclipse_11802.dll
0x00007ffc0f510000 - 0x00007ffc0f6b0000 	C:\WINDOWS\System32\ole32.dll
0x00007ffc0de30000 - 0x00007ffc0de4b000 	C:\WINDOWS\SYSTEM32\CRYPTSP.dll
0x00007ffc0d6b0000 - 0x00007ffc0d6e5000 	C:\WINDOWS\system32\rsaenh.dll
0x00007ffc0dcc0000 - 0x00007ffc0dcec000 	C:\WINDOWS\SYSTEM32\USERENV.dll
0x00007ffc0dff0000 - 0x00007ffc0e018000 	C:\WINDOWS\SYSTEM32\bcrypt.dll
0x00007ffc0de20000 - 0x00007ffc0de2c000 	C:\WINDOWS\SYSTEM32\CRYPTBASE.dll
0x00007ffc0d160000 - 0x00007ffc0d18d000 	C:\WINDOWS\SYSTEM32\IPHLPAPI.DLL
0x00007ffc10bd0000 - 0x00007ffc10bd9000 	C:\WINDOWS\System32\NSI.dll
0x00007ffc079a0000 - 0x00007ffc079b9000 	C:\WINDOWS\SYSTEM32\dhcpcsvc6.DLL
0x00007ffc07980000 - 0x00007ffc0799f000 	C:\WINDOWS\SYSTEM32\dhcpcsvc.DLL
0x00007ffc0d1d0000 - 0x00007ffc0d2c9000 	C:\WINDOWS\SYSTEM32\DNSAPI.dll
0x00007ffbf1a30000 - 0x00007ffbf1a75000 	C:\Users\Caelus\AppData\Local\Temp\jna-2010851075\jna9514113975913529135.dll
0x00007ffc0ff20000 - 0x00007ffc0ff28000 	C:\WINDOWS\System32\PSAPI.DLL

dbghelp: loaded successfully - version: 4.0.5 - missing functions: none
symbol engine: initialized successfully - sym options: 0x614 - pdb path: .;c:\Users\Caelus\.vscode\extensions\redhat.java-1.25.1-win32-x64\jre\17.0.9-win32-x86_64\bin;C:\WINDOWS\SYSTEM32;C:\WINDOWS\WinSxS\amd64_microsoft.windows.common-controls_6595b64144ccf1df_6.0.22621.2506_none_270c5ae97388e100;c:\Users\Caelus\.vscode\extensions\redhat.java-1.25.1-win32-x64\jre\17.0.9-win32-x86_64\bin\server;C:\Users\Caelus\AppData\Roaming\Code\User\globalStorage\redhat.java\1.25.1\config_ss_win\org.eclipse.equinox.launcher\org.eclipse.equinox.launcher.win32.win32.x86_64_1.2.800.v20231003-1442;C:\Users\Caelus\AppData\Local\Temp\jna-2010851075

VM Arguments:
jvm_args: --add-modules=ALL-SYSTEM --add-opens=java.base/java.util=ALL-UNNAMED --add-opens=java.base/java.lang=ALL-UNNAMED --add-opens=java.base/sun.nio.fs=ALL-UNNAMED -Declipse.application=org.eclipse.jdt.ls.core.id1 -Dosgi.bundles.defaultStartLevel=4 -Declipse.product=org.eclipse.jdt.ls.core.product -Djava.import.generatesMetadataFilesAtProjectRoot=false -DDetectVMInstallationsJob.disabled=true -Dfile.encoding=utf8 -XX:+UseParallelGC -XX:GCTimeRatio=4 -XX:AdaptiveSizePolicyWeight=90 -Dsun.zip.disableMemoryMapping=true -Xmx1G -Xms100m -Xlog:disable -javaagent:c:\Users\Caelus\.vscode\extensions\redhat.java-1.25.1-win32-x64\lombok\lombok-1.18.30.jar 
java_command: c:\Users\Caelus\.vscode\extensions\redhat.java-1.25.1-win32-x64\server\plugins\org.eclipse.equinox.launcher_1.6.600.v20231106-1826.jar -configuration c:\Users\Caelus\AppData\Roaming\Code\User\globalStorage\redhat.java\1.25.1\config_ss_win -data c:\Users\Caelus\AppData\Roaming\Code\User\workspaceStorage\e4dd59b8ace720ec1d68240b8080ed6d\redhat.java\ss_ws --stdio
java_class_path (initial): c:\Users\Caelus\.vscode\extensions\redhat.java-1.25.1-win32-x64\server\plugins\org.eclipse.equinox.launcher_1.6.600.v20231106-1826.jar
Launcher Type: SUN_STANDARD

[Global flags]
    uintx AdaptiveSizePolicyWeight                 = 90                                        {product} {command line}
     intx CICompilerCount                          = 12                                        {product} {ergonomic}
    uintx GCTimeRatio                              = 4                                         {product} {command line}
   size_t InitialHeapSize                          = 104857600                                 {product} {command line}
   size_t MaxHeapSize                              = 1073741824                                {product} {command line}
   size_t MaxNewSize                               = 357564416                                 {product} {ergonomic}
   size_t MinHeapDeltaBytes                        = 524288                                    {product} {ergonomic}
   size_t MinHeapSize                              = 104857600                                 {product} {command line}
   size_t NewSize                                  = 34603008                                  {product} {ergonomic}
    uintx NonNMethodCodeHeapSize                   = 7602480                                {pd product} {ergonomic}
    uintx NonProfiledCodeHeapSize                  = 122027880                              {pd product} {ergonomic}
   size_t OldSize                                  = 70254592                                  {product} {ergonomic}
    uintx ProfiledCodeHeapSize                     = 122027880                              {pd product} {ergonomic}
    uintx ReservedCodeCacheSize                    = 251658240                              {pd product} {ergonomic}
     bool SegmentedCodeCache                       = true                                      {product} {ergonomic}
   size_t SoftMaxHeapSize                          = 1073741824                             {manageable} {ergonomic}
     bool UseCompressedClassPointers               = true                           {product lp64_product} {ergonomic}
     bool UseCompressedOops                        = true                           {product lp64_product} {ergonomic}
     bool UseLargePagesIndividualAllocation        = false                                  {pd product} {ergonomic}
     bool UseParallelGC                            = true                                      {product} {command line}

Logging:
Log output configuration:
 #0: stdout all=off uptime,level,tags
 #1: stderr all=off uptime,level,tags

Environment Variables:
JAVA_HOME=C:\Program Files\Java\jdk-17
PATH=C:\Program Files\Common Files\Oracle\Java\javapath;C:\Program Files\Eclipse Adoptium\jdk-11.0.20.101-hotspot\bin;C:\Python312\Scripts\;C:\Python312\;C:\WINDOWS\system32;C:\WINDOWS;C:\WINDOWS\System32\Wbem;C:\WINDOWS\System32\WindowsPowerShell\v1.0\;C:\WINDOWS\System32\OpenSSH\;C:\Program Files (x86)\NVIDIA Corporation\PhysX\Common;C:\Program Files\NVIDIA Corporation\NVIDIA NvDLISR;C:\ProgramData\chocolatey\bin;C:\Program Files\Git\cmd;C:\Program Files\nodejs\;C:\Program Files\dotnet\;C:\Program Files\Java\jdk-17\bin;C:\Users\Caelus\AppData\Local\Microsoft\WindowsApps;C:\Users\Caelus\AppData\Roaming\npm;C:\Users\Caelus\AppData\Local\Programs\Microsoft VS Code\bin;C:\Users\Caelus\AppData\Local\Android\Sdk\platform-tools;
USERNAME=Caelus
OS=Windows_NT
PROCESSOR_IDENTIFIER=AMD64 Family 25 Model 80 Stepping 0, AuthenticAMD
TMP=C:\Users\Caelus\AppData\Local\Temp
TEMP=C:\Users\Caelus\AppData\Local\Temp



Periodic native trim disabled


---------------  S Y S T E M  ---------------

OS:
 Windows 11 , 64 bit Build 22621 (10.0.22621.2506)
OS uptime: 1 days 5:53 hours

CPU: total 16 (initial active 16) (16 cores per cpu, 2 threads per core) family 25 model 80 stepping 0 microcode 0x0, cx8, cmov, fxsr, ht, mmx, 3dnowpref, sse, sse2, sse3, ssse3, sse4a, sse4.1, sse4.2, popcnt, lzcnt, tsc, tscinvbit, avx, avx2, aes, erms, clmul, bmi1, bmi2, adx, sha, fma, vzeroupper, clflush, clflushopt
Processor Information for all 16 processors :
  Max Mhz: 3801, Current Mhz: 3801, Mhz Limit: 3801

Memory: 4k page, system-wide physical 16171M (5942M free)
TotalPageFile size 65323M (AvailPageFile size 2M)
current process WorkingSet (physical memory assigned to process): 156M, peak: 156M
current process commit charge ("private bytes"): 275M, peak: 278M

vm_info: OpenJDK 64-Bit Server VM (17.0.9+9) for windows-amd64 JRE (17.0.9+9), built on Oct 26 2023 14:01:42 by "admin" with MS VC++ 16.10 / 16.11 (VS2019)

END.
